!==============================================================================!
!             PostProcessing of the SKETCH-N   Results                         !
!              Version 1.0 (c) Slava 2000 e-mail: na.vzimin@na-net.ornl.gov    !
!==============================================================================!

 Input  SKETCH   *.grf File : Output/SKETCH.grf
 Input  PostProc *.dat File : Input/PP_PWR_A1_KIN_D.dat
 Output PostProc *.dat File : Output/PostProc.lst
!==============================================================================!
!                                   SKETCH-N                                   !
!  Nodal Neutron Diffusion Code for Solving Steady-State and Kinetics Problems !
!              Version 1.0 (c) Slava 2000 e-mail: na.vzimin@na-net.ornl.gov    !
!      Date & Time of Calculation :  4 April    2025   4:13:47 pm              !
!==============================================================================!
!------------------------------------------------------------------------------!
!   3D NEACRP PWR Rod Ejection Benchmark, case A1                              !
!      (c) Slava March 1998 JAERI                                              !
!                                                                              !
!------------------------------------------------------------------------------!

Data Available in File_GRF :

  Steady-State Data :

     Scalar Data :

     Vector Data :

     Distributions :

  Transient Data :

     Scalar Data :
       1- Total Reactor Power, [MWt]
       2- Reactivity, [$]
       3- Time Step Size of the SKETCH code, [s]
       4- Time Step Size proposed by the TRAC code, [s]
       5- Computed pressure error (SKAZKA module)
       6- Computed enthalpy error (SKAZKA module)
       7- k_{eff}
       8- Axial Power Offset (p_down - p_up)*100./(p_up+p_down)
       9- Axial Power Offset I-135 (p_down - p_up)*100./(p_up+p_down)
      10- Axial Power Offset Xe-135 (p_down - p_up)*100./(p_up+p_down)
      11- Average Reactor Pressure, Pa

     Vector Data :
       1- Control Rod Positions, [cm]; Dimension =      15

     Distributions :
       1- POWER, [Wt/cm^3]
       2- BORON CONCENTRATION, [ppm]
       3- COOLANT TEMPERATURE, [C]
       4- COOLANT DENSITY, [g/cm^3]
       5- DOPPLER FUEL TEMPERATURE, [K]
       6- FUEL CENTERLINE TEMPERATURE, [K]
       7- CLADDING INNER SURFACE TEMPERATURE, [K]
       8- FUEL ENTHALPY, [J/Kg]
       9- Neutron Flux, group   1
      10- Neutron Flux, group   2

Reactor Core Includes Regions with Pure Absorber

Number of the Output Values vs Time =   0
Number of the Output Data in the Time Moment =   4
MD  1 0.00000E+00
MD  5 0.10000E-02
MD  6 0.10000E-02
MD  7 0.00000E+00
Number of the Steady-State Output Data =   0

Number of Time Steps in File_GRF :  287

Output in the Time Moments :
           0.00000E+00 0.10000E-01 0.15875E-01 0.21746E-01 0.24512E-01
           0.27223E-01 0.31841E-01 0.35838E-01 0.40392E-01 0.44138E-01
           0.47921E-01 0.51468E-01 0.54968E-01 0.58314E-01 0.61500E-01
           0.64464E-01 0.67434E-01 0.69991E-01 0.72590E-01 0.75290E-01
           0.77669E-01 0.80135E-01 0.82683E-01 0.85216E-01 0.87748E-01
           0.90295E-01 0.92936E-01 0.95878E-01 0.98927E-01 0.10223E+00
           0.10571E+00 0.10924E+00 0.11282E+00 0.11644E+00 0.12010E+00
           0.12378E+00 0.12748E+00 0.13125E+00 0.13504E+00 0.13885E+00
           0.14269E+00 0.14651E+00 0.15035E+00 0.15420E+00 0.15807E+00
           0.16197E+00 0.16587E+00 0.16977E+00 0.17367E+00 0.17757E+00
           0.18148E+00 0.18542E+00 0.18936E+00 0.19328E+00 0.19720E+00
           0.20114E+00 0.20508E+00 0.20901E+00 0.21298E+00 0.21692E+00
           0.22087E+00 0.22480E+00 0.22876E+00 0.23271E+00 0.23665E+00
           0.24059E+00 0.24454E+00 0.24849E+00 0.25242E+00 0.25637E+00
           0.26031E+00 0.26426E+00 0.26821E+00 0.27217E+00 0.27612E+00
           0.28008E+00 0.28403E+00 0.28797E+00 0.29193E+00 0.29588E+00
           0.29985E+00 0.30380E+00 0.30778E+00 0.31171E+00 0.31567E+00
           0.31965E+00 0.32362E+00 0.32757E+00 0.33152E+00 0.33546E+00
           0.33943E+00 0.34341E+00 0.34737E+00 0.35134E+00 0.35530E+00
           0.35928E+00 0.36325E+00 0.36722E+00 0.37119E+00 0.37518E+00
           0.37917E+00 0.38316E+00 0.38716E+00 0.39116E+00 0.39517E+00
           0.39916E+00 0.40318E+00 0.40721E+00 0.41125E+00 0.41529E+00
           0.41932E+00 0.42339E+00 0.42746E+00 0.43156E+00 0.43567E+00
           0.43978E+00 0.44395E+00 0.44811E+00 0.45230E+00 0.45649E+00
           0.46075E+00 0.46502E+00 0.46937E+00 0.47370E+00 0.47811E+00
           0.48254E+00 0.48702E+00 0.49156E+00 0.49616E+00 0.50085E+00
           0.50556E+00 0.51035E+00 0.51515E+00 0.52000E+00 0.52489E+00
           0.52979E+00 0.53471E+00 0.53963E+00 0.54454E+00 0.54941E+00
           0.55503E+00 0.55990E+00 0.56466E+00 0.56935E+00 0.57400E+00
           0.57857E+00 0.58308E+00 0.58753E+00 0.59194E+00 0.59633E+00
           0.60068E+00 0.60504E+00 0.60940E+00 0.61375E+00 0.61809E+00
           0.62248E+00 0.62689E+00 0.63130E+00 0.63574E+00 0.64023E+00
           0.64478E+00 0.64936E+00 0.65404E+00 0.65876E+00 0.66355E+00
           0.66841E+00 0.67336E+00 0.67838E+00 0.68348E+00 0.68866E+00
           0.69393E+00 0.69926E+00 0.70470E+00 0.71023E+00 0.71584E+00
           0.72154E+00 0.72729E+00 0.73311E+00 0.73903E+00 0.74501E+00
           0.75110E+00 0.75727E+00 0.76350E+00 0.76983E+00 0.77623E+00
           0.78274E+00 0.78936E+00 0.79607E+00 0.80287E+00 0.80976E+00
           0.81677E+00 0.82388E+00 0.83111E+00 0.83847E+00 0.84593E+00
           0.85351E+00 0.86128E+00 0.86922E+00 0.87730E+00 0.88555E+00
           0.89396E+00 0.90257E+00 0.91136E+00 0.92039E+00 0.92968E+00
           0.93913E+00 0.94884E+00 0.95880E+00 0.96908E+00 0.97963E+00
           0.99056E+00 0.10019E+01 0.10135E+01 0.10257E+01 0.10383E+01
           0.10514E+01 0.10649E+01 0.10791E+01 0.10937E+01 0.11091E+01
           0.11251E+01 0.11419E+01 0.11594E+01 0.11780E+01 0.11975E+01
           0.12181E+01 0.12396E+01 0.12624E+01 0.12863E+01 0.13116E+01
           0.13381E+01 0.13657E+01 0.13945E+01 0.14246E+01 0.14556E+01
           0.14876E+01 0.15207E+01 0.15552E+01 0.15903E+01 0.16266E+01
           0.16637E+01 0.17020E+01 0.17408E+01 0.17805E+01 0.18213E+01
           0.18631E+01 0.19014E+01 0.19427E+01 0.19829E+01 0.20221E+01
           0.20618E+01 0.21032E+01 0.21464E+01 0.21925E+01 0.22444E+01
           0.22985E+01 0.23548E+01 0.24149E+01 0.24795E+01 0.25495E+01
           0.26176E+01 0.26920E+01 0.27642E+01 0.28440E+01 0.29269E+01
           0.30133E+01 0.31036E+01 0.31939E+01 0.32842E+01 0.33745E+01
           0.34701E+01 0.35658E+01 0.36614E+01 0.37570E+01 0.38526E+01
           0.39482E+01 0.40438E+01 0.41395E+01 0.42351E+01 0.43307E+01
           0.44263E+01 0.45219E+01 0.46175E+01 0.47132E+01 0.48088E+01
           0.49044E+01 0.50000E+01
