
    0.000    0.001    0.000    0.005  559.150  559.152    5    1    7
    0.010    0.001    0.010    0.007  559.153  559.152    5    1    7
    0.016    0.001    0.035    0.003  559.153  559.152    5    1    7
    0.022    0.001    0.077    0.003  559.153  559.152    5    1    7
    0.025    0.001    0.110    0.001  559.153  559.152    5    1    7
    0.027    0.001    0.142    0.002  559.153  559.152    5    1    7
    0.032    0.001    0.212    0.002  559.153  559.152    5    1    7
    0.036    0.001    0.281    0.002  559.153  559.152    5    1    7
    0.040    0.001    0.370    0.002  559.153  559.152    5    1    7
    0.044    0.001    0.446    0.002  559.153  559.152    2    1    9
    0.048    0.001    0.522    0.002  559.153  559.152    2    1    9
    0.051    0.001    0.594    0.002  559.153  559.152    2    1    9
    0.055    0.002    0.658    0.002  559.153  559.152    2    1    9
    0.058    0.002    0.719    0.002  559.153  559.152    2    1    9
    0.061    0.002    0.768    0.001  559.153  559.152    2    1    9
    0.064    0.002    0.810    0.001  559.153  559.151    2    1    9
    0.067    0.003    0.852    0.001  559.149  559.151    2    1    9
    0.070    0.003    0.881    0.001  559.149  559.151    2    1    9
    0.073    0.003    0.909    0.001  559.151  559.151    2    1    9
    0.075    0.004    0.937    0.001  559.149  559.151    2    1    9
    0.078    0.004    0.956    0.001  559.149  559.151    2    1    9
    0.080    0.005    0.974    0.001  559.149  559.151    2    1    9
    0.083    0.005    0.992    0.001  559.149  559.151    2    1    9
    0.085    0.006    1.004    0.001  559.149  559.151    2    1    9
    0.088    0.007    1.015    0.001  559.149  559.151    2    1    9
    0.090    0.008    1.026    0.001  559.149  559.151    2    1    9
    0.093    0.009    1.033    0.001  559.149  559.151    2    1    9
    0.096    0.010    1.038    0.002  559.149  559.151    2    1    9
    0.099    0.011    1.041    0.002  559.149  559.151    2    1    9
    0.102    0.013    1.043    0.002  559.149  559.151    2    1    9
    0.106    0.015    1.045    0.002  559.149  559.151    2    1    9
    0.109    0.017    1.047    0.002  559.149  559.151    2    1    9
    0.113    0.019    1.048    0.002  559.149  559.151    2    1    9
    0.116    0.021    1.050    0.002  559.149  559.151    2    1    9
    0.120    0.024    1.051    0.002  559.152  559.151    2    1    9
    0.124    0.027    1.052    0.002  559.152  559.151    2    1    9
    0.127    0.031    1.052    0.002  559.152  559.151    2    1    9
    0.131    0.035    1.053    0.002  559.151  559.151    2    1    9
    0.135    0.039    1.054    0.002  559.149  559.151    2    1    9
    0.139    0.044    1.054    0.002  559.149  559.151    2    1    9
    0.143    0.050    1.055    0.002  559.149  559.152    2    1    9
    0.147    0.056    1.055    0.002  559.149  559.152    2    1    9
    0.150    0.063    1.056    0.002  559.152  559.152    2    1    9
    0.154    0.070    1.056    0.002  559.149  559.152    2    1    9
    0.158    0.079    1.056    0.002  559.149  559.152    2    1    9
    0.162    0.088    1.056    0.002  559.149  559.153    2    1    9
    0.166    0.099    1.057    0.002  559.150  559.153    2    1    9
    0.170    0.110    1.057    0.002  559.150  559.153    2    1    9
    0.174    0.124    1.057    0.002  559.150  559.154    2    1    9
    0.178    0.138    1.057    0.002  559.151  559.154    2    1    9
    0.181    0.155    1.057    0.002  559.151  559.155    2    1    9
    0.185    0.173    1.057    0.002  559.152  559.155    1    1    9
    0.189    0.194    1.058    0.002  559.152  559.156    1    1    9
    0.193    0.217    1.058    0.002  559.153  559.157    1    1    9
    0.197    0.242    1.058    0.002  559.153  559.157    1    1    9
    0.201    0.271    1.058    0.002  559.153  559.158    1    1    9
    0.205    0.302    1.058    0.002  559.153  559.159    1    1    9
    0.209    0.338    1.058    0.002  559.154  559.161    1    1    9
    0.213    0.378    1.058    0.002  559.154  559.162    1    1    9
    0.217    0.422    1.058    0.002  559.154  559.164    1    1    9
    0.221    0.472    1.058    0.002  559.154  559.165    1    1    9
    0.225    0.527    1.058    0.002  559.154  559.167    1    1    9
    0.229    0.589    1.058    0.002  559.155  559.169    1    1    9
    0.233    0.658    1.058    0.002  559.155  559.172    1    1    9
    0.237    0.735    1.058    0.002  559.155  559.174    1    1    9
    0.241    0.821    1.058    0.002  559.156  559.177    1    1    9
    0.245    0.917    1.058    0.002  559.156  559.180    1    1    9
    0.248    1.024    1.058    0.002  559.157  559.184    1    1    9
    0.252    1.144    1.058    0.002  559.157  559.188    1    1    9
    0.256    1.277    1.058    0.002  559.158  559.192    1    1    9
    0.260    1.426    1.058    0.002  559.158  559.197    1    1    9
    0.264    1.593    1.058    0.002  559.159  559.203    1    1    9
    0.268    1.779    1.058    0.002  559.160  559.210    1    1    9
    0.272    1.987    1.058    0.002  559.161  559.217    1    1    9
    0.276    2.219    1.058    0.002  559.162  559.225    1    1    9
    0.280    2.479    1.058    0.002  559.163  559.233    1    1    9
    0.284    2.768    1.058    0.002  559.164  559.243    1    1    9
    0.288    3.090    1.058    0.002  559.166  559.254    1    1    9
    0.292    3.452    1.058    0.002  559.168  559.266    1    1    9
    0.296    3.854    1.058    0.002  559.170  559.280    1    1    9
    0.300    4.305    1.058    0.002  559.172  559.296    1    1    9
    0.304    4.808    1.058    0.002  559.175  559.313    1    1    9
    0.308    5.372    1.058    0.002  559.177  559.332    1    1    9
    0.312    5.994    1.058    0.002  559.181  559.353    1    1    9
    0.316    6.692    1.058    0.002  559.184  559.377    1    1    9
    0.320    7.478    1.058    0.002  559.189  559.404    1    1    9
    0.324    8.352    1.058    0.002  559.193  559.434    1    1    9
    0.328    9.323    1.058    0.002  559.198  559.467    1    1    9
    0.332   10.404    1.058    0.002  559.204  559.504    1    1    9
    0.335   11.608    1.058    0.002  559.210  559.545    1    1    9
    0.339   12.962    1.058    0.002  559.217  559.591    1    1    9
    0.343   14.475    1.058    0.002  559.225  559.643    1    1    9
    0.347   16.153    1.058    0.002  559.234  559.701    1    1    9
    0.351   18.026    1.058    0.002  559.244  559.765    1    1    9
    0.355   20.115    1.057    0.002  559.255  559.837    1    1    9
    0.359   22.451    1.057    0.002  559.267  559.917    1    1    9
    0.363   25.042    1.057    0.002  559.281  560.007    1    1    9
    0.367   27.938    1.057    0.002  559.296  560.107    1    1    9
    0.371   31.153    1.057    0.002  559.313  560.218    1    1    9
    0.375   34.749    1.057    0.002  559.332  560.343    1    1    9
    0.379   38.759    1.057    0.002  559.353  560.482    1    1    9
    0.383   43.219    1.056    0.002  559.376  560.638    1    1    9
    0.387   48.177    1.056    0.002  559.403  560.811    1    1    9
    0.391   53.695    1.056    0.002  559.432  561.004    1    1    9
    0.395   59.832    1.055    0.002  559.465  561.220    1    1    9
    0.399   66.622    1.055    0.002  559.501  561.459    1    1    9
    0.403   74.181    1.055    0.002  559.542  561.727    1    1    9
    0.407   82.599    1.054    0.002  559.587  562.027    1    1    9
    0.411   91.904    1.054    0.002  559.638  562.360    1    1    9
    0.415  102.203    1.053    0.002  559.695  562.732    1    1    9
    0.419  113.558    1.053    0.002  559.757  563.144    1    1    9
    0.423  126.181    1.052    0.002  559.827  563.606    1    1    9
    0.427  140.048    1.051    0.002  559.905  564.117    1    1    9
    0.432  155.403    1.051    0.002  559.992  564.690    1    1    9
    0.436  172.294    1.050    0.002  560.089  565.326    1    1    9
    0.440  190.784    1.049    0.002  560.196  566.032    1    1    9
    0.444  211.215    1.048    0.002  560.316  566.822    1    1    9
    0.448  233.390    1.046    0.002  560.447  567.694    1    1    9
    0.452  257.581    1.045    0.002  560.594  568.662    1    1    9
    0.456  283.717    1.043    0.002  560.756  569.729    1    1    9
    0.461  312.271    1.042    0.002  560.936  570.922    1    1    9
    0.465  342.936    1.040    0.002  561.135  572.236    1    1    9
    0.469  376.098    1.038    0.002  561.356  573.700    1    1    9
    0.474  411.090    1.036    0.002  561.597  575.297    1    1    9
    0.478  448.444    1.033    0.002  561.864  577.068    1    1    9
    0.483  487.423    1.030    0.002  562.155  578.998    1    1    9
    0.487  528.097    1.027    0.002  562.474  581.115    1    1    9
    0.492  570.039    1.024    0.002  562.820  583.426    1    1    9
    0.496  612.873    1.020    0.002  563.198  585.947    1    1    9
    0.501  656.058    1.016    0.002  563.609  588.695    1    1    9
    0.506  698.134    1.012    0.002  564.047  591.627    1    1    9
    0.510  738.808    1.007    0.002  564.515  594.781    1    1    9
    0.515  776.585    1.003    0.002  565.009  598.108    1    1    9
    0.520  810.650    0.997    0.002  565.525  601.606    1    1    9
    0.525  840.138    0.992    0.002  566.062  605.264    1    1    9
    0.530  864.061    0.986    0.002  566.614  609.036    1    1    9
    0.535  881.805    0.980    0.002  567.175  612.893    1    1    9
    0.540  892.966    0.974    0.002  567.739  616.795    1    1    9
    0.545  897.407    0.968    0.002  568.300  620.710    1    1    9
    0.549  895.699    0.962    0.003  568.850  624.579    1    1    9
    0.555  886.523    0.955    0.002  569.473  628.997    1    1    9
    0.560  872.181    0.948    0.002  569.998  632.761    1    1    9
    0.565  853.503    0.942    0.002  570.494  636.349    1    1    9
    0.569  831.310    0.936    0.002  570.965  639.796    1    1    9
    0.574  806.411    0.930    0.002  571.412  643.100    1    1    9
    0.579  779.727    0.924    0.002  571.831  646.240    1    1    9
    0.583  751.951    0.918    0.002  572.224  649.224    1    1    9
    0.588  723.756    0.913    0.002  572.593  652.051    1    1    9
    0.592  695.540    0.907    0.002  572.938  654.740    1    1    9
    0.596  667.583    0.902    0.002  573.263  657.308    1    1    9
    0.601  640.461    0.897    0.002  573.567  659.742    1    1    9
    0.605  614.092    0.892    0.002  573.854  662.078    1    1    9
    0.609  588.717    0.886    0.002  574.126  664.316    1    1    9
    0.614  564.662    0.881    0.002  574.382  666.449    1    1    9
    0.618  541.882    0.876    0.002  574.622  668.494    1    1    9
    0.622  520.261    0.871    0.002  574.852  670.473    1    1    9
    0.627  499.953    0.867    0.002  575.071  672.380    1    1    9
    0.631  481.043    0.862    0.002  575.278  674.212    1    1    9
    0.636  463.388    0.857    0.002  575.475  675.985    1    1    9
    0.640  446.899    0.852    0.002  575.666  677.712    1    1    9
    0.645  431.512    0.847    0.002  575.848  679.398    1    1    9
    0.649  417.278    0.842    0.002  576.024  681.037    1    1    9
    0.654  403.920    0.838    0.002  576.196  682.657    1    1    9
    0.659  391.563    0.833    0.002  576.361  684.238    1    1    9
    0.664  380.081    0.828    0.002  576.523  685.790    1    1    9
    0.668  369.386    0.823    0.002  576.679  687.320    1    1    9
    0.673  359.403    0.819    0.003  576.832  688.832    1    1    9
    0.678  350.083    0.814    0.003  576.983  690.326    1    1    9
    0.683  341.383    0.809    0.003  577.130  691.802    1    1    9
    0.689  333.204    0.804    0.003  577.274  693.265    1    1    9
    0.694  325.527    0.799    0.003  577.416  694.714    1    1    9
    0.699  318.314    0.795    0.003  577.556  696.146    1    1    9
    0.705  311.482    0.790    0.003  577.693  697.573    1    1    9
    0.710  304.993    0.785    0.003  577.829  698.994    1    1    9
    0.716  298.839    0.780    0.003  577.963  700.402    1    1    9
    0.722  292.961    0.775    0.003  578.096  701.804    1    1    9
    0.727  287.396    0.770    0.003  578.225  703.187    1    1    9
    0.733  282.078    0.766    0.003  578.354  704.561    1    1    9
    0.739  276.969    0.761    0.003  578.481  705.932    1    1    9
    0.745  272.091    0.756    0.003  578.605  707.289    1    1    9
    0.751  267.392    0.751    0.003  578.730  708.645    1    1    9
    0.757  262.863    0.746    0.003  578.853  709.996    1    1    9
    0.764  258.521    0.742    0.003  578.975  711.334    1    1    9
    0.770  254.325    0.737    0.003  579.095  712.670    1    1    9
    0.776  250.296    0.732    0.003  579.214  713.998    1    1    9
    0.783  246.395    0.727    0.003  579.333  715.324    1    1    9
    0.789  242.614    0.723    0.003  579.451  716.652    1    1    9
    0.796  238.967    0.718    0.003  579.568  717.974    1    1    9
    0.803  235.439    0.713    0.003  579.685  719.293    1    1    9
    0.810  232.031    0.709    0.004  579.800  720.609    1    1    9
    0.817  228.729    0.704    0.004  579.916  721.926    1    1    9
    0.824  225.528    0.699    0.004  580.030  723.242    1    1    9
    0.831  222.437    0.695    0.004  580.145  724.559    1    1    9
    0.838  219.430    0.690    0.004  580.259  725.881    1    1    9
    0.846  216.529    0.686    0.004  580.373  727.200    1    1    9
    0.854  213.724    0.681    0.004  580.486  728.522    1    1    9
    0.861  210.995    0.677    0.004  580.601  729.856    1    1    9
    0.869  208.334    0.672    0.004  580.716  731.202    1    1    9
    0.877  205.754    0.668    0.004  580.831  732.552    1    1    9
    0.886  203.253    0.663    0.004  580.946  733.911    1    1    9
    0.894  200.826    0.659    0.004  581.062  735.278    1    1    9
    0.903  198.466    0.655    0.004  581.179  736.658    1    1    9
    0.911  196.181    0.650    0.005  581.295  738.049    1    1    9
    0.920  193.958    0.646    0.005  581.413  739.457    1    1    9
    0.930  191.779    0.642    0.005  581.533  740.889    1    1    9
    0.939  189.684    0.637    0.005  581.653  742.325    1    1    9
    0.949  187.643    0.633    0.005  581.775  743.783    1    1    9
    0.959  185.673    0.629    0.005  581.897  745.258    1    1    9
    0.969  183.753    0.625    0.005  582.022  746.763    1    1    9
    0.980  181.893    0.621    0.005  582.148  748.287    1    1    9
    0.991  180.085    0.617    0.006  582.276  749.846    1    1    9
    1.002  178.316    0.613    0.006  582.408  751.441    1    1    9
    1.014  176.609    0.609    0.006  582.541  753.063    1    1    9
    1.026  174.948    0.605    0.006  582.678  754.732    1    1    9
    1.038  173.325    0.601    0.007  582.818  756.444    1    1    9
    1.051  171.754    0.597    0.007  582.960  758.195    1    1    9
    1.065  170.239    0.594    0.007  583.106  759.983    1    1    9
    1.079  168.765    0.590    0.007  583.256  761.830    1    1    9
    1.094  167.350    0.586    0.008  583.408  763.715    1    1    9
    1.109  165.973    0.582    0.008  583.567  765.671    1    1    9
    1.125  164.640    0.579    0.008  583.728  767.680    1    1    9
    1.142  163.351    0.575    0.009  583.895  769.757    1    1    9
    1.159  162.119    0.572    0.009  584.066  771.898    1    1    9
    1.178  160.908    0.568    0.010  584.245  774.143    1    1    9
    1.198  159.751    0.565    0.010  584.429  776.456    1    1    9
    1.218  158.624    0.561    0.011  584.620  778.858    1    1    9
    1.240  157.546    0.558    0.011  584.815  781.331    1    1    9
    1.262  156.495    0.555    0.012  585.018  783.911    1    1    9
    1.286  155.491    0.551    0.013  585.228  786.580    1    1    9
    1.312  154.520    0.548    0.013  585.443  789.345    1    1    9
    1.338  153.576    0.545    0.014  585.666  792.197    1    1    9
    1.366  152.671    0.541    0.014  585.891  795.102    1    1    9
    1.395  151.805    0.538    0.015  586.122  798.086    1    1    9
    1.425  150.961    0.535    0.016  586.356  801.133    1    1    9
    1.456  150.147    0.531    0.016  586.593  804.221    1    1    9
    1.488  149.372    0.528    0.017  586.830  807.326    1    1    9
    1.521  148.624    0.524    0.017  587.071  810.477    1    1    9
    1.555  147.894    0.521    0.018  587.314  813.679    1    1    9
    1.590  147.192    0.518    0.018  587.556  816.871    1    1    9
    1.627  146.510    0.514    0.019  587.799  820.086    1    1    9
    1.664  145.852    0.511    0.019  588.041  823.292    1    1    9
    1.702  145.211    0.507    0.019  588.284  826.526    1    1    9
    1.741  144.595    0.504    0.020  588.524  829.714    1    1    9
    1.781  144.000    0.500    0.020  588.764  832.896    1    1    9
    1.821  143.421    0.497    0.021  589.002  836.072    1    1    9
    1.863  142.864    0.493    0.019  589.240  839.244    1    1    9
    1.901  142.335    0.490    0.021  589.452  842.071    1    1    9
    1.943  141.862    0.487    0.020  589.674  845.045    1    1    9
    1.983  141.382    0.483    0.020  589.886  847.865    1    1    9
    2.022  140.941    0.480    0.020  590.086  850.543    1    1    9
    2.062  140.533    0.477    0.021  590.284  853.189    1    1    9
    2.103  140.141    0.474    0.022  590.486  855.876    1    1    9
    2.146  139.757    0.471    0.023  590.691  858.609    1    1    9
    2.192  139.424    0.468    0.026  590.904  861.442    1    1    9
    2.244  139.026    0.464    0.027  591.136  864.543    1    1    9
    2.298  138.642    0.461    0.028  591.371  867.664    1    1    9
    2.355  138.275    0.457    0.030  591.607  870.808    1    1    9
    2.415  137.937    0.453    0.032  591.851  874.055    1    1    9
    2.480  137.605    0.449    0.035  592.105  877.420    1    1    9
    2.550  137.296    0.445    0.034  592.370  880.929    1    1    9
    2.618  136.978    0.441    0.037  592.619  884.214    1    1    9
    2.692  136.735    0.437    0.036  592.881  887.672    1    1    9
    2.764  136.552    0.433    0.040  593.125  890.894    1    1    9
    2.844  136.353    0.429    0.041  593.386  894.324    1    1    9
    2.927  136.150    0.424    0.043  593.647  897.742    1    1    9
    3.013  135.972    0.420    0.045  593.908  901.157    1    1    9
    3.104  135.825    0.416    0.045  594.170  904.579    1    1    9
    3.194  135.686    0.411    0.045  594.421  907.861    1    1    9
    3.284  135.578    0.407    0.045  594.663  911.012    1    1    9
    3.375  135.494    0.403    0.048  594.896  914.040    1    1    9
    3.470  135.480    0.399    0.048  595.134  917.123    1    1    9
    3.566  135.440    0.395    0.048  595.363  920.087    1    1    9
    3.661  135.435    0.391    0.048  595.585  922.939    1    1    9
    3.757  135.435    0.388    0.048  595.799  925.687    1    1    9
    3.853  135.446    0.384    0.048  596.004  928.336    1    1    9
    3.948  135.471    0.381    0.048  596.204  930.892    1    1    9
    4.044  135.548    0.377    0.048  596.397  933.365    1    1    9
    4.139  135.594    0.374    0.048  596.583  935.755    1    1    9
    4.235  135.712    0.371    0.048  596.766  938.073    1    1    9
    4.331  135.771    0.367    0.048  596.942  940.315    1    1    9
    4.426  135.927    0.364    0.048  597.114  942.496    1    1    9
    4.522  136.054    0.361    0.048  597.281  944.615    1    1    9
    4.618  136.185    0.359    0.048  597.444  946.674    1    1    9
    4.713  136.324    0.356    0.048  597.603  948.679    1    1    9
    4.809  136.471    0.353    0.048  597.758  950.630    1    1    9
    4.904  136.620    0.350    0.048  597.911  952.532    1    1    9
    5.000  136.776    0.347    0.054  598.059  954.387    1    1    9
