!==============================================================================!
!             PostProcessing of the SKETCH-N   Results                         !
!              Version 1.0 (c) Slava 2000 e-mail: na.vzimin@na-net.ornl.gov    !
!==============================================================================!

 Input  SKETCH   *.grf File : Output/SKETCH.grf
 Input  PostProc *.dat File : Input/PP_PWR_A1_KIN_D.dat
!==============================================================================!
!                                   SKETCH-N                                   !
!  Nodal Neutron Diffusion Code for Solving Steady-State and Kinetics Problems !
!              Version 1.0 (c) Slava 2000 e-mail: na.vzimin@na-net.ornl.gov    !
!      Date & Time of Calculation :  4 April    2025   4:13:47 pm              !
!==============================================================================!
!------------------------------------------------------------------------------!
!   3D NEACRP PWR Rod Ejection Benchmark, case A1                              !
!      (c) Slava March 1998 JAERI                                              !
!                                                                              !
!------------------------------------------------------------------------------!
Output of the data in time moment = 0.50000E+01
Linear interpolation in interval [ 0.49044E+01 0.50000E+01]
Interpolation factor = 1.00000
!------------------------------------------------------------------------------!
POWER, [Wt/cm^3]                                                                
Scaling Factor = 0.49204E-01
!------------------------------------------------------------------------------!

 Distribution Summary:                                                          
     Scaling Factor                        :  0.49204E-01

     Average Value                         :  1.000

     3D Maximum Value                      :  4.840
     Reactor Location of 3D Maximum (X,Y,Z):  1  1  8
     Core    Location of 3D Maximum (X,Y,Z):  1  1  7

     3D Minimum Value                      :  0.042
     Reactor Location of 3D minimum (X,Y,Z):  8  2 17
     Core    Location of 3D minimum (X,Y,Z):  8  2 16

     2D Maximum Value                      :  3.212
     Reactor Location of 2D Maximum (X,Y)  :  1  1
     Core    Location of 2D Maximum (X,Y)  :  1  1

     2D Minimum Value                      :  0.322
     Reactor Location of 2D minimum (X,Y)  :  7  3
     Core    Location of 2D minimum (X,Y)  :  7  3

     1D Maximum Value                      :  1.496
     Reactor Location of the 1D Maximum (Z):        9
     Core    Location of the 1D Maximum (Z):        8

     1D Minimum Value                      :  0.119
     Reactor Location of the 1D minimum (Z):       17
     Core    Location of the 1D minimum (Z):       16
!------------------------------------------------------------------------------!

 2D Distribution     :                                                          

          1     2     3     4     5     6     7     8
      ----- ----- ----- ----- ----- ----- ----- -----
  1:  3.214 2.540 1.283 1.770 1.657 0.893 0.337 0.445
  2:  2.540 2.593 1.897 1.863 1.308 0.495 0.474 0.353
  3:  1.283 1.897 1.064 1.373 0.660 0.625 0.322
  4:  1.770 1.863 1.373 1.293 0.884 0.794 0.449
  5:  1.657 1.308 0.660 0.884 0.462 0.559
  6:  0.893 0.495 0.625 0.794 0.559
  7:  0.337 0.474 0.322 0.449
  8:  0.445 0.353

!------------------------------------------------------------------------------!
     1D Distribution

   2 0.252
   3 0.340
   4 0.534
   5 0.841
   6 1.170
   7 1.387
   8 1.493
   9 1.497
  10 1.418
  11 1.271
  12 1.070
  13 0.826
  14 0.549
  15 0.337
  16 0.206
  17 0.119
!------------------------------------------------------------------------------!
 3D Distribution     :                                                          

 CHAN     2     3     4     5     6     7     8     9    10    11    12    13    14    15    16    17
      ----- ----- ----- ----- ----- ----- ----- ----- ----- ----- ----- ----- ----- ----- ----- -----
   1: 0.699 1.121 1.805 2.844 3.911 4.569 4.844 4.795 4.490 3.989 3.337 2.568 1.704 1.045 0.636 0.350
   2: 0.668 0.896 1.411 2.221 3.061 3.587 3.815 3.787 3.555 3.165 2.652 2.043 1.357 0.832 0.508 0.292
   3: 0.425 0.457 0.697 1.094 1.516 1.788 1.914 1.912 1.805 1.613 1.356 1.047 0.696 0.427 0.262 0.159
   4: 0.457 0.606 0.952 1.503 2.087 2.467 2.647 2.648 2.503 2.239 1.882 1.453 0.965 0.592 0.362 0.208
   5: 0.343 0.550 0.884 1.399 1.947 2.307 2.480 2.486 2.353 2.107 1.773 1.368 0.909 0.557 0.340 0.186
   6: 0.223 0.300 0.469 0.740 1.033 1.230 1.329 1.339 1.272 1.143 0.964 0.745 0.495 0.304 0.186 0.107
   7: 0.107 0.115 0.174 0.274 0.384 0.459 0.499 0.506 0.483 0.435 0.368 0.285 0.189 0.116 0.071 0.043
   8: 0.088 0.140 0.226 0.359 0.505 0.606 0.660 0.670 0.641 0.578 0.489 0.378 0.252 0.155 0.094 0.052
   9: 0.668 0.896 1.411 2.221 3.061 3.587 3.815 3.787 3.555 3.165 2.652 2.043 1.357 0.832 0.508 0.292
  10: 0.572 0.901 1.439 2.265 3.123 3.663 3.898 3.872 3.637 3.239 2.714 2.091 1.389 0.852 0.520 0.289
  11: 0.500 0.663 1.035 1.627 2.253 2.655 2.840 2.834 2.672 2.387 2.005 1.547 1.028 0.631 0.386 0.224
  12: 0.400 0.629 1.004 1.584 2.199 2.600 2.789 2.790 2.636 2.358 1.982 1.529 1.016 0.624 0.381 0.211
  13: 0.327 0.442 0.695 1.097 1.528 1.813 1.952 1.959 1.856 1.664 1.401 1.082 0.719 0.441 0.270 0.155
  14: 0.162 0.171 0.259 0.407 0.568 0.678 0.734 0.740 0.705 0.634 0.535 0.414 0.275 0.169 0.104 0.064
  15: 0.128 0.160 0.245 0.385 0.540 0.646 0.703 0.712 0.679 0.613 0.518 0.401 0.267 0.164 0.101 0.060
  16: 0.070 0.112 0.180 0.285 0.401 0.481 0.525 0.532 0.509 0.459 0.389 0.301 0.200 0.123 0.075 0.042
  17: 0.425 0.457 0.697 1.094 1.516 1.788 1.914 1.912 1.805 1.613 1.356 1.047 0.696 0.427 0.262 0.159
  18: 0.500 0.663 1.035 1.627 2.253 2.655 2.840 2.834 2.672 2.387 2.005 1.547 1.028 0.631 0.386 0.224
  19: 0.348 0.375 0.571 0.898 1.247 1.475 1.585 1.588 1.502 1.346 1.133 0.875 0.582 0.357 0.219 0.133
  20: 0.354 0.469 0.732 1.153 1.604 1.903 2.048 2.055 1.947 1.745 1.469 1.135 0.754 0.463 0.283 0.165
  21: 0.214 0.229 0.347 0.546 0.762 0.907 0.981 0.988 0.939 0.844 0.712 0.551 0.366 0.225 0.138 0.084
  22: 0.170 0.213 0.325 0.511 0.716 0.855 0.928 0.938 0.894 0.805 0.680 0.526 0.350 0.215 0.132 0.078
  23: 0.101 0.109 0.166 0.261 0.366 0.438 0.477 0.483 0.461 0.416 0.352 0.272 0.181 0.111 0.068 0.042
  24: 0.457 0.606 0.952 1.503 2.087 2.467 2.647 2.648 2.503 2.239 1.882 1.453 0.965 0.592 0.362 0.208
  25: 0.400 0.629 1.004 1.584 2.199 2.600 2.789 2.790 2.636 2.358 1.982 1.529 1.016 0.624 0.381 0.211
  26: 0.354 0.469 0.732 1.153 1.604 1.903 2.048 2.055 1.947 1.745 1.469 1.135 0.754 0.463 0.283 0.165
  27: 0.276 0.430 0.683 1.078 1.503 1.787 1.929 1.940 1.841 1.653 1.392 1.076 0.715 0.439 0.268 0.149
  28: 0.225 0.296 0.461 0.728 1.017 1.214 1.314 1.326 1.262 1.135 0.958 0.740 0.492 0.302 0.185 0.107
  29: 0.182 0.260 0.410 0.649 0.909 1.087 1.180 1.193 1.137 1.024 0.865 0.669 0.445 0.273 0.167 0.094
  30: 0.092 0.144 0.230 0.365 0.512 0.613 0.667 0.676 0.645 0.582 0.491 0.380 0.253 0.155 0.095 0.053
  31: 0.343 0.550 0.884 1.399 1.947 2.307 2.480 2.486 2.353 2.107 1.772 1.368 0.909 0.557 0.340 0.186
  32: 0.327 0.442 0.695 1.097 1.528 1.813 1.952 1.959 1.856 1.664 1.401 1.082 0.719 0.441 0.270 0.155
  33: 0.214 0.229 0.347 0.546 0.762 0.907 0.981 0.988 0.939 0.844 0.712 0.551 0.366 0.225 0.138 0.084
  34: 0.225 0.296 0.461 0.728 1.017 1.214 1.314 1.326 1.262 1.135 0.958 0.740 0.492 0.302 0.185 0.107
  35: 0.141 0.155 0.238 0.376 0.527 0.631 0.685 0.692 0.660 0.595 0.502 0.389 0.259 0.159 0.097 0.058
  36: 0.115 0.179 0.287 0.455 0.638 0.765 0.831 0.841 0.802 0.723 0.611 0.472 0.314 0.193 0.118 0.066
  37: 0.223 0.300 0.469 0.740 1.033 1.230 1.329 1.339 1.272 1.143 0.964 0.745 0.495 0.304 0.186 0.107
  38: 0.162 0.171 0.259 0.407 0.568 0.678 0.734 0.740 0.705 0.634 0.535 0.414 0.275 0.169 0.104 0.064
  39: 0.170 0.213 0.325 0.511 0.716 0.855 0.928 0.938 0.894 0.805 0.680 0.526 0.350 0.215 0.132 0.078
  40: 0.182 0.260 0.410 0.649 0.909 1.087 1.180 1.193 1.137 1.024 0.865 0.669 0.445 0.273 0.167 0.094
  41: 0.115 0.179 0.287 0.455 0.638 0.765 0.831 0.841 0.802 0.723 0.611 0.472 0.314 0.193 0.118 0.066
  42: 0.107 0.115 0.174 0.274 0.384 0.459 0.499 0.506 0.483 0.435 0.368 0.285 0.189 0.116 0.071 0.043
  43: 0.128 0.160 0.245 0.385 0.540 0.646 0.703 0.712 0.679 0.613 0.518 0.401 0.267 0.164 0.101 0.060
  44: 0.101 0.109 0.166 0.261 0.366 0.438 0.477 0.483 0.461 0.416 0.352 0.272 0.181 0.111 0.068 0.042
  45: 0.092 0.144 0.230 0.365 0.512 0.613 0.667 0.676 0.645 0.582 0.491 0.380 0.253 0.155 0.095 0.053
  46: 0.088 0.140 0.226 0.359 0.505 0.606 0.660 0.670 0.641 0.578 0.489 0.378 0.252 0.155 0.094 0.052
  47: 0.070 0.112 0.180 0.285 0.401 0.481 0.525 0.532 0.509 0.459 0.389 0.301 0.200 0.123 0.075 0.042
!------------------------------------------------------------------------------!
DOPPLER FUEL TEMPERATURE, [K]                                                   
Scaling Factor = 0.10000E-02
!------------------------------------------------------------------------------!

 Distribution Summary:                                                          
     Scaling Factor                        :  0.10000E-02

     Average Value                         :  0.598

     3D Maximum Value                      :  0.750
     Reactor Location of 3D Maximum (X,Y,Z):  1  1  9
     Core    Location of 3D Maximum (X,Y,Z):  1  1  8

     3D Minimum Value                      :  0.561
     Reactor Location of 3D minimum (X,Y,Z):  8  2  2
     Core    Location of 3D minimum (X,Y,Z):  8  2  1

     2D Maximum Value                      :  0.689
     Reactor Location of 2D Maximum (X,Y)  :  1  1
     Core    Location of 2D Maximum (X,Y)  :  1  1

     2D Minimum Value                      :  0.571
     Reactor Location of 2D minimum (X,Y)  :  7  3
     Core    Location of 2D minimum (X,Y)  :  7  3

     1D Maximum Value                      :  0.616
     Reactor Location of the 1D Maximum (Z):        9
     Core    Location of the 1D Maximum (Z):        8

     1D Minimum Value                      :  0.568
     Reactor Location of the 1D minimum (Z):        2
     Core    Location of the 1D minimum (Z):        1
!------------------------------------------------------------------------------!

 2D Distribution     :                                                          

          1     2     3     4     5     6     7     8
      ----- ----- ----- ----- ----- ----- ----- -----
  1:  0.690 0.661 0.609 0.629 0.624 0.593 0.572 0.576
  2:  0.661 0.663 0.634 0.632 0.610 0.578 0.577 0.572
  3:  0.609 0.634 0.600 0.613 0.584 0.583 0.571
  4:  0.629 0.632 0.613 0.609 0.593 0.589 0.576
  5:  0.624 0.610 0.584 0.593 0.577 0.580
  6:  0.593 0.578 0.583 0.589 0.580
  7:  0.572 0.577 0.571 0.576
  8:  0.576 0.572

!------------------------------------------------------------------------------!
     1D Distribution

   2 0.568
   3 0.571
   4 0.577
   5 0.588
   6 0.601
   7 0.610
   8 0.615
   9 0.616
  10 0.614
  11 0.610
  12 0.603
  13 0.595
  14 0.585
  15 0.577
  16 0.573
  17 0.569
!------------------------------------------------------------------------------!
 3D Distribution     :                                                          

 CHAN     2     3     4     5     6     7     8     9    10    11    12    13    14    15    16    17
      ----- ----- ----- ----- ----- ----- ----- ----- ----- ----- ----- ----- ----- ----- ----- -----
   1: 0.583 0.598 0.622 0.661 0.703 0.732 0.748 0.751 0.743 0.727 0.703 0.675 0.642 0.617 0.601 0.591
   2: 0.582 0.590 0.608 0.638 0.671 0.693 0.706 0.708 0.703 0.690 0.672 0.650 0.625 0.605 0.593 0.585
   3: 0.574 0.575 0.583 0.597 0.613 0.624 0.631 0.632 0.630 0.624 0.616 0.605 0.592 0.582 0.576 0.573
   4: 0.575 0.580 0.592 0.612 0.634 0.649 0.658 0.661 0.658 0.649 0.637 0.622 0.605 0.591 0.583 0.577
   5: 0.571 0.578 0.589 0.608 0.629 0.643 0.652 0.654 0.651 0.644 0.632 0.618 0.602 0.589 0.581 0.576
   6: 0.567 0.569 0.575 0.585 0.595 0.603 0.608 0.609 0.608 0.604 0.598 0.591 0.582 0.575 0.571 0.568
   7: 0.563 0.563 0.565 0.568 0.572 0.575 0.577 0.578 0.577 0.576 0.574 0.571 0.568 0.565 0.564 0.563
   8: 0.562 0.564 0.567 0.571 0.577 0.580 0.583 0.584 0.583 0.581 0.579 0.575 0.571 0.567 0.565 0.564
   9: 0.582 0.590 0.608 0.638 0.671 0.693 0.706 0.708 0.703 0.690 0.672 0.650 0.625 0.605 0.593 0.585
  10: 0.579 0.590 0.609 0.639 0.673 0.696 0.709 0.712 0.706 0.693 0.675 0.652 0.626 0.606 0.594 0.585
  11: 0.576 0.582 0.595 0.616 0.640 0.657 0.666 0.669 0.665 0.656 0.643 0.627 0.608 0.593 0.584 0.579
  12: 0.573 0.581 0.594 0.615 0.638 0.654 0.664 0.666 0.663 0.654 0.642 0.626 0.607 0.593 0.584 0.578
  13: 0.570 0.574 0.583 0.597 0.613 0.625 0.631 0.633 0.631 0.625 0.617 0.606 0.593 0.583 0.577 0.572
  14: 0.565 0.565 0.568 0.573 0.579 0.583 0.586 0.587 0.586 0.584 0.581 0.577 0.572 0.568 0.566 0.564
  15: 0.563 0.565 0.567 0.572 0.578 0.582 0.584 0.585 0.585 0.583 0.580 0.576 0.571 0.568 0.566 0.564
  16: 0.561 0.563 0.565 0.569 0.573 0.576 0.578 0.579 0.578 0.577 0.575 0.572 0.568 0.566 0.564 0.563
  17: 0.574 0.575 0.583 0.597 0.613 0.624 0.631 0.632 0.630 0.624 0.616 0.605 0.592 0.582 0.576 0.573
  18: 0.576 0.582 0.595 0.616 0.640 0.657 0.666 0.669 0.665 0.656 0.643 0.627 0.608 0.593 0.584 0.579
  19: 0.571 0.572 0.579 0.590 0.603 0.613 0.618 0.619 0.617 0.613 0.606 0.597 0.587 0.578 0.573 0.570
  20: 0.571 0.575 0.584 0.599 0.616 0.628 0.635 0.637 0.635 0.629 0.620 0.608 0.594 0.584 0.578 0.573
  21: 0.566 0.567 0.571 0.578 0.586 0.592 0.595 0.596 0.595 0.592 0.588 0.583 0.576 0.571 0.568 0.566
  22: 0.565 0.566 0.570 0.577 0.584 0.590 0.593 0.594 0.593 0.590 0.586 0.581 0.575 0.571 0.568 0.566
  23: 0.563 0.563 0.565 0.568 0.572 0.575 0.576 0.577 0.576 0.575 0.573 0.571 0.567 0.565 0.563 0.563
  24: 0.575 0.580 0.592 0.612 0.634 0.649 0.658 0.661 0.658 0.649 0.637 0.622 0.605 0.591 0.583 0.577
  25: 0.573 0.581 0.594 0.615 0.638 0.654 0.664 0.666 0.663 0.654 0.642 0.626 0.607 0.593 0.584 0.578
  26: 0.571 0.575 0.584 0.599 0.616 0.628 0.635 0.637 0.635 0.629 0.620 0.608 0.594 0.584 0.578 0.573
  27: 0.568 0.574 0.582 0.596 0.612 0.624 0.630 0.632 0.630 0.625 0.616 0.605 0.592 0.583 0.576 0.572
  28: 0.567 0.569 0.575 0.584 0.595 0.602 0.607 0.609 0.607 0.604 0.598 0.591 0.582 0.575 0.571 0.568
  29: 0.565 0.568 0.573 0.581 0.591 0.598 0.602 0.603 0.602 0.599 0.594 0.587 0.580 0.574 0.570 0.567
  30: 0.562 0.564 0.567 0.572 0.577 0.581 0.583 0.584 0.583 0.582 0.579 0.575 0.571 0.567 0.565 0.564
  31: 0.571 0.578 0.589 0.608 0.629 0.643 0.652 0.654 0.651 0.644 0.632 0.618 0.602 0.589 0.581 0.576
  32: 0.570 0.574 0.583 0.597 0.613 0.625 0.631 0.633 0.631 0.625 0.617 0.606 0.593 0.583 0.577 0.572
  33: 0.566 0.567 0.571 0.578 0.586 0.592 0.595 0.596 0.595 0.592 0.588 0.583 0.576 0.571 0.568 0.566
  34: 0.567 0.569 0.575 0.584 0.595 0.602 0.607 0.609 0.607 0.604 0.598 0.591 0.582 0.575 0.571 0.568
  35: 0.564 0.564 0.567 0.572 0.577 0.581 0.584 0.585 0.584 0.582 0.579 0.575 0.571 0.568 0.565 0.564
  36: 0.563 0.565 0.569 0.575 0.581 0.586 0.589 0.590 0.589 0.587 0.584 0.579 0.574 0.569 0.567 0.565
  37: 0.567 0.569 0.575 0.585 0.595 0.603 0.608 0.609 0.608 0.604 0.598 0.591 0.582 0.575 0.571 0.568
  38: 0.565 0.565 0.568 0.573 0.579 0.583 0.586 0.587 0.586 0.584 0.581 0.577 0.572 0.568 0.566 0.564
  39: 0.565 0.566 0.570 0.577 0.584 0.590 0.593 0.594 0.593 0.590 0.586 0.581 0.575 0.571 0.568 0.566
  40: 0.565 0.568 0.573 0.581 0.591 0.598 0.602 0.603 0.602 0.599 0.594 0.587 0.580 0.574 0.570 0.567
  41: 0.563 0.565 0.569 0.575 0.581 0.586 0.589 0.590 0.589 0.587 0.584 0.579 0.574 0.569 0.567 0.565
  42: 0.563 0.563 0.565 0.568 0.572 0.575 0.577 0.578 0.577 0.576 0.574 0.571 0.568 0.565 0.564 0.563
  43: 0.563 0.565 0.567 0.572 0.578 0.582 0.584 0.585 0.585 0.583 0.580 0.576 0.571 0.568 0.566 0.564
  44: 0.563 0.563 0.565 0.568 0.572 0.575 0.576 0.577 0.576 0.575 0.573 0.571 0.567 0.565 0.563 0.563
  45: 0.562 0.564 0.567 0.572 0.577 0.581 0.583 0.584 0.583 0.582 0.579 0.575 0.571 0.567 0.565 0.564
  46: 0.562 0.564 0.567 0.571 0.577 0.580 0.583 0.584 0.583 0.581 0.579 0.575 0.571 0.567 0.565 0.564
  47: 0.561 0.563 0.565 0.569 0.573 0.576 0.578 0.579 0.578 0.577 0.575 0.572 0.568 0.566 0.564 0.563
!------------------------------------------------------------------------------!
FUEL CENTERLINE TEMPERATURE, [K]                                                
Scaling Factor = 0.10000E-02
!------------------------------------------------------------------------------!

 Distribution Summary:                                                          
     Scaling Factor                        :  0.10000E-02

     Average Value                         :  0.634

     3D Maximum Value                      :  0.953
     Reactor Location of 3D Maximum (X,Y,Z):  1  1  9
     Core    Location of 3D Maximum (X,Y,Z):  1  1  8

     3D Minimum Value                      :  0.564
     Reactor Location of 3D minimum (X,Y,Z):  7  3 17
     Core    Location of 3D minimum (X,Y,Z):  7  3 16

     2D Maximum Value                      :  0.819
     Reactor Location of 2D Maximum (X,Y)  :  1  1
     Core    Location of 2D Maximum (X,Y)  :  1  1

     2D Minimum Value                      :  0.582
     Reactor Location of 2D minimum (X,Y)  :  7  3
     Core    Location of 2D minimum (X,Y)  :  7  3

     1D Maximum Value                      :  0.671
     Reactor Location of the 1D Maximum (Z):        9
     Core    Location of the 1D Maximum (Z):        8

     1D Minimum Value                      :  0.572
     Reactor Location of the 1D minimum (Z):       17
     Core    Location of the 1D minimum (Z):       16
!------------------------------------------------------------------------------!

 2D Distribution     :                                                          

          1     2     3     4     5     6     7     8
      ----- ----- ----- ----- ----- ----- ----- -----
  1:  0.820 0.760 0.656 0.694 0.685 0.624 0.583 0.591
  2:  0.760 0.765 0.705 0.702 0.657 0.595 0.593 0.584
  3:  0.656 0.705 0.638 0.662 0.607 0.604 0.582
  4:  0.694 0.702 0.662 0.655 0.624 0.617 0.591
  5:  0.685 0.657 0.607 0.624 0.592 0.599
  6:  0.624 0.595 0.604 0.617 0.599
  7:  0.583 0.593 0.582 0.591
  8:  0.591 0.584

!------------------------------------------------------------------------------!
     1D Distribution

   2 0.576
   3 0.582
   4 0.595
   5 0.617
   6 0.642
   7 0.660
   8 0.669
   9 0.672
  10 0.667
  11 0.657
  12 0.643
  13 0.624
  14 0.604
  15 0.588
  16 0.579
  17 0.572
!------------------------------------------------------------------------------!
 3D Distribution     :                                                          

 CHAN     2     3     4     5     6     7     8     9    10    11    12    13    14    15    16    17
      ----- ----- ----- ----- ----- ----- ----- ----- ----- ----- ----- ----- ----- ----- ----- -----
   1: 0.606 0.636 0.686 0.766 0.856 0.918 0.950 0.954 0.935 0.896 0.842 0.778 0.706 0.653 0.622 0.600
   2: 0.604 0.620 0.657 0.718 0.787 0.834 0.859 0.862 0.848 0.819 0.778 0.729 0.674 0.633 0.609 0.592
   3: 0.587 0.590 0.606 0.635 0.667 0.689 0.701 0.703 0.697 0.684 0.666 0.643 0.616 0.596 0.584 0.577
   4: 0.590 0.600 0.624 0.664 0.709 0.741 0.758 0.762 0.754 0.735 0.708 0.676 0.639 0.611 0.594 0.582
   5: 0.582 0.596 0.619 0.656 0.698 0.728 0.744 0.748 0.740 0.723 0.699 0.668 0.633 0.607 0.591 0.580
   6: 0.574 0.579 0.590 0.609 0.631 0.646 0.654 0.657 0.653 0.645 0.632 0.617 0.599 0.585 0.577 0.571
   7: 0.566 0.567 0.571 0.577 0.585 0.591 0.594 0.595 0.594 0.591 0.586 0.581 0.574 0.569 0.566 0.564
   8: 0.565 0.568 0.574 0.583 0.593 0.601 0.605 0.606 0.605 0.601 0.595 0.588 0.579 0.572 0.568 0.565
   9: 0.604 0.620 0.657 0.718 0.787 0.834 0.859 0.862 0.848 0.819 0.778 0.729 0.674 0.633 0.609 0.592
  10: 0.598 0.620 0.659 0.721 0.791 0.840 0.865 0.869 0.855 0.825 0.784 0.733 0.677 0.635 0.610 0.592
  11: 0.593 0.604 0.630 0.673 0.722 0.756 0.775 0.778 0.769 0.749 0.720 0.685 0.645 0.614 0.596 0.584
  12: 0.586 0.601 0.628 0.670 0.717 0.751 0.770 0.774 0.765 0.745 0.717 0.682 0.643 0.613 0.595 0.583
  13: 0.581 0.589 0.606 0.635 0.667 0.690 0.702 0.705 0.700 0.687 0.668 0.644 0.617 0.597 0.585 0.576
  14: 0.570 0.570 0.576 0.586 0.598 0.606 0.611 0.612 0.610 0.606 0.599 0.591 0.581 0.573 0.569 0.566
  15: 0.568 0.570 0.575 0.585 0.596 0.604 0.608 0.609 0.608 0.604 0.597 0.589 0.580 0.573 0.568 0.566
  16: 0.564 0.566 0.571 0.578 0.586 0.592 0.595 0.596 0.595 0.592 0.588 0.582 0.575 0.569 0.566 0.564
  17: 0.587 0.590 0.606 0.635 0.667 0.689 0.701 0.703 0.697 0.684 0.666 0.643 0.616 0.596 0.584 0.577
  18: 0.593 0.604 0.630 0.673 0.722 0.756 0.775 0.778 0.769 0.749 0.720 0.685 0.645 0.614 0.596 0.584
  19: 0.582 0.584 0.598 0.621 0.646 0.665 0.675 0.677 0.672 0.662 0.647 0.628 0.606 0.590 0.580 0.574
  20: 0.583 0.590 0.609 0.639 0.672 0.697 0.710 0.713 0.707 0.693 0.673 0.649 0.620 0.599 0.586 0.577
  21: 0.573 0.574 0.582 0.596 0.611 0.622 0.629 0.630 0.628 0.622 0.613 0.601 0.588 0.578 0.572 0.568
  22: 0.570 0.573 0.581 0.594 0.608 0.618 0.625 0.626 0.624 0.618 0.610 0.599 0.587 0.577 0.571 0.568
  23: 0.566 0.566 0.570 0.576 0.584 0.589 0.592 0.593 0.592 0.589 0.585 0.580 0.573 0.568 0.565 0.564
  24: 0.590 0.600 0.624 0.664 0.709 0.741 0.758 0.762 0.754 0.735 0.708 0.676 0.639 0.611 0.594 0.582
  25: 0.586 0.601 0.628 0.670 0.717 0.751 0.770 0.774 0.765 0.745 0.717 0.682 0.643 0.613 0.595 0.583
  26: 0.583 0.590 0.609 0.639 0.672 0.697 0.710 0.713 0.707 0.693 0.673 0.649 0.620 0.599 0.586 0.577
  27: 0.577 0.588 0.605 0.633 0.665 0.687 0.700 0.703 0.698 0.685 0.667 0.643 0.617 0.597 0.584 0.576
  28: 0.574 0.579 0.590 0.608 0.629 0.644 0.653 0.655 0.652 0.644 0.632 0.616 0.598 0.585 0.576 0.571
  29: 0.571 0.576 0.586 0.603 0.621 0.635 0.643 0.645 0.642 0.635 0.624 0.610 0.594 0.582 0.575 0.569
  30: 0.565 0.569 0.574 0.583 0.594 0.601 0.606 0.607 0.605 0.601 0.595 0.588 0.579 0.572 0.568 0.565
  31: 0.582 0.596 0.619 0.656 0.698 0.728 0.744 0.748 0.740 0.723 0.699 0.668 0.633 0.607 0.591 0.580
  32: 0.581 0.589 0.606 0.635 0.667 0.690 0.702 0.705 0.700 0.687 0.668 0.644 0.617 0.597 0.585 0.576
  33: 0.573 0.574 0.582 0.596 0.611 0.622 0.629 0.630 0.628 0.622 0.613 0.601 0.588 0.578 0.572 0.568
  34: 0.574 0.579 0.590 0.608 0.629 0.644 0.653 0.655 0.652 0.644 0.632 0.616 0.598 0.585 0.576 0.571
  35: 0.568 0.569 0.575 0.584 0.595 0.603 0.607 0.608 0.607 0.603 0.596 0.589 0.579 0.572 0.568 0.565
  36: 0.567 0.571 0.578 0.590 0.602 0.612 0.617 0.619 0.617 0.612 0.604 0.595 0.584 0.575 0.570 0.566
  37: 0.574 0.579 0.590 0.609 0.631 0.646 0.654 0.657 0.653 0.645 0.632 0.617 0.599 0.585 0.577 0.571
  38: 0.570 0.570 0.576 0.586 0.598 0.606 0.611 0.612 0.610 0.606 0.599 0.591 0.581 0.573 0.569 0.566
  39: 0.570 0.573 0.581 0.594 0.608 0.618 0.625 0.626 0.624 0.618 0.610 0.599 0.587 0.577 0.571 0.568
  40: 0.571 0.576 0.586 0.603 0.621 0.635 0.643 0.645 0.642 0.635 0.624 0.610 0.594 0.582 0.575 0.569
  41: 0.567 0.571 0.578 0.590 0.602 0.612 0.617 0.619 0.617 0.612 0.604 0.595 0.584 0.575 0.570 0.566
  42: 0.566 0.567 0.571 0.577 0.585 0.591 0.594 0.595 0.594 0.591 0.586 0.581 0.574 0.569 0.566 0.564
  43: 0.568 0.570 0.575 0.585 0.596 0.604 0.608 0.609 0.608 0.604 0.597 0.589 0.580 0.573 0.568 0.566
  44: 0.566 0.566 0.570 0.576 0.584 0.589 0.592 0.593 0.592 0.589 0.585 0.580 0.573 0.568 0.565 0.564
  45: 0.565 0.569 0.574 0.583 0.594 0.601 0.606 0.607 0.605 0.601 0.595 0.588 0.579 0.572 0.568 0.565
  46: 0.565 0.568 0.574 0.583 0.593 0.601 0.605 0.606 0.605 0.601 0.595 0.588 0.579 0.572 0.568 0.565
  47: 0.564 0.566 0.571 0.578 0.586 0.592 0.595 0.596 0.595 0.592 0.588 0.582 0.575 0.569 0.566 0.564
!------------------------------------------------------------------------------!
CLADDING INNER SURFACE TEMPERATURE, [K]                                         
Scaling Factor = 0.17535E-02
!------------------------------------------------------------------------------!

 Distribution Summary:                                                          
     Scaling Factor                        :  0.17535E-02

     Average Value                         :  1.000

     3D Maximum Value                      :  1.062
     Reactor Location of 3D Maximum (X,Y,Z):  1  1 10
     Core    Location of 3D Maximum (X,Y,Z):  1  1  9

     3D Minimum Value                      :  0.981
     Reactor Location of 3D minimum (X,Y,Z):  8  2  2
     Core    Location of 3D minimum (X,Y,Z):  8  2  1

     2D Maximum Value                      :  1.042
     Reactor Location of 2D Maximum (X,Y)  :  1  1
     Core    Location of 2D Maximum (X,Y)  :  1  1

     2D Minimum Value                      :  0.987
     Reactor Location of 2D minimum (X,Y)  :  7  3
     Core    Location of 2D minimum (X,Y)  :  7  3

     1D Maximum Value                      :  1.007
     Reactor Location of the 1D Maximum (Z):       10
     Core    Location of the 1D Maximum (Z):        9

     1D Minimum Value                      :  0.984
     Reactor Location of the 1D minimum (Z):        2
     Core    Location of the 1D minimum (Z):        1
!------------------------------------------------------------------------------!

 2D Distribution     :                                                          

          1     2     3     4     5     6     7     8
      ----- ----- ----- ----- ----- ----- ----- -----
  1:  1.042 1.030 1.006 1.015 1.013 0.998 0.987 0.989
  2:  1.030 1.031 1.017 1.017 1.006 0.990 0.990 0.987
  3:  1.006 1.017 1.001 1.007 0.993 0.993 0.987
  4:  1.015 1.017 1.007 1.006 0.998 0.996 0.989
  5:  1.013 1.006 0.993 0.998 0.990 0.991
  6:  0.998 0.990 0.993 0.996 0.991
  7:  0.987 0.990 0.987 0.989
  8:  0.989 0.987

!------------------------------------------------------------------------------!
     1D Distribution

   2 0.984
   3 0.985
   4 0.988
   5 0.992
   6 0.997
   7 1.001
   8 1.004
   9 1.006
  10 1.007
  11 1.006
  12 1.005
  13 1.003
  14 0.999
  15 0.997
  16 0.995
  17 0.994
!------------------------------------------------------------------------------!
 3D Distribution     :                                                          

 CHAN     2     3     4     5     6     7     8     9    10    11    12    13    14    15    16    17
      ----- ----- ----- ----- ----- ----- ----- ----- ----- ----- ----- ----- ----- ----- ----- -----
   1: 0.990 0.995 1.005 1.019 1.036 1.048 1.056 1.061 1.062 1.060 1.056 1.049 1.040 1.032 1.027 1.023
   2: 0.989 0.992 0.999 1.011 1.024 1.034 1.041 1.045 1.046 1.044 1.041 1.035 1.028 1.022 1.017 1.015
   3: 0.986 0.987 0.990 0.996 1.003 1.008 1.011 1.014 1.014 1.014 1.012 1.009 1.005 1.002 1.000 0.998
   4: 0.986 0.988 0.993 1.001 1.010 1.018 1.023 1.026 1.026 1.026 1.023 1.019 1.014 1.009 1.006 1.004
   5: 0.985 0.988 0.992 1.000 1.008 1.015 1.020 1.023 1.024 1.023 1.021 1.017 1.012 1.008 1.005 1.003
   6: 0.983 0.984 0.987 0.991 0.995 0.999 1.002 1.003 1.004 1.004 1.002 1.000 0.998 0.995 0.994 0.993
   7: 0.982 0.982 0.983 0.984 0.986 0.987 0.989 0.989 0.989 0.989 0.989 0.988 0.987 0.986 0.986 0.985
   8: 0.982 0.982 0.983 0.985 0.988 0.990 0.991 0.992 0.992 0.992 0.991 0.990 0.989 0.988 0.987 0.987
   9: 0.989 0.992 0.999 1.011 1.024 1.034 1.041 1.045 1.046 1.044 1.041 1.035 1.028 1.022 1.017 1.015
  10: 0.988 0.992 1.000 1.012 1.025 1.035 1.042 1.046 1.047 1.046 1.042 1.036 1.029 1.022 1.018 1.015
  11: 0.987 0.989 0.994 1.003 1.013 1.021 1.026 1.029 1.030 1.029 1.026 1.022 1.016 1.012 1.008 1.006
  12: 0.986 0.989 0.994 1.002 1.012 1.020 1.025 1.028 1.029 1.028 1.025 1.021 1.016 1.011 1.008 1.006
  13: 0.985 0.986 0.990 0.996 1.003 1.008 1.012 1.014 1.015 1.014 1.012 1.009 1.005 1.002 1.000 0.998
  14: 0.983 0.983 0.984 0.986 0.989 0.991 0.992 0.993 0.994 0.993 0.993 0.992 0.990 0.989 0.988 0.987
  15: 0.982 0.983 0.984 0.986 0.988 0.990 0.992 0.993 0.993 0.993 0.992 0.991 0.990 0.988 0.988 0.987
  16: 0.981 0.982 0.983 0.984 0.986 0.988 0.989 0.990 0.990 0.990 0.989 0.988 0.987 0.986 0.986 0.985
  17: 0.986 0.987 0.990 0.996 1.003 1.008 1.011 1.014 1.014 1.014 1.012 1.009 1.005 1.002 1.000 0.998
  18: 0.987 0.989 0.994 1.003 1.013 1.021 1.026 1.029 1.030 1.029 1.026 1.022 1.016 1.012 1.008 1.006
  19: 0.985 0.985 0.988 0.993 0.999 1.003 1.006 1.008 1.008 1.008 1.007 1.004 1.001 0.998 0.996 0.995
  20: 0.985 0.987 0.990 0.996 1.004 1.009 1.013 1.016 1.016 1.016 1.014 1.011 1.007 1.003 1.001 0.999
  21: 0.983 0.984 0.985 0.988 0.992 0.994 0.996 0.998 0.998 0.998 0.997 0.995 0.993 0.991 0.990 0.990
  22: 0.983 0.983 0.985 0.988 0.991 0.994 0.995 0.997 0.997 0.997 0.996 0.994 0.992 0.991 0.990 0.989
  23: 0.982 0.982 0.983 0.984 0.986 0.987 0.988 0.989 0.989 0.989 0.988 0.988 0.987 0.986 0.985 0.985
  24: 0.986 0.988 0.993 1.001 1.010 1.018 1.023 1.026 1.026 1.026 1.023 1.019 1.014 1.009 1.006 1.004
  25: 0.986 0.989 0.994 1.002 1.012 1.020 1.025 1.028 1.029 1.028 1.025 1.021 1.016 1.011 1.008 1.006
  26: 0.985 0.987 0.990 0.996 1.004 1.009 1.013 1.016 1.016 1.016 1.014 1.011 1.007 1.003 1.001 0.999
  27: 0.984 0.986 0.990 0.995 1.002 1.007 1.011 1.013 1.014 1.014 1.012 1.009 1.005 1.002 1.000 0.998
  28: 0.983 0.984 0.987 0.991 0.995 0.999 1.002 1.003 1.004 1.003 1.002 1.000 0.997 0.995 0.994 0.993
  29: 0.983 0.984 0.986 0.989 0.994 0.997 0.999 1.001 1.001 1.001 1.000 0.998 0.996 0.994 0.992 0.991
  30: 0.982 0.982 0.984 0.986 0.988 0.990 0.991 0.992 0.992 0.992 0.992 0.991 0.989 0.988 0.987 0.987
  31: 0.985 0.988 0.992 1.000 1.008 1.015 1.020 1.023 1.024 1.023 1.021 1.017 1.012 1.008 1.005 1.003
  32: 0.985 0.986 0.990 0.996 1.003 1.008 1.012 1.014 1.015 1.014 1.012 1.009 1.005 1.002 1.000 0.998
  33: 0.983 0.984 0.985 0.988 0.992 0.994 0.996 0.998 0.998 0.998 0.997 0.995 0.993 0.991 0.990 0.990
  34: 0.983 0.984 0.987 0.991 0.995 0.999 1.002 1.003 1.004 1.003 1.002 1.000 0.997 0.995 0.994 0.993
  35: 0.982 0.983 0.984 0.986 0.988 0.990 0.992 0.992 0.993 0.992 0.992 0.991 0.989 0.988 0.987 0.987
  36: 0.982 0.983 0.984 0.987 0.990 0.992 0.994 0.995 0.995 0.995 0.994 0.993 0.991 0.990 0.989 0.988
  37: 0.983 0.984 0.987 0.991 0.995 0.999 1.002 1.003 1.004 1.004 1.002 1.000 0.998 0.995 0.994 0.993
  38: 0.983 0.983 0.984 0.986 0.989 0.991 0.992 0.993 0.994 0.993 0.993 0.992 0.990 0.989 0.988 0.987
  39: 0.983 0.983 0.985 0.988 0.991 0.994 0.995 0.997 0.997 0.997 0.996 0.994 0.992 0.991 0.990 0.989
  40: 0.983 0.984 0.986 0.989 0.994 0.997 0.999 1.001 1.001 1.001 1.000 0.998 0.996 0.994 0.992 0.991
  41: 0.982 0.983 0.984 0.987 0.990 0.992 0.994 0.995 0.995 0.995 0.994 0.993 0.991 0.990 0.989 0.988
  42: 0.982 0.982 0.983 0.984 0.986 0.987 0.989 0.989 0.989 0.989 0.989 0.988 0.987 0.986 0.986 0.985
  43: 0.982 0.983 0.984 0.986 0.988 0.990 0.992 0.993 0.993 0.993 0.992 0.991 0.990 0.988 0.988 0.987
  44: 0.982 0.982 0.983 0.984 0.986 0.987 0.988 0.989 0.989 0.989 0.988 0.988 0.987 0.986 0.985 0.985
  45: 0.982 0.982 0.984 0.986 0.988 0.990 0.991 0.992 0.992 0.992 0.992 0.991 0.989 0.988 0.987 0.987
  46: 0.982 0.982 0.983 0.985 0.988 0.990 0.991 0.992 0.992 0.992 0.991 0.990 0.989 0.988 0.987 0.987
  47: 0.981 0.982 0.983 0.984 0.986 0.988 0.989 0.990 0.990 0.990 0.989 0.988 0.987 0.986 0.986 0.985
