
    0.000
    0.010
    0.016
    0.022
    0.025
    0.027
    0.032
    0.036
    0.040
    0.044
    0.048
    0.051
    0.055
    0.058
    0.061
    0.064
    0.067
    0.070
    0.073
    0.075
    0.078
    0.080
    0.083
    0.085
    0.088
    0.090
    0.093
    0.096
    0.099
    0.102
    0.106
    0.109
    0.113
    0.116
    0.120
    0.124
    0.127
    0.131
    0.135
    0.139
    0.143
    0.147
    0.150
    0.154
    0.158
    0.162
    0.166
    0.170
    0.174
    0.178
    0.181
    0.185
    0.189
    0.193
    0.197
    0.201
    0.205
    0.209
    0.213
    0.217
    0.221
    0.225
    0.229
    0.233
    0.237
    0.241
    0.245
    0.248
    0.252
    0.256
    0.260
    0.264
    0.268
    0.272
    0.276
    0.280
    0.284
    0.288
    0.292
    0.296
    0.300
    0.304
    0.308
    0.312
    0.316
    0.320
    0.324
    0.328
    0.332
    0.335
    0.339
    0.343
    0.347
    0.351
    0.355
    0.359
    0.363
    0.367
    0.371
    0.375
    0.379
    0.383
    0.387
    0.391
    0.395
    0.399
    0.403
    0.407
    0.411
    0.415
    0.419
    0.423
    0.427
    0.432
    0.436
    0.440
    0.444
    0.448
    0.452
    0.456
    0.461
    0.465
    0.469
    0.474
    0.478
    0.483
    0.487
    0.492
    0.496
    0.501
    0.506
    0.510
    0.515
    0.520
    0.525
    0.530
    0.535
    0.540
    0.545
    0.549
    0.555
    0.560
    0.565
    0.569
    0.574
    0.579
    0.583
    0.588
    0.592
    0.596
    0.601
    0.605
    0.609
    0.614
    0.618
    0.622
    0.627
    0.631
    0.636
    0.640
    0.645
    0.649
    0.654
    0.659
    0.664
    0.668
    0.673
    0.678
    0.683
    0.689
    0.694
    0.699
    0.705
    0.710
    0.716
    0.722
    0.727
    0.733
    0.739
    0.745
    0.751
    0.757
    0.764
    0.770
    0.776
    0.783
    0.789
    0.796
    0.803
    0.810
    0.817
    0.824
    0.831
    0.838
    0.846
    0.854
    0.861
    0.869
    0.877
    0.886
    0.894
    0.903
    0.911
    0.920
    0.930
    0.939
    0.949
    0.959
    0.969
    0.980
    0.991
    1.002
    1.014
    1.026
    1.038
    1.051
    1.065
    1.079
    1.094
    1.109
    1.125
    1.142
    1.159
    1.178
    1.198
    1.218
    1.240
    1.262
    1.286
    1.312
    1.338
    1.366
    1.395
    1.425
    1.456
    1.488
    1.521
    1.555
    1.590
    1.627
    1.664
    1.702
    1.741
    1.781
    1.821
    1.863
    1.901
    1.943
    1.983
    2.022
    2.062
    2.103
    2.146
    2.192
    2.244
    2.298
    2.355
    2.415
    2.480
    2.550
    2.618
    2.692
    2.764
    2.844
    2.927
    3.013
    3.104
    3.194
    3.284
    3.375
    3.470
    3.566
    3.661
    3.757
    3.853
    3.948
    4.044
    4.139
    4.235
    4.331
    4.426
    4.522
    4.618
    4.713
    4.809
    4.904
    5.000
