!==============================================================================!
!                                   SKETCH-N                                   !
!  Nodal Neutron Diffusion Code for Solving Steady-State and Kinetics Problems !
!              Version 1.0 (c) Slava 2000 e-mail: na.vzimin@na-net.ornl.gov    !
!      Date & Time of Calculation :  5 May      2025   1:48:56 pm              !
!==============================================================================!

!------------------------------------------------------------------------------!
!     INPUT/OUTPUT FILES:                                                      !
!------------------------------------------------------------------------------!

   Input General Data: Input/KOEBERG2D.DAT                                                                                 
   Output Steady-State Restart File: Restart/koeberg2d.dat                                                                               


!------------------------------------------------------------------------------!
!     SKETCH-N OPTIONS                                                         !
!------------------------------------------------------------------------------!

   Space Discretization            : Semi-Analytic Method (SANM)                                                     
   Transverse Leakage Approximation: QLA 
   Nonlinear Iteration Procedure   : Smith

!------------------------------------------------------------------------------!
!     ITERATIVE CONVERGENCE CRITERIA                                           !
!------------------------------------------------------------------------------!

   Number of Outer Iterations per Nonlinear (convergence) :            1
   Number of Outer Iterations per Nonlinear (calculation) :           10
   Convergence Criteria for Eigenvalue                    :  0.10000E-04
   Convergence Criteria on Neutron Flux                   :  0.10000E-04
   Number of Inner Iterations per Outer                   :            2
   Convergence Criteria for Inner Iterations              :  0.10000E-07


!------------------------------------------------------------------------------!
!     ITERATIVE PARAMETERS                                                     !
!------------------------------------------------------------------------------!

   Estimate of Minimum Eigenvalue of the Iteration Matrix  :  0.00000E+00
   Estimate of Maximum Eigenvalue or Dominance Ratio
                                  of the Iteration Matrix  :  0.80000E+00
   Adaptivity Parameter of the Chebyshev Acceleration      :  0.00000E+00
   Outer Iteration Number when Chebyshev Acceleration Start:            5
   Inverse Value of the Wieland Shift                      :  0.10000E+02

!------------------------------------------------------------------------------!
!   KOEBERG-2D PWR BENCHMARK                                                   !
!      (c) Slava August 2000 JAERI                                             !
!                                                                              !
!------------------------------------------------------------------------------!
!------------------------------------------------------------------------------!
!     PROBLEM DESCRIPTION                                                      !
!------------------------------------------------------------------------------!

 Reactor Type:   PWR
 Reactor Power [MWt]: 0.100000E+01
 Type of the Computing Problem: Steady-State        
 Thermal-Hydraulics Model: None                

 Geometry Parameters
    Number of Dimensions:                                      2
    Initial Spatial Mesh (x,y,z):                        9x 9x 1
    Neuronics Spatial Mesh (x,y,z):                      9x 9x 1
    Number of Bundles (Assemblies) in x-y plane:              64
    Number of Nodes per Bundle (Assembly) in x-y plane:        1
    Number of Neutronics Nodes in x-y plane:                  64
    Number of Bundle (Assembly) Types:                         7
 Geometry Data :

    Numbering the Reactor Bundles (Assemblies):                                 

        1   2   3   4   5   6   7   8   9
      --- --- --- --- --- --- --- --- ---
  1:    1   2   3   4   5   6   7   8   9
  2:   10  11  12  13  14  15  16  17  18
  3:   19  20  21  22  23  24  25  26  27
  4:   28  29  30  31  32  33  34  35
  5:   36  37  38  39  40  41  42  43
  6:   44  45  46  47  48  49  50
  7:   51  52  53  54  55  56
  8:   57  58  59  60  61
  9:   62  63  64

    Initial Spatial Mesh X:
         10.804 21.608 21.608 21.608 21.608 21.608 21.608 21.608 21.608
    Initial Spatial Mesh Y:
         10.804 21.608 21.608 21.608 21.608 21.608 21.608 21.608 21.608
    Initial Spatial Mesh Z:
          1.000
    Neutronics Spatial Mesh X:
         10.804 21.608 21.608 21.608 21.608 21.608 21.608 21.608 21.608
    Neutronics Spatial Mesh Y:
         10.804 21.608 21.608 21.608 21.608 21.608 21.608 21.608 21.608
    Neutronics Spatial Mesh Z:
          1.000

    Reactor Loading by the Bundle Types                                         

        1   2   3   4   5   6   7   8   9
      --- --- --- --- --- --- --- --- ---
  1:    1   3   1   3   1   2   1   4   7
  2:    3   1   3   1   2   1   6   4   7
  3:    1   3   1   2   1   3   4   7   7
  4:    3   1   2   1   3   5   4   7
  5:    1   2   1   3   1   4   7   7
  6:    2   1   3   5   4   7   7
  7:    1   6   4   4   7   7
  8:    4   4   7   7   7
  9:    7   7   7

    Bundle Material Compositions:
          1:   1
          2:   2
          3:   3
          4:   4
          5:   5
          6:   6
          7:   7

    Boundary Conditions Types (left, right, up, down, top, bottom) :
      "0" is zero flux, "1" is logarithmic derivative
         1 1 1 1 1 1
    Boundary Conditions Constants:
       left  x:    0.000  0.000  0.000  0.000
       right x:    0.500  0.500  0.500  0.500
          up y:    0.000  0.000  0.000  0.000
        down y:    0.500  0.500  0.500  0.500
         top z:    0.000  0.000  0.000  0.000
      bottom z:    0.000  0.000  0.000  0.000
    Axial Buckling :
          0.000  0.000  0.000  0.000
!------------------------------------------------------------------------------!

    Reactor Core Parameters:
       Number of Bundles (Assemblies) in x-y plane:              47
       Number of Axial Layers                     :              16
       Reactor Core Height, [cm]                  :           1.000

    Reactor Core Geometry:                                                      

        1   2   3   4   5   6   7   8
      --- --- --- --- --- --- --- ---
  1:    1   2   3   4   5   6   7   8
  2:    9  10  11  12  13  14  15  16
  3:   17  18  19  20  21  22  23
  4:   24  25  26  27  28  29  30
  5:   31  32  33  34  35  36
  6:   37  38  39  40  41
  7:   42  43  44  45
  8:   46  47

!------------------------------------------------------------------------------!

 Control Rod Parameters:
    Number of Control Rods                                 :       1
    Number of Control Rod Types                            :       1
    Number of Control Rod Elements (Absorber, Driver, etc.):       1
    Number of Control Rod Material Compositions            :       1
    Number of Bundles Covered by Control Rod               :       1
 Control Rod Data :

    Location of the Control Rods in the Core  :                                 

         1    2    3    4    5    6    7    8
      ---- ---- ---- ---- ---- ---- ---- ----
  1:     1    -    -    -    -    -    -    -
  2:     -    -    -    -    -    -    -    -
  3:     -    -    -    -    -    -    -
  4:     -    -    -    -    -    -    -
  5:     -    -    -    -    -    -
  6:     -    -    -    -    -
  7:     -    -    -    -
  8:     -    -


    Control Rod Types                         :                                 

         1    2    3    4    5    6    7    8
      ---- ---- ---- ---- ---- ---- ---- ----
  1:     1    -    -    -    -    -    -    -
  2:     -    -    -    -    -    -    -    -
  3:     -    -    -    -    -    -    -
  4:     -    -    -    -    -    -    -
  5:     -    -    -    -    -    -
  6:     -    -    -    -    -
  7:     -    -    -    -
  8:     -    -

    Control Rod Material Compositions:
          1:   1
    Length of the Control Rod Elements (Absorber, Driver): 
             0.000
!------------------------------------------------------------------------------!

   Cross Section parameters:
       Number of Material Compositions                 :       7
       Number of Neutron Energy Groups                 :       4
       Number of Delayed Neutron Precursor Groups      :       1
       Number of Feedbacks                             :       4
       Macro Cross Section Model                       : POLYNOM   
       Homogenization Method for Partially Roded Nodes : FLUX-WEIGHTING  
 Macro Cross Section Data :
    Diffusion Coefficient Flag in the Input Data :  1
    Basic Macro Cross Section Set:
           Material Composition number :   1
  0.249187E+01  0.365400E-02  0.822800E-02  0.822800E-02
  0.104522E+01  0.212400E-02  0.536000E-03  0.536000E-03
  0.677407E+00  0.199080E-01  0.705800E-02  0.705800E-02
  0.375191E+00  0.679900E-01  0.839300E-01  0.839300E-01
  0.000000E+00  0.000000E+00  0.000000E+00  0.000000E+00
  0.637890E-01  0.000000E+00  0.000000E+00  0.000000E+00
  0.486000E-03  0.643810E-01  0.000000E+00  0.124500E-02
  0.000000E+00  0.300000E-05  0.508490E-01  0.000000E+00
           Material Composition number :   2
  0.249265E+01  0.368500E-02  0.829500E-02  0.829500E-02
  0.104984E+01  0.221500E-02  0.713000E-03  0.713000E-03
  0.676610E+00  0.220120E-01  0.923000E-02  0.923000E-02
  0.379481E+00  0.850520E-01  0.108244E+00  0.108244E+00
  0.000000E+00  0.000000E+00  0.000000E+00  0.000000E+00
  0.631120E-01  0.000000E+00  0.000000E+00  0.000000E+00
  0.478000E-03  0.630780E-01  0.000000E+00  0.154300E-02
  0.000000E+00  0.300000E-05  0.484200E-01  0.000000E+00
           Material Composition number :   3
  0.249198E+01  0.368400E-02  0.828500E-02  0.828500E-02
  0.105191E+01  0.222100E-02  0.713000E-03  0.713000E-03
  0.677084E+00  0.224030E-01  0.921400E-02  0.921400E-02
  0.381453E+00  0.880770E-01  0.108087E+00  0.108087E+00
  0.000000E+00  0.000000E+00  0.000000E+00  0.000000E+00
  0.627650E-01  0.000000E+00  0.000000E+00  0.000000E+00
  0.473000E-03  0.624040E-01  0.000000E+00  0.159800E-02
  0.000000E+00  0.300000E-05  0.475490E-01  0.000000E+00
           Material Composition number :   4
  0.249254E+01  0.374000E-02  0.845900E-02  0.845900E-02
  0.104530E+01  0.229900E-02  0.923000E-03  0.923000E-03
  0.674684E+00  0.226210E-01  0.117140E-01  0.117140E-01
  0.374240E+00  0.910000E-01  0.133600E+00  0.133600E+00
  0.000000E+00  0.000000E+00  0.000000E+00  0.000000E+00
  0.637370E-01  0.000000E+00  0.000000E+00  0.000000E+00
  0.486000E-03  0.643300E-01  0.000000E+00  0.163000E-02
  0.000000E+00  0.300000E-05  0.495180E-01  0.000000E+00
           Material Composition number :   5
  0.249233E+01  0.373000E-02  0.840900E-02  0.840900E-02
  0.105195E+01  0.231500E-02  0.921000E-03  0.921000E-03
  0.675683E+00  0.238220E-01  0.116750E-01  0.116750E-01
  0.380606E+00  0.100246E+00  0.134282E+00  0.134282E+00
  0.000000E+00  0.000000E+00  0.000000E+00  0.000000E+00
  0.627370E-01  0.000000E+00  0.000000E+00  0.000000E+00
  0.473000E-03  0.623760E-01  0.000000E+00  0.179700E-02
  0.000000E+00  0.300000E-05  0.468590E-01  0.000000E+00
           Material Composition number :   6
  0.249152E+01  0.373000E-02  0.840000E-02  0.840000E-02
  0.105403E+01  0.232100E-02  0.921000E-03  0.921000E-03
  0.676197E+00  0.241960E-01  0.116510E-01  0.116510E-01
  0.382434E+00  0.103283E+00  0.133974E+00  0.133974E+00
  0.000000E+00  0.000000E+00  0.000000E+00  0.000000E+00
  0.623860E-01  0.000000E+00  0.000000E+00  0.000000E+00
  0.468000E-03  0.616960E-01  0.000000E+00  0.185200E-02
  0.000000E+00  0.300000E-05  0.460050E-01  0.000000E+00
           Material Composition number :   7
  0.211974E+01  0.466000E-03  0.000000E+00  0.000000E+00
  0.980098E+00  0.263000E-03  0.000000E+00  0.000000E+00
  0.531336E+00  0.428200E-02  0.000000E+00  0.000000E+00
  0.105803E+01  0.116918E+00  0.000000E+00  0.000000E+00
  0.000000E+00  0.000000E+00  0.000000E+00  0.000000E+00
  0.420520E-01  0.000000E+00  0.000000E+00  0.000000E+00
  0.322000E-03  0.445890E-01  0.000000E+00  0.978000E-03
  0.000000E+00  0.000000E+00  0.522460E-01  0.000000E+00
    Polynomial Coefficients for Macro Cross Sections
           Material Composition number :   1
  0.000000E+00  0.000000E+00  0.000000E+00  0.000000E+00
  0.000000E+00  0.000000E+00  0.000000E+00  0.000000E+00
  0.000000E+00  0.000000E+00  0.000000E+00  0.000000E+00
  0.000000E+00  0.000000E+00  0.000000E+00  0.000000E+00
  0.000000E+00  0.000000E+00  0.000000E+00  0.000000E+00
  0.000000E+00  0.000000E+00  0.000000E+00  0.000000E+00
  0.000000E+00  0.000000E+00  0.000000E+00  0.000000E+00
  0.000000E+00  0.000000E+00  0.000000E+00  0.000000E+00
  0.100000E+01
  0.000000E+00  0.000000E+00  0.000000E+00  0.000000E+00
  0.000000E+00  0.000000E+00  0.000000E+00  0.000000E+00
  0.000000E+00  0.000000E+00  0.000000E+00  0.000000E+00
  0.000000E+00  0.000000E+00  0.000000E+00  0.000000E+00
  0.000000E+00  0.000000E+00  0.000000E+00  0.000000E+00
  0.000000E+00  0.000000E+00  0.000000E+00  0.000000E+00
  0.000000E+00  0.000000E+00  0.000000E+00  0.000000E+00
  0.000000E+00  0.000000E+00  0.000000E+00  0.000000E+00
  0.100000E+01
  0.000000E+00  0.000000E+00  0.000000E+00  0.000000E+00
  0.000000E+00  0.000000E+00  0.000000E+00  0.000000E+00
  0.000000E+00  0.000000E+00  0.000000E+00  0.000000E+00
  0.000000E+00  0.000000E+00  0.000000E+00  0.000000E+00
  0.000000E+00  0.000000E+00  0.000000E+00  0.000000E+00
  0.000000E+00  0.000000E+00  0.000000E+00  0.000000E+00
  0.000000E+00  0.000000E+00  0.000000E+00  0.000000E+00
  0.000000E+00  0.000000E+00  0.000000E+00  0.000000E+00
  0.100000E+01
  0.000000E+00  0.000000E+00  0.000000E+00  0.000000E+00
  0.000000E+00  0.000000E+00  0.000000E+00  0.000000E+00
  0.000000E+00  0.000000E+00  0.000000E+00  0.000000E+00
  0.000000E+00  0.000000E+00  0.000000E+00  0.000000E+00
  0.000000E+00  0.000000E+00  0.000000E+00  0.000000E+00
  0.000000E+00  0.000000E+00  0.000000E+00  0.000000E+00
  0.000000E+00  0.000000E+00  0.000000E+00  0.000000E+00
  0.000000E+00  0.000000E+00  0.000000E+00  0.000000E+00
  0.100000E+01
           Material Composition number :   2
  0.000000E+00  0.000000E+00  0.000000E+00  0.000000E+00
  0.000000E+00  0.000000E+00  0.000000E+00  0.000000E+00
  0.000000E+00  0.000000E+00  0.000000E+00  0.000000E+00
  0.000000E+00  0.000000E+00  0.000000E+00  0.000000E+00
  0.000000E+00  0.000000E+00  0.000000E+00  0.000000E+00
  0.000000E+00  0.000000E+00  0.000000E+00  0.000000E+00
  0.000000E+00  0.000000E+00  0.000000E+00  0.000000E+00
  0.000000E+00  0.000000E+00  0.000000E+00  0.000000E+00
  0.100000E+01
  0.000000E+00  0.000000E+00  0.000000E+00  0.000000E+00
  0.000000E+00  0.000000E+00  0.000000E+00  0.000000E+00
  0.000000E+00  0.000000E+00  0.000000E+00  0.000000E+00
  0.000000E+00  0.000000E+00  0.000000E+00  0.000000E+00
  0.000000E+00  0.000000E+00  0.000000E+00  0.000000E+00
  0.000000E+00  0.000000E+00  0.000000E+00  0.000000E+00
  0.000000E+00  0.000000E+00  0.000000E+00  0.000000E+00
  0.000000E+00  0.000000E+00  0.000000E+00  0.000000E+00
  0.100000E+01
  0.000000E+00  0.000000E+00  0.000000E+00  0.000000E+00
  0.000000E+00  0.000000E+00  0.000000E+00  0.000000E+00
  0.000000E+00  0.000000E+00  0.000000E+00  0.000000E+00
  0.000000E+00  0.000000E+00  0.000000E+00  0.000000E+00
  0.000000E+00  0.000000E+00  0.000000E+00  0.000000E+00
  0.000000E+00  0.000000E+00  0.000000E+00  0.000000E+00
  0.000000E+00  0.000000E+00  0.000000E+00  0.000000E+00
  0.000000E+00  0.000000E+00  0.000000E+00  0.000000E+00
  0.100000E+01
  0.000000E+00  0.000000E+00  0.000000E+00  0.000000E+00
  0.000000E+00  0.000000E+00  0.000000E+00  0.000000E+00
  0.000000E+00  0.000000E+00  0.000000E+00  0.000000E+00
  0.000000E+00  0.000000E+00  0.000000E+00  0.000000E+00
  0.000000E+00  0.000000E+00  0.000000E+00  0.000000E+00
  0.000000E+00  0.000000E+00  0.000000E+00  0.000000E+00
  0.000000E+00  0.000000E+00  0.000000E+00  0.000000E+00
  0.000000E+00  0.000000E+00  0.000000E+00  0.000000E+00
  0.100000E+01
           Material Composition number :   3
  0.000000E+00  0.000000E+00  0.000000E+00  0.000000E+00
  0.000000E+00  0.000000E+00  0.000000E+00  0.000000E+00
  0.000000E+00  0.000000E+00  0.000000E+00  0.000000E+00
  0.000000E+00  0.000000E+00  0.000000E+00  0.000000E+00
  0.000000E+00  0.000000E+00  0.000000E+00  0.000000E+00
  0.000000E+00  0.000000E+00  0.000000E+00  0.000000E+00
  0.000000E+00  0.000000E+00  0.000000E+00  0.000000E+00
  0.000000E+00  0.000000E+00  0.000000E+00  0.000000E+00
  0.100000E+01
  0.000000E+00  0.000000E+00  0.000000E+00  0.000000E+00
  0.000000E+00  0.000000E+00  0.000000E+00  0.000000E+00
  0.000000E+00  0.000000E+00  0.000000E+00  0.000000E+00
  0.000000E+00  0.000000E+00  0.000000E+00  0.000000E+00
  0.000000E+00  0.000000E+00  0.000000E+00  0.000000E+00
  0.000000E+00  0.000000E+00  0.000000E+00  0.000000E+00
  0.000000E+00  0.000000E+00  0.000000E+00  0.000000E+00
  0.000000E+00  0.000000E+00  0.000000E+00  0.000000E+00
  0.100000E+01
  0.000000E+00  0.000000E+00  0.000000E+00  0.000000E+00
  0.000000E+00  0.000000E+00  0.000000E+00  0.000000E+00
  0.000000E+00  0.000000E+00  0.000000E+00  0.000000E+00
  0.000000E+00  0.000000E+00  0.000000E+00  0.000000E+00
  0.000000E+00  0.000000E+00  0.000000E+00  0.000000E+00
  0.000000E+00  0.000000E+00  0.000000E+00  0.000000E+00
  0.000000E+00  0.000000E+00  0.000000E+00  0.000000E+00
  0.000000E+00  0.000000E+00  0.000000E+00  0.000000E+00
  0.100000E+01
  0.000000E+00  0.000000E+00  0.000000E+00  0.000000E+00
  0.000000E+00  0.000000E+00  0.000000E+00  0.000000E+00
  0.000000E+00  0.000000E+00  0.000000E+00  0.000000E+00
  0.000000E+00  0.000000E+00  0.000000E+00  0.000000E+00
  0.000000E+00  0.000000E+00  0.000000E+00  0.000000E+00
  0.000000E+00  0.000000E+00  0.000000E+00  0.000000E+00
  0.000000E+00  0.000000E+00  0.000000E+00  0.000000E+00
  0.000000E+00  0.000000E+00  0.000000E+00  0.000000E+00
  0.100000E+01
           Material Composition number :   4
  0.000000E+00  0.000000E+00  0.000000E+00  0.000000E+00
  0.000000E+00  0.000000E+00  0.000000E+00  0.000000E+00
  0.000000E+00  0.000000E+00  0.000000E+00  0.000000E+00
  0.000000E+00  0.000000E+00  0.000000E+00  0.000000E+00
  0.000000E+00  0.000000E+00  0.000000E+00  0.000000E+00
  0.000000E+00  0.000000E+00  0.000000E+00  0.000000E+00
  0.000000E+00  0.000000E+00  0.000000E+00  0.000000E+00
  0.000000E+00  0.000000E+00  0.000000E+00  0.000000E+00
  0.100000E+01
  0.000000E+00  0.000000E+00  0.000000E+00  0.000000E+00
  0.000000E+00  0.000000E+00  0.000000E+00  0.000000E+00
  0.000000E+00  0.000000E+00  0.000000E+00  0.000000E+00
  0.000000E+00  0.000000E+00  0.000000E+00  0.000000E+00
  0.000000E+00  0.000000E+00  0.000000E+00  0.000000E+00
  0.000000E+00  0.000000E+00  0.000000E+00  0.000000E+00
  0.000000E+00  0.000000E+00  0.000000E+00  0.000000E+00
  0.000000E+00  0.000000E+00  0.000000E+00  0.000000E+00
  0.100000E+01
  0.000000E+00  0.000000E+00  0.000000E+00  0.000000E+00
  0.000000E+00  0.000000E+00  0.000000E+00  0.000000E+00
  0.000000E+00  0.000000E+00  0.000000E+00  0.000000E+00
  0.000000E+00  0.000000E+00  0.000000E+00  0.000000E+00
  0.000000E+00  0.000000E+00  0.000000E+00  0.000000E+00
  0.000000E+00  0.000000E+00  0.000000E+00  0.000000E+00
  0.000000E+00  0.000000E+00  0.000000E+00  0.000000E+00
  0.000000E+00  0.000000E+00  0.000000E+00  0.000000E+00
  0.100000E+01
  0.000000E+00  0.000000E+00  0.000000E+00  0.000000E+00
  0.000000E+00  0.000000E+00  0.000000E+00  0.000000E+00
  0.000000E+00  0.000000E+00  0.000000E+00  0.000000E+00
  0.000000E+00  0.000000E+00  0.000000E+00  0.000000E+00
  0.000000E+00  0.000000E+00  0.000000E+00  0.000000E+00
  0.000000E+00  0.000000E+00  0.000000E+00  0.000000E+00
  0.000000E+00  0.000000E+00  0.000000E+00  0.000000E+00
  0.000000E+00  0.000000E+00  0.000000E+00  0.000000E+00
  0.100000E+01
           Material Composition number :   5
  0.000000E+00  0.000000E+00  0.000000E+00  0.000000E+00
  0.000000E+00  0.000000E+00  0.000000E+00  0.000000E+00
  0.000000E+00  0.000000E+00  0.000000E+00  0.000000E+00
  0.000000E+00  0.000000E+00  0.000000E+00  0.000000E+00
  0.000000E+00  0.000000E+00  0.000000E+00  0.000000E+00
  0.000000E+00  0.000000E+00  0.000000E+00  0.000000E+00
  0.000000E+00  0.000000E+00  0.000000E+00  0.000000E+00
  0.000000E+00  0.000000E+00  0.000000E+00  0.000000E+00
  0.100000E+01
  0.000000E+00  0.000000E+00  0.000000E+00  0.000000E+00
  0.000000E+00  0.000000E+00  0.000000E+00  0.000000E+00
  0.000000E+00  0.000000E+00  0.000000E+00  0.000000E+00
  0.000000E+00  0.000000E+00  0.000000E+00  0.000000E+00
  0.000000E+00  0.000000E+00  0.000000E+00  0.000000E+00
  0.000000E+00  0.000000E+00  0.000000E+00  0.000000E+00
  0.000000E+00  0.000000E+00  0.000000E+00  0.000000E+00
  0.000000E+00  0.000000E+00  0.000000E+00  0.000000E+00
  0.100000E+01
  0.000000E+00  0.000000E+00  0.000000E+00  0.000000E+00
  0.000000E+00  0.000000E+00  0.000000E+00  0.000000E+00
  0.000000E+00  0.000000E+00  0.000000E+00  0.000000E+00
  0.000000E+00  0.000000E+00  0.000000E+00  0.000000E+00
  0.000000E+00  0.000000E+00  0.000000E+00  0.000000E+00
  0.000000E+00  0.000000E+00  0.000000E+00  0.000000E+00
  0.000000E+00  0.000000E+00  0.000000E+00  0.000000E+00
  0.000000E+00  0.000000E+00  0.000000E+00  0.000000E+00
  0.100000E+01
  0.000000E+00  0.000000E+00  0.000000E+00  0.000000E+00
  0.000000E+00  0.000000E+00  0.000000E+00  0.000000E+00
  0.000000E+00  0.000000E+00  0.000000E+00  0.000000E+00
  0.000000E+00  0.000000E+00  0.000000E+00  0.000000E+00
  0.000000E+00  0.000000E+00  0.000000E+00  0.000000E+00
  0.000000E+00  0.000000E+00  0.000000E+00  0.000000E+00
  0.000000E+00  0.000000E+00  0.000000E+00  0.000000E+00
  0.000000E+00  0.000000E+00  0.000000E+00  0.000000E+00
  0.100000E+01
           Material Composition number :   6
  0.000000E+00  0.000000E+00  0.000000E+00  0.000000E+00
  0.000000E+00  0.000000E+00  0.000000E+00  0.000000E+00
  0.000000E+00  0.000000E+00  0.000000E+00  0.000000E+00
  0.000000E+00  0.000000E+00  0.000000E+00  0.000000E+00
  0.000000E+00  0.000000E+00  0.000000E+00  0.000000E+00
  0.000000E+00  0.000000E+00  0.000000E+00  0.000000E+00
  0.000000E+00  0.000000E+00  0.000000E+00  0.000000E+00
  0.000000E+00  0.000000E+00  0.000000E+00  0.000000E+00
  0.100000E+01
  0.000000E+00  0.000000E+00  0.000000E+00  0.000000E+00
  0.000000E+00  0.000000E+00  0.000000E+00  0.000000E+00
  0.000000E+00  0.000000E+00  0.000000E+00  0.000000E+00
  0.000000E+00  0.000000E+00  0.000000E+00  0.000000E+00
  0.000000E+00  0.000000E+00  0.000000E+00  0.000000E+00
  0.000000E+00  0.000000E+00  0.000000E+00  0.000000E+00
  0.000000E+00  0.000000E+00  0.000000E+00  0.000000E+00
  0.000000E+00  0.000000E+00  0.000000E+00  0.000000E+00
  0.100000E+01
  0.000000E+00  0.000000E+00  0.000000E+00  0.000000E+00
  0.000000E+00  0.000000E+00  0.000000E+00  0.000000E+00
  0.000000E+00  0.000000E+00  0.000000E+00  0.000000E+00
  0.000000E+00  0.000000E+00  0.000000E+00  0.000000E+00
  0.000000E+00  0.000000E+00  0.000000E+00  0.000000E+00
  0.000000E+00  0.000000E+00  0.000000E+00  0.000000E+00
  0.000000E+00  0.000000E+00  0.000000E+00  0.000000E+00
  0.000000E+00  0.000000E+00  0.000000E+00  0.000000E+00
  0.100000E+01
  0.000000E+00  0.000000E+00  0.000000E+00  0.000000E+00
  0.000000E+00  0.000000E+00  0.000000E+00  0.000000E+00
  0.000000E+00  0.000000E+00  0.000000E+00  0.000000E+00
  0.000000E+00  0.000000E+00  0.000000E+00  0.000000E+00
  0.000000E+00  0.000000E+00  0.000000E+00  0.000000E+00
  0.000000E+00  0.000000E+00  0.000000E+00  0.000000E+00
  0.000000E+00  0.000000E+00  0.000000E+00  0.000000E+00
  0.000000E+00  0.000000E+00  0.000000E+00  0.000000E+00
  0.100000E+01
           Material Composition number :   7
  0.000000E+00  0.000000E+00  0.000000E+00  0.000000E+00
  0.000000E+00  0.000000E+00  0.000000E+00  0.000000E+00
  0.000000E+00  0.000000E+00  0.000000E+00  0.000000E+00
  0.000000E+00  0.000000E+00  0.000000E+00  0.000000E+00
  0.000000E+00  0.000000E+00  0.000000E+00  0.000000E+00
  0.000000E+00  0.000000E+00  0.000000E+00  0.000000E+00
  0.000000E+00  0.000000E+00  0.000000E+00  0.000000E+00
  0.000000E+00  0.000000E+00  0.000000E+00  0.000000E+00
  0.100000E+01
  0.000000E+00  0.000000E+00  0.000000E+00  0.000000E+00
  0.000000E+00  0.000000E+00  0.000000E+00  0.000000E+00
  0.000000E+00  0.000000E+00  0.000000E+00  0.000000E+00
  0.000000E+00  0.000000E+00  0.000000E+00  0.000000E+00
  0.000000E+00  0.000000E+00  0.000000E+00  0.000000E+00
  0.000000E+00  0.000000E+00  0.000000E+00  0.000000E+00
  0.000000E+00  0.000000E+00  0.000000E+00  0.000000E+00
  0.000000E+00  0.000000E+00  0.000000E+00  0.000000E+00
  0.100000E+01
  0.000000E+00  0.000000E+00  0.000000E+00  0.000000E+00
  0.000000E+00  0.000000E+00  0.000000E+00  0.000000E+00
  0.000000E+00  0.000000E+00  0.000000E+00  0.000000E+00
  0.000000E+00  0.000000E+00  0.000000E+00  0.000000E+00
  0.000000E+00  0.000000E+00  0.000000E+00  0.000000E+00
  0.000000E+00  0.000000E+00  0.000000E+00  0.000000E+00
  0.000000E+00  0.000000E+00  0.000000E+00  0.000000E+00
  0.000000E+00  0.000000E+00  0.000000E+00  0.000000E+00
  0.100000E+01
  0.000000E+00  0.000000E+00  0.000000E+00  0.000000E+00
  0.000000E+00  0.000000E+00  0.000000E+00  0.000000E+00
  0.000000E+00  0.000000E+00  0.000000E+00  0.000000E+00
  0.000000E+00  0.000000E+00  0.000000E+00  0.000000E+00
  0.000000E+00  0.000000E+00  0.000000E+00  0.000000E+00
  0.000000E+00  0.000000E+00  0.000000E+00  0.000000E+00
  0.000000E+00  0.000000E+00  0.000000E+00  0.000000E+00
  0.000000E+00  0.000000E+00  0.000000E+00  0.000000E+00
  0.100000E+01
    Initial Feedback Values                         
  0.100000E+01  0.100000E+01  0.100000E+01  0.100000E+01
    Differential Cross Sections for Control Rods    
           CR Material Composition number :   1
  0.000000E+00  0.000000E+00  0.000000E+00  0.000000E+00
  0.000000E+00  0.000000E+00  0.000000E+00  0.000000E+00
  0.000000E+00  0.000000E+00  0.000000E+00  0.000000E+00
  0.000000E+00  0.000000E+00  0.000000E+00  0.000000E+00
  0.000000E+00  0.000000E+00  0.000000E+00  0.000000E+00
  0.000000E+00  0.000000E+00  0.000000E+00  0.000000E+00
  0.000000E+00  0.000000E+00  0.000000E+00  0.000000E+00
  0.000000E+00  0.000000E+00  0.000000E+00  0.000000E+00
    Prompt Neutron Spectrum:   
   0.74525   0.25433   0.00042   0.00000
    Energy Release per Fission:   
  0.320400E-10  0.320400E-10  0.320400E-10  0.320400E-10
    Part of the Power Directly Deposited into Coolant:   
  0.000000E+00
!------------------------------------------------------------------------------!
 No Feedbacks, Pure Neutronics Calculations
!==============================================================================!
!                                   SKETCH-N                                   !
!  Nodal Neutron Diffusion Code for Solving Steady-State and Kinetics Problems !
!              Version 1.0 (c) Slava 2000 e-mail: na.vzimin@na-net.ornl.gov    !
!      Date & Time of Calculation :  5 May      2025   1:48:56 pm              !
!==============================================================================!
                 INITIAL DATA SET
                 STEADY-STATE CALCULATIONS
!------------------------------------------------------------------------------!
     k_ef                                  :  1.000000
!------------------------------------------------------------------------------!

    Control Rod Positions (cm, PWR from the bottom, BWR from the top):          

         1    2    3    4    5    6    7    8
      ---- ---- ---- ---- ---- ---- ---- ----
  1:    0.   -    -    -    -    -    -    - 
  2:    -    -    -    -    -    -    -    - 
  3:    -    -    -    -    -    -    - 
  4:    -    -    -    -    -    -    - 
  5:    -    -    -    -    -    - 
  6:    -    -    -    -    - 
  7:    -    -    -    - 
  8:    -    - 


    Control Rod Positions (% of the Covered Reactor Core)           :           

         1    2    3    4    5    6    7    8
      ---- ---- ---- ---- ---- ---- ---- ----
  1:    0.   -    -    -    -    -    -    - 
  2:    -    -    -    -    -    -    -    - 
  3:    -    -    -    -    -    -    - 
  4:    -    -    -    -    -    -    - 
  5:    -    -    -    -    -    - 
  6:    -    -    -    -    - 
  7:    -    -    -    - 
  8:    -    - 

  Number of the CR in the Axial Layer:
          0.000
!------------------------------------------------------------------------------!
     POWER DISTRIBUTION            
!------------------------------------------------------------------------------!
     Total Reactor Power                   :  0.10000E+01 MWt
     Average Power Density                 :  0.54570E+02 Wt/cm^3

     NODAL POWER PEAKING FACTORS                                                
     Scaling Factor                        :  0.18325E-01
     Average Value                         :  1.00000

     3D Maximum Value                      :  1.22451
     Reactor Location of 3D Maximum (X,Y,Z):  6  4  1
     Core    Location of 3D Maximum (X,Y,Z):  6  4  1

     3D Minimum Value                      :  0.78659
     Reactor Location of 3D minimum (X,Y,Z):  1  1  1
     Core    Location of 3D minimum (X,Y,Z):  1  1  1

     2D Maximum Value                      :  1.22451
     Reactor Location of 2D Maximum (X,Y)  :  6  4
     Core    Location of 2D Maximum (X,Y)  :  6  4

     2D Minimum Value                      :  0.78659
     Reactor Location of 2D minimum (X,Y)  :  1  1
     Core    Location of 2D minimum (X,Y)  :  1  1

     1D Maximum                            :  0.99995
     Reactor Location of the 1D Maximum (Z):        1
     Core    Location of the 1D Maximum (Z):        1

     1D Minimum                            :  0.99995
     Reactor Location of the 1D minimum (Z):        1
     Core    Location of the 1D minimum (Z):        1
!------------------------------------------------------------------------------!

     2D RADIAL ASSEMBLY-AVERAGED POWER DENSITY                                  

          1     2     3     4     5     6     7     8
      ----- ----- ----- ----- ----- ----- ----- -----
  1:  0.787 0.996 0.787 0.996 0.787 0.997 0.787 1.220
  2:  0.996 0.787 0.996 0.787 0.997 0.787 1.222 1.220
  3:  0.787 0.996 0.787 0.997 0.787 0.996 1.220
  4:  0.996 0.787 0.997 0.787 0.996 1.225 1.220
  5:  0.787 0.997 0.787 0.996 0.787 1.220
  6:  0.997 0.787 0.996 1.225 1.220
  7:  0.787 1.222 1.220 1.220
  8:  1.220 1.220

!------------------------------------------------------------------------------!
     1D AXIAL AVERAGE POWER DENSITY

   1:   0.9999
!------------------------------------------------------------------------------!
            FEEDBACK DISTRIBUTION
!------------------------------------------------------------------------------!

     BORON CONCENTRATION, [ppm]                                                      
     Scaling Factor                        :  0.10000E-02
     Average Value                         :  0.00100

     3D Maximum Value                      :  0.00100
     Reactor Location of 3D Maximum (X,Y,Z):  1  1  1
     Core    Location of 3D Maximum (X,Y,Z):  1  1  1

     3D Minimum Value                      :  0.00100
     Reactor Location of 3D minimum (X,Y,Z):  1  1  1
     Core    Location of 3D minimum (X,Y,Z):  1  1  1

     2D Maximum Value                      :  0.00100
     Reactor Location of 2D Maximum (X,Y)  :  1  1
     Core    Location of 2D Maximum (X,Y)  :  1  1

     2D Minimum Value                      :  0.00100
     Reactor Location of 2D minimum (X,Y)  :  1  1
     Core    Location of 2D minimum (X,Y)  :  1  1

     1D Maximum                            :  0.00100
     Reactor Location of the 1D Maximum (Z):        1
     Core    Location of the 1D Maximum (Z):        1

     1D Minimum                            :  0.00100
     Reactor Location of the 1D minimum (Z):        1
     Core    Location of the 1D minimum (Z):        1
!------------------------------------------------------------------------------!

     COOLANT TEMPERATURE, [C]                                                        
     Scaling Factor                        :  0.10000E-02
     Average Value                         :  0.00100

     3D Maximum Value                      :  0.00100
     Reactor Location of 3D Maximum (X,Y,Z):  1  1  1
     Core    Location of 3D Maximum (X,Y,Z):  1  1  1

     3D Minimum Value                      :  0.00100
     Reactor Location of 3D minimum (X,Y,Z):  1  1  1
     Core    Location of 3D minimum (X,Y,Z):  1  1  1

     2D Maximum Value                      :  0.00100
     Reactor Location of 2D Maximum (X,Y)  :  1  1
     Core    Location of 2D Maximum (X,Y)  :  1  1

     2D Minimum Value                      :  0.00100
     Reactor Location of 2D minimum (X,Y)  :  1  1
     Core    Location of 2D minimum (X,Y)  :  1  1

     1D Maximum                            :  0.00100
     Reactor Location of the 1D Maximum (Z):        1
     Core    Location of the 1D Maximum (Z):        1

     1D Minimum                            :  0.00100
     Reactor Location of the 1D minimum (Z):        1
     Core    Location of the 1D minimum (Z):        1
!------------------------------------------------------------------------------!

     COOLANT DENSITY, [g/cm^3]                                                       
     Scaling Factor                        :  0.10000E+01
     Average Value                         :  1.00000

     3D Maximum Value                      :  1.00000
     Reactor Location of 3D Maximum (X,Y,Z):  1  1  1
     Core    Location of 3D Maximum (X,Y,Z):  1  1  1

     3D Minimum Value                      :  1.00000
     Reactor Location of 3D minimum (X,Y,Z):  1  1  1
     Core    Location of 3D minimum (X,Y,Z):  1  1  1

     2D Maximum Value                      :  1.00000
     Reactor Location of 2D Maximum (X,Y)  :  1  1
     Core    Location of 2D Maximum (X,Y)  :  1  1

     2D Minimum Value                      :  1.00000
     Reactor Location of 2D minimum (X,Y)  :  1  1
     Core    Location of 2D minimum (X,Y)  :  1  1

     1D Maximum                            :  1.00000
     Reactor Location of the 1D Maximum (Z):        1
     Core    Location of the 1D Maximum (Z):        1

     1D Minimum                            :  1.00000
     Reactor Location of the 1D minimum (Z):        1
     Core    Location of the 1D minimum (Z):        1
!------------------------------------------------------------------------------!

     DOPPLER FUEL TEMPERATURE, [K]                                                   
     Scaling Factor                        :  0.10000E-02
     Average Value                         :  0.00100

     3D Maximum Value                      :  0.00100
     Reactor Location of 3D Maximum (X,Y,Z):  1  1  1
     Core    Location of 3D Maximum (X,Y,Z):  1  1  1

     3D Minimum Value                      :  0.00100
     Reactor Location of 3D minimum (X,Y,Z):  1  1  1
     Core    Location of 3D minimum (X,Y,Z):  1  1  1

     2D Maximum Value                      :  0.00100
     Reactor Location of 2D Maximum (X,Y)  :  1  1
     Core    Location of 2D Maximum (X,Y)  :  1  1

     2D Minimum Value                      :  0.00100
     Reactor Location of 2D minimum (X,Y)  :  1  1
     Core    Location of 2D minimum (X,Y)  :  1  1

     1D Maximum                            :  0.00100
     Reactor Location of the 1D Maximum (Z):        1
     Core    Location of the 1D Maximum (Z):        1

     1D Minimum                            :  0.00100
     Reactor Location of the 1D minimum (Z):        1
     Core    Location of the 1D minimum (Z):        1
!------------------------------------------------------------------------------!
            2D FEEDBACK DISTRIBUTION
!------------------------------------------------------------------------------!

     BORON CONCENTRATION, [ppm]                                                      

          1     2     3     4     5     6     7     8
      ----- ----- ----- ----- ----- ----- ----- -----
  1:  0.001 0.001 0.001 0.001 0.001 0.001 0.001 0.001
  2:  0.001 0.001 0.001 0.001 0.001 0.001 0.001 0.001
  3:  0.001 0.001 0.001 0.001 0.001 0.001 0.001
  4:  0.001 0.001 0.001 0.001 0.001 0.001 0.001
  5:  0.001 0.001 0.001 0.001 0.001 0.001
  6:  0.001 0.001 0.001 0.001 0.001
  7:  0.001 0.001 0.001 0.001
  8:  0.001 0.001


     COOLANT TEMPERATURE, [C]                                                        

          1     2     3     4     5     6     7     8
      ----- ----- ----- ----- ----- ----- ----- -----
  1:  0.001 0.001 0.001 0.001 0.001 0.001 0.001 0.001
  2:  0.001 0.001 0.001 0.001 0.001 0.001 0.001 0.001
  3:  0.001 0.001 0.001 0.001 0.001 0.001 0.001
  4:  0.001 0.001 0.001 0.001 0.001 0.001 0.001
  5:  0.001 0.001 0.001 0.001 0.001 0.001
  6:  0.001 0.001 0.001 0.001 0.001
  7:  0.001 0.001 0.001 0.001
  8:  0.001 0.001


     COOLANT DENSITY, [g/cm^3]                                                       

          1     2     3     4     5     6     7     8
      ----- ----- ----- ----- ----- ----- ----- -----
  1:  1.000 1.000 1.000 1.000 1.000 1.000 1.000 1.000
  2:  1.000 1.000 1.000 1.000 1.000 1.000 1.000 1.000
  3:  1.000 1.000 1.000 1.000 1.000 1.000 1.000
  4:  1.000 1.000 1.000 1.000 1.000 1.000 1.000
  5:  1.000 1.000 1.000 1.000 1.000 1.000
  6:  1.000 1.000 1.000 1.000 1.000
  7:  1.000 1.000 1.000 1.000
  8:  1.000 1.000


     DOPPLER FUEL TEMPERATURE, [K]                                                   

          1     2     3     4     5     6     7     8
      ----- ----- ----- ----- ----- ----- ----- -----
  1:  0.001 0.001 0.001 0.001 0.001 0.001 0.001 0.001
  2:  0.001 0.001 0.001 0.001 0.001 0.001 0.001 0.001
  3:  0.001 0.001 0.001 0.001 0.001 0.001 0.001
  4:  0.001 0.001 0.001 0.001 0.001 0.001 0.001
  5:  0.001 0.001 0.001 0.001 0.001 0.001
  6:  0.001 0.001 0.001 0.001 0.001
  7:  0.001 0.001 0.001 0.001
  8:  0.001 0.001

!------------------------------------------------------------------------------!
     1D AXIAL FEEDBACK DISTRIBUTIONS

   N   Br CONC T  COOL RO COOL T  DPLR

   1:   0.0010  0.0010  1.0000  0.0010
!------------------------------------------------------------------------------!
            NEUTRON FLUX
!------------------------------------------------------------------------------!
     Average Neutron Flux (1/cm^3)         : 
     0.10000E+01 0.10000E+01 0.10000E+01 0.10000E+01

     Neutron Flux [1/(s cm^2)], group   1                                       
     Scaling Factor                        :  0.10000E+01
     Average Value                         :  1.00000

     3D Maximum Value                      :  1.00000
     Reactor Location of 3D Maximum (X,Y,Z):  1  1  1
     Core    Location of 3D Maximum (X,Y,Z):  1  1  1

     3D Minimum Value                      :  1.00000
     Reactor Location of 3D minimum (X,Y,Z):  1  1  1
     Core    Location of 3D minimum (X,Y,Z):  1  1  1

     2D Maximum Value                      :  1.00000
     Reactor Location of 2D Maximum (X,Y)  :  1  1
     Core    Location of 2D Maximum (X,Y)  :  1  1

     2D Minimum Value                      :  1.00000
     Reactor Location of 2D minimum (X,Y)  :  1  1
     Core    Location of 2D minimum (X,Y)  :  1  1

     1D Maximum                            :  1.00000
     Reactor Location of the 1D Maximum (Z):        1
     Core    Location of the 1D Maximum (Z):        1

     1D Minimum                            :  1.00000
     Reactor Location of the 1D minimum (Z):        1
     Core    Location of the 1D minimum (Z):        1
!------------------------------------------------------------------------------!

     Neutron Flux [1/(s cm^2)], group   2                                       
     Scaling Factor                        :  0.10000E+01
     Average Value                         :  1.00000

     3D Maximum Value                      :  1.00000
     Reactor Location of 3D Maximum (X,Y,Z):  1  1  1
     Core    Location of 3D Maximum (X,Y,Z):  1  1  1

     3D Minimum Value                      :  1.00000
     Reactor Location of 3D minimum (X,Y,Z):  1  1  1
     Core    Location of 3D minimum (X,Y,Z):  1  1  1

     2D Maximum Value                      :  1.00000
     Reactor Location of 2D Maximum (X,Y)  :  1  1
     Core    Location of 2D Maximum (X,Y)  :  1  1

     2D Minimum Value                      :  1.00000
     Reactor Location of 2D minimum (X,Y)  :  1  1
     Core    Location of 2D minimum (X,Y)  :  1  1

     1D Maximum                            :  1.00000
     Reactor Location of the 1D Maximum (Z):        1
     Core    Location of the 1D Maximum (Z):        1

     1D Minimum                            :  1.00000
     Reactor Location of the 1D minimum (Z):        1
     Core    Location of the 1D minimum (Z):        1
!------------------------------------------------------------------------------!

     Neutron Flux [1/(s cm^2)], group   3                                       
     Scaling Factor                        :  0.10000E+01
     Average Value                         :  1.00000

     3D Maximum Value                      :  1.00000
     Reactor Location of 3D Maximum (X,Y,Z):  1  1  1
     Core    Location of 3D Maximum (X,Y,Z):  1  1  1

     3D Minimum Value                      :  1.00000
     Reactor Location of 3D minimum (X,Y,Z):  1  1  1
     Core    Location of 3D minimum (X,Y,Z):  1  1  1

     2D Maximum Value                      :  1.00000
     Reactor Location of 2D Maximum (X,Y)  :  1  1
     Core    Location of 2D Maximum (X,Y)  :  1  1

     2D Minimum Value                      :  1.00000
     Reactor Location of 2D minimum (X,Y)  :  1  1
     Core    Location of 2D minimum (X,Y)  :  1  1

     1D Maximum                            :  1.00000
     Reactor Location of the 1D Maximum (Z):        1
     Core    Location of the 1D Maximum (Z):        1

     1D Minimum                            :  1.00000
     Reactor Location of the 1D minimum (Z):        1
     Core    Location of the 1D minimum (Z):        1
!------------------------------------------------------------------------------!

     Neutron Flux [1/(s cm^2)], group   4                                       
     Scaling Factor                        :  0.10000E+01
     Average Value                         :  1.00000

     3D Maximum Value                      :  1.00000
     Reactor Location of 3D Maximum (X,Y,Z):  1  1  1
     Core    Location of 3D Maximum (X,Y,Z):  1  1  1

     3D Minimum Value                      :  1.00000
     Reactor Location of 3D minimum (X,Y,Z):  1  1  1
     Core    Location of 3D minimum (X,Y,Z):  1  1  1

     2D Maximum Value                      :  1.00000
     Reactor Location of 2D Maximum (X,Y)  :  1  1
     Core    Location of 2D Maximum (X,Y)  :  1  1

     2D Minimum Value                      :  1.00000
     Reactor Location of 2D minimum (X,Y)  :  1  1
     Core    Location of 2D minimum (X,Y)  :  1  1

     1D Maximum                            :  1.00000
     Reactor Location of the 1D Maximum (Z):        1
     Core    Location of the 1D Maximum (Z):        1

     1D Minimum                            :  1.00000
     Reactor Location of the 1D minimum (Z):        1
     Core    Location of the 1D minimum (Z):        1
!------------------------------------------------------------------------------!
            2D NEUTRON FLUX DISTRIBUTION
!------------------------------------------------------------------------------!

     Neutron Flux [1/(s cm^2)], group   1                                       

          1     2     3     4     5     6     7     8     9
      ----- ----- ----- ----- ----- ----- ----- ----- -----
  1:  1.000 1.000 1.000 1.000 1.000 1.000 1.000 1.000 1.000
  2:  1.000 1.000 1.000 1.000 1.000 1.000 1.000 1.000 1.000
  3:  1.000 1.000 1.000 1.000 1.000 1.000 1.000 1.000 1.000
  4:  1.000 1.000 1.000 1.000 1.000 1.000 1.000 1.000
  5:  1.000 1.000 1.000 1.000 1.000 1.000 1.000 1.000
  6:  1.000 1.000 1.000 1.000 1.000 1.000 1.000
  7:  1.000 1.000 1.000 1.000 1.000 1.000
  8:  1.000 1.000 1.000 1.000 1.000
  9:  1.000 1.000 1.000


     Neutron Flux [1/(s cm^2)], group   2                                       

          1     2     3     4     5     6     7     8     9
      ----- ----- ----- ----- ----- ----- ----- ----- -----
  1:  1.000 1.000 1.000 1.000 1.000 1.000 1.000 1.000 1.000
  2:  1.000 1.000 1.000 1.000 1.000 1.000 1.000 1.000 1.000
  3:  1.000 1.000 1.000 1.000 1.000 1.000 1.000 1.000 1.000
  4:  1.000 1.000 1.000 1.000 1.000 1.000 1.000 1.000
  5:  1.000 1.000 1.000 1.000 1.000 1.000 1.000 1.000
  6:  1.000 1.000 1.000 1.000 1.000 1.000 1.000
  7:  1.000 1.000 1.000 1.000 1.000 1.000
  8:  1.000 1.000 1.000 1.000 1.000
  9:  1.000 1.000 1.000


     Neutron Flux [1/(s cm^2)], group   3                                       

          1     2     3     4     5     6     7     8     9
      ----- ----- ----- ----- ----- ----- ----- ----- -----
  1:  1.000 1.000 1.000 1.000 1.000 1.000 1.000 1.000 1.000
  2:  1.000 1.000 1.000 1.000 1.000 1.000 1.000 1.000 1.000
  3:  1.000 1.000 1.000 1.000 1.000 1.000 1.000 1.000 1.000
  4:  1.000 1.000 1.000 1.000 1.000 1.000 1.000 1.000
  5:  1.000 1.000 1.000 1.000 1.000 1.000 1.000 1.000
  6:  1.000 1.000 1.000 1.000 1.000 1.000 1.000
  7:  1.000 1.000 1.000 1.000 1.000 1.000
  8:  1.000 1.000 1.000 1.000 1.000
  9:  1.000 1.000 1.000


     Neutron Flux [1/(s cm^2)], group   4                                       

          1     2     3     4     5     6     7     8     9
      ----- ----- ----- ----- ----- ----- ----- ----- -----
  1:  1.000 1.000 1.000 1.000 1.000 1.000 1.000 1.000 1.000
  2:  1.000 1.000 1.000 1.000 1.000 1.000 1.000 1.000 1.000
  3:  1.000 1.000 1.000 1.000 1.000 1.000 1.000 1.000 1.000
  4:  1.000 1.000 1.000 1.000 1.000 1.000 1.000 1.000
  5:  1.000 1.000 1.000 1.000 1.000 1.000 1.000 1.000
  6:  1.000 1.000 1.000 1.000 1.000 1.000 1.000
  7:  1.000 1.000 1.000 1.000 1.000 1.000
  8:  1.000 1.000 1.000 1.000 1.000
  9:  1.000 1.000 1.000

!------------------------------------------------------------------------------!
     1D AXIAL NEUTRON FLUX DISTRIBUTIONS

  NZ       1     2     3     4
   1:  1.000 1.000 1.000 1.000
!------------------------------------------------------------------------------!
!------------------------------------------------------------------------------!
            BURNUP DISTRIBUTION
 Average Value of burnup =0.000000E+00 [MWt*day/kgHM]

                                                                                     
     Scaling Factor                        :  0.10000E+01
     Average Value                         :  0.00000

     3D Maximum Value                      :  0.00000
     Reactor Location of 3D Maximum (X,Y,Z):  0  0  0
     Core    Location of 3D Maximum (X,Y,Z):  0  1  0

     3D Minimum Value                      :  0.00000
     Reactor Location of 3D minimum (X,Y,Z):  1  1  1
     Core    Location of 3D minimum (X,Y,Z):  1  1  1

     2D Maximum Value                      :  0.00000
     Reactor Location of 2D Maximum (X,Y)  :  0  0
     Core    Location of 2D Maximum (X,Y)  :  0  1

     2D Minimum Value                      :  0.00000
     Reactor Location of 2D minimum (X,Y)  :  1  1
     Core    Location of 2D minimum (X,Y)  :  1  1

     1D Maximum                            :  0.00000
     Reactor Location of the 1D Maximum (Z):        0
     Core    Location of the 1D Maximum (Z):        0

     1D Minimum                            :  0.00000
     Reactor Location of the 1D minimum (Z):        1
     Core    Location of the 1D minimum (Z):        1
!------------------------------------------------------------------------------!
            2D BURNUP DISTRIBUTION
!------------------------------------------------------------------------------!

                                                                                     

          1     2     3     4     5     6     7     8
      ----- ----- ----- ----- ----- ----- ----- -----
  1:  0.000 0.000 0.000 0.000 0.000 0.000 0.000 0.000
  2:  0.000 0.000 0.000 0.000 0.000 0.000 0.000 0.000
  3:  0.000 0.000 0.000 0.000 0.000 0.000 0.000
  4:  0.000 0.000 0.000 0.000 0.000 0.000 0.000
  5:  0.000 0.000 0.000 0.000 0.000 0.000
  6:  0.000 0.000 0.000 0.000 0.000
  7:  0.000 0.000 0.000 0.000
  8:  0.000 0.000

!------------------------------------------------------------------------------!
     1D AXIAL BURNUP DISTRIBUTIONS 

     N   BURNUP
   1:   0.0000
!------------------------------------------------------------------------------!
!==============================================================================!
!                                   SKETCH-N                                   !
!  Nodal Neutron Diffusion Code for Solving Steady-State and Kinetics Problems !
!              Version 1.0 (c) Slava 2000 e-mail: na.vzimin@na-net.ornl.gov    !
!      Date & Time of Calculation :  5 May      2025   1:48:56 pm              !
!==============================================================================!
                 NUMERICAL RESULTS
                 STEADY-STATE CALCULATIONS
!------------------------------------------------------------------------------!
     k_ef                                  :  1.008350
!------------------------------------------------------------------------------!

    Control Rod Positions (cm, PWR from the bottom, BWR from the top):          

         1    2    3    4    5    6    7    8
      ---- ---- ---- ---- ---- ---- ---- ----
  1:    0.   -    -    -    -    -    -    - 
  2:    -    -    -    -    -    -    -    - 
  3:    -    -    -    -    -    -    - 
  4:    -    -    -    -    -    -    - 
  5:    -    -    -    -    -    - 
  6:    -    -    -    -    - 
  7:    -    -    -    - 
  8:    -    - 


    Control Rod Positions (% of the Covered Reactor Core)           :           

         1    2    3    4    5    6    7    8
      ---- ---- ---- ---- ---- ---- ---- ----
  1:    0.   -    -    -    -    -    -    - 
  2:    -    -    -    -    -    -    -    - 
  3:    -    -    -    -    -    -    - 
  4:    -    -    -    -    -    -    - 
  5:    -    -    -    -    -    - 
  6:    -    -    -    -    - 
  7:    -    -    -    - 
  8:    -    - 

  Number of the CR in the Axial Layer:
          0.000
!------------------------------------------------------------------------------!
     POWER DISTRIBUTION            
!------------------------------------------------------------------------------!
     Total Reactor Power                   :  0.10000E+01 MWt
     Average Power Density                 :  0.54570E+02 Wt/cm^3

     NODAL POWER PEAKING FACTORS                                                
     Scaling Factor                        :  0.18325E-01
     Average Value                         :  1.00000

     3D Maximum Value                      :  1.23558
     Reactor Location of 3D Maximum (X,Y,Z):  2  5  1
     Core    Location of 3D Maximum (X,Y,Z):  2  5  1

     3D Minimum Value                      :  0.65414
     Reactor Location of 3D minimum (X,Y,Z):  8  2  1
     Core    Location of 3D minimum (X,Y,Z):  8  2  1

     2D Maximum Value                      :  1.23558
     Reactor Location of 2D Maximum (X,Y)  :  2  5
     Core    Location of 2D Maximum (X,Y)  :  2  5

     2D Minimum Value                      :  0.65414
     Reactor Location of 2D minimum (X,Y)  :  8  2
     Core    Location of 2D minimum (X,Y)  :  8  2

     1D Maximum                            :  0.99995
     Reactor Location of the 1D Maximum (Z):        1
     Core    Location of the 1D Maximum (Z):        1

     1D Minimum                            :  0.99995
     Reactor Location of the 1D minimum (Z):        1
     Core    Location of the 1D minimum (Z):        1
!------------------------------------------------------------------------------!

     2D RADIAL ASSEMBLY-AVERAGED POWER DENSITY                                  

          1     2     3     4     5     6     7     8
      ----- ----- ----- ----- ----- ----- ----- -----
  1:  0.987 1.067 1.029 1.150 1.126 1.213 0.969 0.850
  2:  1.067 1.010 1.113 1.095 1.236 1.064 1.054 0.654
  3:  1.029 1.113 1.081 1.213 1.055 1.045 0.982
  4:  1.150 1.095 1.213 1.032 1.000 0.997 0.655
  5:  1.126 1.236 1.055 1.000 0.800 0.675
  6:  1.213 1.064 1.045 0.997 0.675
  7:  0.969 1.054 0.982 0.655
  8:  0.850 0.654

!------------------------------------------------------------------------------!
     1D AXIAL AVERAGE POWER DENSITY

   1:   0.9999
!------------------------------------------------------------------------------!
            FEEDBACK DISTRIBUTION
!------------------------------------------------------------------------------!

     BORON CONCENTRATION, [ppm]                                                      
     Scaling Factor                        :  0.10000E-02
     Average Value                         :  0.00100

     3D Maximum Value                      :  0.00100
     Reactor Location of 3D Maximum (X,Y,Z):  1  1  1
     Core    Location of 3D Maximum (X,Y,Z):  1  1  1

     3D Minimum Value                      :  0.00100
     Reactor Location of 3D minimum (X,Y,Z):  1  1  1
     Core    Location of 3D minimum (X,Y,Z):  1  1  1

     2D Maximum Value                      :  0.00100
     Reactor Location of 2D Maximum (X,Y)  :  1  1
     Core    Location of 2D Maximum (X,Y)  :  1  1

     2D Minimum Value                      :  0.00100
     Reactor Location of 2D minimum (X,Y)  :  1  1
     Core    Location of 2D minimum (X,Y)  :  1  1

     1D Maximum                            :  0.00100
     Reactor Location of the 1D Maximum (Z):        1
     Core    Location of the 1D Maximum (Z):        1

     1D Minimum                            :  0.00100
     Reactor Location of the 1D minimum (Z):        1
     Core    Location of the 1D minimum (Z):        1
!------------------------------------------------------------------------------!

     COOLANT TEMPERATURE, [C]                                                        
     Scaling Factor                        :  0.10000E-02
     Average Value                         :  0.00100

     3D Maximum Value                      :  0.00100
     Reactor Location of 3D Maximum (X,Y,Z):  1  1  1
     Core    Location of 3D Maximum (X,Y,Z):  1  1  1

     3D Minimum Value                      :  0.00100
     Reactor Location of 3D minimum (X,Y,Z):  1  1  1
     Core    Location of 3D minimum (X,Y,Z):  1  1  1

     2D Maximum Value                      :  0.00100
     Reactor Location of 2D Maximum (X,Y)  :  1  1
     Core    Location of 2D Maximum (X,Y)  :  1  1

     2D Minimum Value                      :  0.00100
     Reactor Location of 2D minimum (X,Y)  :  1  1
     Core    Location of 2D minimum (X,Y)  :  1  1

     1D Maximum                            :  0.00100
     Reactor Location of the 1D Maximum (Z):        1
     Core    Location of the 1D Maximum (Z):        1

     1D Minimum                            :  0.00100
     Reactor Location of the 1D minimum (Z):        1
     Core    Location of the 1D minimum (Z):        1
!------------------------------------------------------------------------------!

     COOLANT DENSITY, [g/cm^3]                                                       
     Scaling Factor                        :  0.10000E+01
     Average Value                         :  1.00005

     3D Maximum Value                      :  1.00000
     Reactor Location of 3D Maximum (X,Y,Z):  1  1  1
     Core    Location of 3D Maximum (X,Y,Z):  1  1  1

     3D Minimum Value                      :  1.00000
     Reactor Location of 3D minimum (X,Y,Z):  1  1  1
     Core    Location of 3D minimum (X,Y,Z):  1  1  1

     2D Maximum Value                      :  1.00000
     Reactor Location of 2D Maximum (X,Y)  :  1  1
     Core    Location of 2D Maximum (X,Y)  :  1  1

     2D Minimum Value                      :  1.00000
     Reactor Location of 2D minimum (X,Y)  :  1  1
     Core    Location of 2D minimum (X,Y)  :  1  1

     1D Maximum                            :  1.00000
     Reactor Location of the 1D Maximum (Z):        1
     Core    Location of the 1D Maximum (Z):        1

     1D Minimum                            :  1.00000
     Reactor Location of the 1D minimum (Z):        1
     Core    Location of the 1D minimum (Z):        1
!------------------------------------------------------------------------------!

     DOPPLER FUEL TEMPERATURE, [K]                                                   
     Scaling Factor                        :  0.10000E-02
     Average Value                         :  0.00100

     3D Maximum Value                      :  0.00100
     Reactor Location of 3D Maximum (X,Y,Z):  1  1  1
     Core    Location of 3D Maximum (X,Y,Z):  1  1  1

     3D Minimum Value                      :  0.00100
     Reactor Location of 3D minimum (X,Y,Z):  1  1  1
     Core    Location of 3D minimum (X,Y,Z):  1  1  1

     2D Maximum Value                      :  0.00100
     Reactor Location of 2D Maximum (X,Y)  :  1  1
     Core    Location of 2D Maximum (X,Y)  :  1  1

     2D Minimum Value                      :  0.00100
     Reactor Location of 2D minimum (X,Y)  :  1  1
     Core    Location of 2D minimum (X,Y)  :  1  1

     1D Maximum                            :  0.00100
     Reactor Location of the 1D Maximum (Z):        1
     Core    Location of the 1D Maximum (Z):        1

     1D Minimum                            :  0.00100
     Reactor Location of the 1D minimum (Z):        1
     Core    Location of the 1D minimum (Z):        1
!------------------------------------------------------------------------------!
            2D FEEDBACK DISTRIBUTION
!------------------------------------------------------------------------------!

     BORON CONCENTRATION, [ppm]                                                      

          1     2     3     4     5     6     7     8
      ----- ----- ----- ----- ----- ----- ----- -----
  1:  0.001 0.001 0.001 0.001 0.001 0.001 0.001 0.001
  2:  0.001 0.001 0.001 0.001 0.001 0.001 0.001 0.001
  3:  0.001 0.001 0.001 0.001 0.001 0.001 0.001
  4:  0.001 0.001 0.001 0.001 0.001 0.001 0.001
  5:  0.001 0.001 0.001 0.001 0.001 0.001
  6:  0.001 0.001 0.001 0.001 0.001
  7:  0.001 0.001 0.001 0.001
  8:  0.001 0.001


     COOLANT TEMPERATURE, [C]                                                        

          1     2     3     4     5     6     7     8
      ----- ----- ----- ----- ----- ----- ----- -----
  1:  0.001 0.001 0.001 0.001 0.001 0.001 0.001 0.001
  2:  0.001 0.001 0.001 0.001 0.001 0.001 0.001 0.001
  3:  0.001 0.001 0.001 0.001 0.001 0.001 0.001
  4:  0.001 0.001 0.001 0.001 0.001 0.001 0.001
  5:  0.001 0.001 0.001 0.001 0.001 0.001
  6:  0.001 0.001 0.001 0.001 0.001
  7:  0.001 0.001 0.001 0.001
  8:  0.001 0.001


     COOLANT DENSITY, [g/cm^3]                                                       

          1     2     3     4     5     6     7     8
      ----- ----- ----- ----- ----- ----- ----- -----
  1:  1.000 1.000 1.000 1.000 1.000 1.000 1.000 1.000
  2:  1.000 1.000 1.000 1.000 1.000 1.000 1.000 1.000
  3:  1.000 1.000 1.000 1.000 1.000 1.000 1.000
  4:  1.000 1.000 1.000 1.000 1.000 1.000 1.000
  5:  1.000 1.000 1.000 1.000 1.000 1.000
  6:  1.000 1.000 1.000 1.000 1.000
  7:  1.000 1.000 1.000 1.000
  8:  1.000 1.000


     DOPPLER FUEL TEMPERATURE, [K]                                                   

          1     2     3     4     5     6     7     8
      ----- ----- ----- ----- ----- ----- ----- -----
  1:  0.001 0.001 0.001 0.001 0.001 0.001 0.001 0.001
  2:  0.001 0.001 0.001 0.001 0.001 0.001 0.001 0.001
  3:  0.001 0.001 0.001 0.001 0.001 0.001 0.001
  4:  0.001 0.001 0.001 0.001 0.001 0.001 0.001
  5:  0.001 0.001 0.001 0.001 0.001 0.001
  6:  0.001 0.001 0.001 0.001 0.001
  7:  0.001 0.001 0.001 0.001
  8:  0.001 0.001

!------------------------------------------------------------------------------!
     1D AXIAL FEEDBACK DISTRIBUTIONS

   N   Br CONC T  COOL RO COOL T  DPLR

   1:   0.0010  0.0010  1.0000  0.0010
!------------------------------------------------------------------------------!
            NEUTRON FLUX
!------------------------------------------------------------------------------!
     Average Neutron Flux (1/cm^3)         : 
     0.13406E+14 0.17611E+14 0.16049E+14 0.95324E+13

     Neutron Flux [1/(s cm^2)], group   1                                       
     Scaling Factor                        :  0.74595E-13
     Average Value                         :  1.00000

     3D Maximum Value                      :  1.63743
     Reactor Location of 3D Maximum (X,Y,Z):  2  5  1
     Core    Location of 3D Maximum (X,Y,Z):  2  5  1

     3D Minimum Value                      :  0.02737
     Reactor Location of 3D minimum (X,Y,Z):  8  5  1
     Core    Location of 3D minimum (X,Y,Z):  8  5  1

     2D Maximum Value                      :  1.63743
     Reactor Location of 2D Maximum (X,Y)  :  2  5
     Core    Location of 2D Maximum (X,Y)  :  2  5

     2D Minimum Value                      :  0.02737
     Reactor Location of 2D minimum (X,Y)  :  8  5
     Core    Location of 2D minimum (X,Y)  :  8  5

     1D Maximum                            :  1.00000
     Reactor Location of the 1D Maximum (Z):        1
     Core    Location of the 1D Maximum (Z):        1

     1D Minimum                            :  1.00000
     Reactor Location of the 1D minimum (Z):        1
     Core    Location of the 1D minimum (Z):        1
!------------------------------------------------------------------------------!

     Neutron Flux [1/(s cm^2)], group   2                                       
     Scaling Factor                        :  0.56783E-13
     Average Value                         :  1.00000

     3D Maximum Value                      :  1.63401
     Reactor Location of 3D Maximum (X,Y,Z):  2  5  1
     Core    Location of 3D Maximum (X,Y,Z):  2  5  1

     3D Minimum Value                      :  0.03076
     Reactor Location of 3D minimum (X,Y,Z):  8  5  1
     Core    Location of 3D minimum (X,Y,Z):  8  5  1

     2D Maximum Value                      :  1.63401
     Reactor Location of 2D Maximum (X,Y)  :  2  5
     Core    Location of 2D Maximum (X,Y)  :  2  5

     2D Minimum Value                      :  0.03076
     Reactor Location of 2D minimum (X,Y)  :  8  5
     Core    Location of 2D minimum (X,Y)  :  8  5

     1D Maximum                            :  1.00000
     Reactor Location of the 1D Maximum (Z):        1
     Core    Location of the 1D Maximum (Z):        1

     1D Minimum                            :  1.00000
     Reactor Location of the 1D minimum (Z):        1
     Core    Location of the 1D minimum (Z):        1
!------------------------------------------------------------------------------!

     Neutron Flux [1/(s cm^2)], group   3                                       
     Scaling Factor                        :  0.62308E-13
     Average Value                         :  1.00000

     3D Maximum Value                      :  1.63645
     Reactor Location of 3D Maximum (X,Y,Z):  1  5  1
     Core    Location of 3D Maximum (X,Y,Z):  1  5  1

     3D Minimum Value                      :  0.03169
     Reactor Location of 3D minimum (X,Y,Z):  8  5  1
     Core    Location of 3D minimum (X,Y,Z):  8  5  1

     2D Maximum Value                      :  1.63645
     Reactor Location of 2D Maximum (X,Y)  :  1  5
     Core    Location of 2D Maximum (X,Y)  :  1  5

     2D Minimum Value                      :  0.03169
     Reactor Location of 2D minimum (X,Y)  :  8  5
     Core    Location of 2D minimum (X,Y)  :  8  5

     1D Maximum                            :  1.00000
     Reactor Location of the 1D Maximum (Z):        1
     Core    Location of the 1D Maximum (Z):        1

     1D Minimum                            :  1.00000
     Reactor Location of the 1D minimum (Z):        1
     Core    Location of the 1D minimum (Z):        1
!------------------------------------------------------------------------------!

     Neutron Flux [1/(s cm^2)], group   4                                       
     Scaling Factor                        :  0.10491E-12
     Average Value                         :  1.00000

     3D Maximum Value                      :  1.92308
     Reactor Location of 3D Maximum (X,Y,Z):  1  5  1
     Core    Location of 3D Maximum (X,Y,Z):  1  5  1

     3D Minimum Value                      :  0.02717
     Reactor Location of 3D minimum (X,Y,Z):  8  5  1
     Core    Location of 3D minimum (X,Y,Z):  8  5  1

     2D Maximum Value                      :  1.92308
     Reactor Location of 2D Maximum (X,Y)  :  1  5
     Core    Location of 2D Maximum (X,Y)  :  1  5

     2D Minimum Value                      :  0.02717
     Reactor Location of 2D minimum (X,Y)  :  8  5
     Core    Location of 2D minimum (X,Y)  :  8  5

     1D Maximum                            :  1.00000
     Reactor Location of the 1D Maximum (Z):        1
     Core    Location of the 1D Maximum (Z):        1

     1D Minimum                            :  1.00000
     Reactor Location of the 1D minimum (Z):        1
     Core    Location of the 1D minimum (Z):        1
!------------------------------------------------------------------------------!
            2D NEUTRON FLUX DISTRIBUTION
!------------------------------------------------------------------------------!

     Neutron Flux [1/(s cm^2)], group   1                                       

          1     2     3     4     5     6     7     8     9
      ----- ----- ----- ----- ----- ----- ----- ----- -----
  1:  1.419 1.451 1.479 1.565 1.614 1.608 1.420 1.034 0.147
  2:  1.451 1.451 1.515 1.570 1.637 1.538 1.393 0.812 0.107
  3:  1.479 1.515 1.550 1.608 1.514 1.467 1.211 0.267 0.029
  4:  1.565 1.570 1.608 1.480 1.385 1.311 0.814 0.116
  5:  1.614 1.637 1.514 1.385 1.161 0.823 0.198 0.027
  6:  1.608 1.538 1.467 1.311 0.823 0.192 0.031
  7:  1.420 1.393 1.211 0.814 0.198 0.031
  8:  1.034 0.812 0.267 0.116 0.027
  9:  0.147 0.107 0.029


     Neutron Flux [1/(s cm^2)], group   2                                       

          1     2     3     4     5     6     7     8     9
      ----- ----- ----- ----- ----- ----- ----- ----- -----
  1:  1.420 1.457 1.480 1.571 1.612 1.605 1.418 1.011 0.157
  2:  1.457 1.452 1.521 1.569 1.634 1.537 1.392 0.798 0.114
  3:  1.480 1.521 1.549 1.604 1.514 1.473 1.190 0.285 0.033
  4:  1.571 1.569 1.604 1.479 1.391 1.306 0.799 0.125
  5:  1.612 1.634 1.514 1.391 1.158 0.809 0.211 0.031
  6:  1.605 1.537 1.473 1.306 0.809 0.205 0.035
  7:  1.418 1.392 1.190 0.799 0.211 0.035
  8:  1.011 0.798 0.285 0.125 0.031
  9:  0.157 0.114 0.033


     Neutron Flux [1/(s cm^2)], group   3                                       

          1     2     3     4     5     6     7     8     9
      ----- ----- ----- ----- ----- ----- ----- ----- -----
  1:  1.443 1.457 1.504 1.571 1.636 1.603 1.434 0.986 0.160
  2:  1.457 1.476 1.521 1.593 1.633 1.559 1.359 0.779 0.117
  3:  1.504 1.521 1.573 1.603 1.537 1.467 1.161 0.291 0.034
  4:  1.571 1.593 1.603 1.503 1.389 1.274 0.780 0.128
  5:  1.636 1.633 1.537 1.389 1.173 0.792 0.216 0.032
  6:  1.603 1.559 1.467 1.274 0.792 0.210 0.037
  7:  1.434 1.359 1.161 0.780 0.216 0.037
  8:  0.986 0.779 0.291 0.128 0.032
  9:  0.160 0.117 0.034


     Neutron Flux [1/(s cm^2)], group   4                                       

          1     2     3     4     5     6     7     8     9
      ----- ----- ----- ----- ----- ----- ----- ----- -----
  1:  1.684 1.380 1.757 1.488 1.923 1.579 1.648 0.886 0.129
  2:  1.380 1.724 1.439 1.870 1.609 1.814 1.066 0.677 0.094
  3:  1.757 1.439 1.847 1.579 1.802 1.340 1.019 0.234 0.029
  4:  1.488 1.870 1.579 1.763 1.288 1.008 0.678 0.103
  5:  1.923 1.609 1.802 1.288 1.364 0.703 0.174 0.027
  6:  1.579 1.814 1.340 1.008 0.703 0.170 0.031
  7:  1.648 1.066 1.019 0.678 0.174 0.031
  8:  0.886 0.677 0.234 0.103 0.027
  9:  0.129 0.094 0.029

!------------------------------------------------------------------------------!
     1D AXIAL NEUTRON FLUX DISTRIBUTIONS

  NZ       1     2     3     4
   1:  1.000 1.000 1.000 1.000
!------------------------------------------------------------------------------!
!------------------------------------------------------------------------------!
            BURNUP DISTRIBUTION
 Average Value of burnup =0.000000E+00 [MWt*day/kgHM]

                                                                        lz       
     Scaling Factor                        :  0.10000E+01
     Average Value                         :  0.00000

     3D Maximum Value                      :  0.00000
     Reactor Location of 3D Maximum (X,Y,Z):  0  1  0
     Core    Location of 3D Maximum (X,Y,Z):  0  1  0

     3D Minimum Value                      :  0.00000
     Reactor Location of 3D minimum (X,Y,Z):  1  1  1
     Core    Location of 3D minimum (X,Y,Z):  1  1  1

     2D Maximum Value                      :  0.00000
     Reactor Location of 2D Maximum (X,Y)  :  0  1
     Core    Location of 2D Maximum (X,Y)  :  0  1

     2D Minimum Value                      :  0.00000
     Reactor Location of 2D minimum (X,Y)  :  1  1
     Core    Location of 2D minimum (X,Y)  :  1  1

     1D Maximum                            :  0.00000
     Reactor Location of the 1D Maximum (Z):        0
     Core    Location of the 1D Maximum (Z):        0

     1D Minimum                            :  0.00000
     Reactor Location of the 1D minimum (Z):        1
     Core    Location of the 1D minimum (Z):        1
!------------------------------------------------------------------------------!
            2D BURNUP DISTRIBUTION
!------------------------------------------------------------------------------!

                                                                        lz       

          1     2     3     4     5     6     7     8
      ----- ----- ----- ----- ----- ----- ----- -----
  1:  0.000 0.000 0.000 0.000 0.000 0.000 0.000 0.000
  2:  0.000 0.000 0.000 0.000 0.000 0.000 0.000 0.000
  3:  0.000 0.000 0.000 0.000 0.000 0.000 0.000
  4:  0.000 0.000 0.000 0.000 0.000 0.000 0.000
  5:  0.000 0.000 0.000 0.000 0.000 0.000
  6:  0.000 0.000 0.000 0.000 0.000
  7:  0.000 0.000 0.000 0.000
  8:  0.000 0.000

!------------------------------------------------------------------------------!
     1D AXIAL BURNUP DISTRIBUTIONS 

     N   BURNUP
   1:   0.0000
!------------------------------------------------------------------------------!
!------------------------------------------------------------------------------!
            ISOTOPE DISTRIBUTION
i-135 Average Value of Isotope concentration =  0.000000E+00 [nuclei/cm^3 x 10^24]

     i-135                                                                           
     Scaling Factor                        :  0.10000E+01
     Average Value                         :  0.00000

     3D Maximum Value                      :  0.00000
     Reactor Location of 3D Maximum (X,Y,Z):  0  0  0
     Core    Location of 3D Maximum (X,Y,Z):  0  1  0

     3D Minimum Value                      :  0.00000
     Reactor Location of 3D minimum (X,Y,Z):  1  1  1
     Core    Location of 3D minimum (X,Y,Z):  1  1  1

     2D Maximum Value                      :  0.00000
     Reactor Location of 2D Maximum (X,Y)  :  0  0
     Core    Location of 2D Maximum (X,Y)  :  0  1

     2D Minimum Value                      :  0.00000
     Reactor Location of 2D minimum (X,Y)  :  1  1
     Core    Location of 2D minimum (X,Y)  :  1  1

     1D Maximum                            :  0.00000
     Reactor Location of the 1D Maximum (Z):        0
     Core    Location of the 1D Maximum (Z):        0

     1D Minimum                            :  0.00000
     Reactor Location of the 1D minimum (Z):        1
     Core    Location of the 1D minimum (Z):        1
!------------------------------------------------------------------------------!
Xe135 Average Value of Isotope concentration =  0.000000E+00 [nuclei/cm^3 x 10^24]

     Xe135                                                                           
     Scaling Factor                        :  0.10000E+01
     Average Value                         :  0.00000

     3D Maximum Value                      :  0.00000
     Reactor Location of 3D Maximum (X,Y,Z):  0  0  0
     Core    Location of 3D Maximum (X,Y,Z):  0  1  0

     3D Minimum Value                      :  0.00000
     Reactor Location of 3D minimum (X,Y,Z):  1  1  1
     Core    Location of 3D minimum (X,Y,Z):  1  1  1

     2D Maximum Value                      :  0.00000
     Reactor Location of 2D Maximum (X,Y)  :  0  0
     Core    Location of 2D Maximum (X,Y)  :  0  1

     2D Minimum Value                      :  0.00000
     Reactor Location of 2D minimum (X,Y)  :  1  1
     Core    Location of 2D minimum (X,Y)  :  1  1

     1D Maximum                            :  0.00000
     Reactor Location of the 1D Maximum (Z):        0
     Core    Location of the 1D Maximum (Z):        0

     1D Minimum                            :  0.00000
     Reactor Location of the 1D minimum (Z):        1
     Core    Location of the 1D minimum (Z):        1
!------------------------------------------------------------------------------!
Pm149 Average Value of Isotope concentration =  0.000000E+00 [nuclei/cm^3 x 10^24]

     Pm149                                                                           
     Scaling Factor                        :  0.10000E+01
     Average Value                         :  0.00000

     3D Maximum Value                      :  0.00000
     Reactor Location of 3D Maximum (X,Y,Z):  0  0  0
     Core    Location of 3D Maximum (X,Y,Z):  0  1  0

     3D Minimum Value                      :  0.00000
     Reactor Location of 3D minimum (X,Y,Z):  1  1  1
     Core    Location of 3D minimum (X,Y,Z):  1  1  1

     2D Maximum Value                      :  0.00000
     Reactor Location of 2D Maximum (X,Y)  :  0  0
     Core    Location of 2D Maximum (X,Y)  :  0  1

     2D Minimum Value                      :  0.00000
     Reactor Location of 2D minimum (X,Y)  :  1  1
     Core    Location of 2D minimum (X,Y)  :  1  1

     1D Maximum                            :  0.00000
     Reactor Location of the 1D Maximum (Z):        0
     Core    Location of the 1D Maximum (Z):        0

     1D Minimum                            :  0.00000
     Reactor Location of the 1D minimum (Z):        1
     Core    Location of the 1D minimum (Z):        1
!------------------------------------------------------------------------------!
Sm149 Average Value of Isotope concentration =  0.000000E+00 [nuclei/cm^3 x 10^24]

     Sm149                                                                           
     Scaling Factor                        :  0.10000E+01
     Average Value                         :  0.00000

     3D Maximum Value                      :  0.00000
     Reactor Location of 3D Maximum (X,Y,Z):  0  0  0
     Core    Location of 3D Maximum (X,Y,Z):  0  1  0

     3D Minimum Value                      :  0.00000
     Reactor Location of 3D minimum (X,Y,Z):  1  1  1
     Core    Location of 3D minimum (X,Y,Z):  1  1  1

     2D Maximum Value                      :  0.00000
     Reactor Location of 2D Maximum (X,Y)  :  0  0
     Core    Location of 2D Maximum (X,Y)  :  0  1

     2D Minimum Value                      :  0.00000
     Reactor Location of 2D minimum (X,Y)  :  1  1
     Core    Location of 2D minimum (X,Y)  :  1  1

     1D Maximum                            :  0.00000
     Reactor Location of the 1D Maximum (Z):        0
     Core    Location of the 1D Maximum (Z):        0

     1D Minimum                            :  0.00000
     Reactor Location of the 1D minimum (Z):        1
     Core    Location of the 1D minimum (Z):        1
!------------------------------------------------------------------------------!
            2D ISOTOPE DISTRIBUTION
!------------------------------------------------------------------------------!

     i-135                                                                           

          1     2     3     4     5     6     7     8
      ----- ----- ----- ----- ----- ----- ----- -----
  1:  0.000 0.000 0.000 0.000 0.000 0.000 0.000 0.000
  2:  0.000 0.000 0.000 0.000 0.000 0.000 0.000 0.000
  3:  0.000 0.000 0.000 0.000 0.000 0.000 0.000
  4:  0.000 0.000 0.000 0.000 0.000 0.000 0.000
  5:  0.000 0.000 0.000 0.000 0.000 0.000
  6:  0.000 0.000 0.000 0.000 0.000
  7:  0.000 0.000 0.000 0.000
  8:  0.000 0.000


     Xe135                                                                           

          1     2     3     4     5     6     7     8
      ----- ----- ----- ----- ----- ----- ----- -----
  1:  0.000 0.000 0.000 0.000 0.000 0.000 0.000 0.000
  2:  0.000 0.000 0.000 0.000 0.000 0.000 0.000 0.000
  3:  0.000 0.000 0.000 0.000 0.000 0.000 0.000
  4:  0.000 0.000 0.000 0.000 0.000 0.000 0.000
  5:  0.000 0.000 0.000 0.000 0.000 0.000
  6:  0.000 0.000 0.000 0.000 0.000
  7:  0.000 0.000 0.000 0.000
  8:  0.000 0.000


     Pm149                                                                           

          1     2     3     4     5     6     7     8
      ----- ----- ----- ----- ----- ----- ----- -----
  1:  0.000 0.000 0.000 0.000 0.000 0.000 0.000 0.000
  2:  0.000 0.000 0.000 0.000 0.000 0.000 0.000 0.000
  3:  0.000 0.000 0.000 0.000 0.000 0.000 0.000
  4:  0.000 0.000 0.000 0.000 0.000 0.000 0.000
  5:  0.000 0.000 0.000 0.000 0.000 0.000
  6:  0.000 0.000 0.000 0.000 0.000
  7:  0.000 0.000 0.000 0.000
  8:  0.000 0.000


     Sm149                                                                           

          1     2     3     4     5     6     7     8
      ----- ----- ----- ----- ----- ----- ----- -----
  1:  0.000 0.000 0.000 0.000 0.000 0.000 0.000 0.000
  2:  0.000 0.000 0.000 0.000 0.000 0.000 0.000 0.000
  3:  0.000 0.000 0.000 0.000 0.000 0.000 0.000
  4:  0.000 0.000 0.000 0.000 0.000 0.000 0.000
  5:  0.000 0.000 0.000 0.000 0.000 0.000
  6:  0.000 0.000 0.000 0.000 0.000
  7:  0.000 0.000 0.000 0.000
  8:  0.000 0.000

!------------------------------------------------------------------------------!
     1D AXIAL ISOTOPE DISTRIBUTIONS 

     N    i-135  Xe135  Pm149  Sm149

   1:   0.0000  0.0000  0.0000  0.0000
!------------------------------------------------------------------------------!
 Number of Thermal-Hydraulics Calculations =       0
 Number of Nonlinear Iterations            =      10
 Number of Source Iteration per Nonlinear  =       5
 Number of SSOR iterations  per Outer      =       2
 n_inter =  2 e_inter =.10000E-07
 Convergence  of k_eff (actual, tolerance) =  0.10729E-05 0.10000E-04
 Convergence  of flux  (actual, tolerance) =  0.84446E-05 0.10000E-04
!------------------------------------------------------------------------------!
 SKETCH has used   6.17070012E-02 seconds of CPU time
    This Include: 
       Internal  T/H Module        0.00000000      s    0.00000000      %
       Nodal Coefficient Update:   1.27739999E-02  s    20.7010555      %
       CMFD Iterations             1.26080001E-02  s    20.4320412      %
       XS Updates                  7.70399952E-03  s    12.4848061      %
       Output Module        7.27299973E-03  s    11.7863445      %
 CHECKING SUM   6.56590015E-02  seconds of CPU time
 This include user time, system time =    5.82460016E-02   7.41299987E-03
!------------------------------------------------------------------------------!
