!==============================================================================!
!                                   SKETCH-N                                   !
!  Nodal Neutron Diffusion Code for Solving Steady-State and Kinetics Problems !
!              Version 1.0 (c) Slava 2000 e-mail: na.vzimin@na-net.ornl.gov    !
!      Date & Time of Calculation :  8 August   2000   5:08:53 pm              !
!==============================================================================!

!------------------------------------------------------------------------------!
!     INPUT/OUTPUT FILES:                                                      !
!------------------------------------------------------------------------------!

   Input General Data: Input/KOEBERG2D.DAT                                                                                 
   Output Steady-State Restart File: Restart/koeberg2d.dat                                                                               


!------------------------------------------------------------------------------!
!     SKETCH-N OPTIONS                                                         !
!------------------------------------------------------------------------------!

   Space Discretization: Semi-Analytic Method (SANM)                                                     

!------------------------------------------------------------------------------!
!     ITERATIVE CONVERGENCE CRITERIA                                           !
!------------------------------------------------------------------------------!

   Number of Outer Iterations per Nonlinear (convergence) :            1
   Number of Outer Iterations per Nonlinear (calculation) :           10
   Convergence Criteria for Eigenvalue                    :  0.10000E-04
   Convergence Criteria on Neutron Flux                   :  0.10000E-04
   Number of Inner Iterations per Outer                   :            2
   Convergence Criteria for Inner Iterations              :  0.10000E-07


!------------------------------------------------------------------------------!
!     ITERATIVE PARAMETERS                                                     !
!------------------------------------------------------------------------------!

   Estimate of Minimum Eigenvalue of the Iteration Matrix  :  0.00000E+00
   Estimate of Maximum Eigenvalue or Dominance Ratio
                                  of the Iteration Matrix  :  0.80000E+00
   Adaptivity Parameter of the Chebyshev Acceleration      :  0.00000E+00
   Outer Iteration Number when Chebyshev Acceleration Start:            5
   Inverse Value of the Wieland Shift                      :  0.10000E+02

!------------------------------------------------------------------------------!
!   KOEBERG-2D PWR BENCHMARK                                                   !
!      (c) Slava August 2000 JAERI                                             !
!                                                                              !
!------------------------------------------------------------------------------!
!------------------------------------------------------------------------------!
!     PROBLEM DESCRIPTION                                                      !
!------------------------------------------------------------------------------!

 Reactor Type:   PWR
 Reactor Power [MWt]: 0.100000E+01
 Type of the Computing Problem: Eigenvalue          
 Thermal-Hydraulics Model: None                

 Geometry Parameters
    Number of Dimensions:                                      2
    Initial Spatial Mesh (x,y,z):                        9x 9x 1
    Neuronics Spatial Mesh (x,y,z):                      9x 9x 1
    Number of Bundles (Assemblies) in x-y plane:              64
    Number of Nodes per Bundle (Assembly) in x-y plane:        1
    Number of Neutronics Nodes in x-y plane:                  64
    Number of Bundle (Assembly) Types:                         7
 Geometry Data :

    Numbering the Reactor Bundles (Assemblies):                                 

        1   2   3   4   5   6   7   8   9
      --- --- --- --- --- --- --- --- ---
  1:    1   2   3   4   5   6   7   8   9
  2:   10  11  12  13  14  15  16  17  18
  3:   19  20  21  22  23  24  25  26  27
  4:   28  29  30  31  32  33  34  35
  5:   36  37  38  39  40  41  42  43
  6:   44  45  46  47  48  49  50
  7:   51  52  53  54  55  56
  8:   57  58  59  60  61
  9:   62  63  64

    Initial Spatial Mesh X:
         10.804 21.608 21.608 21.608 21.608 21.608 21.608 21.608 21.608
    Initial Spatial Mesh Y:
         10.804 21.608 21.608 21.608 21.608 21.608 21.608 21.608 21.608
    Initial Spatial Mesh Z:
          1.000
    Neutronics Spatial Mesh X:
         10.804 21.608 21.608 21.608 21.608 21.608 21.608 21.608 21.608
    Neutronics Spatial Mesh Y:
         10.804 21.608 21.608 21.608 21.608 21.608 21.608 21.608 21.608
    Neutronics Spatial Mesh Z:
          1.000

    Reactor Loading by the Bundle Types                                         

        1   2   3   4   5   6   7   8   9
      --- --- --- --- --- --- --- --- ---
  1:    1   3   1   3   1   2   1   4   7
  2:    3   1   3   1   2   1   6   4   7
  3:    1   3   1   2   1   3   4   7   7
  4:    3   1   2   1   3   5   4   7
  5:    1   2   1   3   1   4   7   7
  6:    2   1   3   5   4   7   7
  7:    1   6   4   4   7   7
  8:    4   4   7   7   7
  9:    7   7   7

    Bundle Material Compositions:
          1:   1
          2:   2
          3:   3
          4:   4
          5:   5
          6:   6
          7:   7

    Boundary Conditions Types (left, right, up, down, top, bottom) :
      "0" is zero flux, "1" is logarithmic derivative
         1 1 1 1 1 1
    Boundary Conditions Constants:
       left  x:    0.000  0.000  0.000  0.000
       right x:    0.500  0.500  0.500  0.500
          up y:    0.000  0.000  0.000  0.000
        down y:    0.500  0.500  0.500  0.500
         top z:    0.000  0.000  0.000  0.000
      bottom z:    0.000  0.000  0.000  0.000
    Axial Buckling :
          0.000  0.000  0.000  0.000
!------------------------------------------------------------------------------!

    Reactor Core Parameters:
       Number of Bundles (Assemblies) in x-y plane:              47
       Number of Axial Layers                     :               1

    Reactor Core Geometry:                                                      

        1   2   3   4   5   6   7   8
      --- --- --- --- --- --- --- ---
  1:    1   2   3   4   5   6   7   8
  2:    9  10  11  12  13  14  15  16
  3:   17  18  19  20  21  22  23
  4:   24  25  26  27  28  29  30
  5:   31  32  33  34  35  36
  6:   37  38  39  40  41
  7:   42  43  44  45
  8:   46  47

!------------------------------------------------------------------------------!

 Control Rod Parameters:
    Number of Control Rods                                 :       1
    Number of Control Rod Types                            :       1
    Number of Control Rod Elements (Absorber, Driver, etc.):       2
    Number of Control Rod Material Compositions            :       1
    Number of Bundles Covered by Control Rod               :       1
 Control Rod Data :

    Location of the Control Rods in the Core  :                                 

         1    2    3    4    5    6    7    8
      ---- ---- ---- ---- ---- ---- ---- ----
  1:     1    -    -    -    -    -    -    -
  2:     -    -    -    -    -    -    -    -
  3:     -    -    -    -    -    -    -
  4:     -    -    -    -    -    -    -
  5:     -    -    -    -    -    -
  6:     -    -    -    -    -
  7:     -    -    -    -
  8:     -    -


    Control Rod Types                         :                                 

         1    2    3    4    5    6    7    8
      ---- ---- ---- ---- ---- ---- ---- ----
  1:     1    -    -    -    -    -    -    -
  2:     -    -    -    -    -    -    -    -
  3:     -    -    -    -    -    -    -
  4:     -    -    -    -    -    -    -
  5:     -    -    -    -    -    -
  6:     -    -    -    -    -
  7:     -    -    -    -
  8:     -    -

    Control Rod Material Compositions:
          1:   1   1
    Length of the Control Rod Elements (Absorber, Driver): 
             1.000  1000.000
!------------------------------------------------------------------------------!

   Cross Section parameters:
       Number of Material Compositions                 :       7
       Number of Neutron Energy Groups                 :       4
       Number of Delayed Neutron Precursor Groups      :       1
       Number of Feedbacks                             :       4
       Macro Cross Section Model                       : POLYNOM   
       Homogenization Method for Partially Roded Nodes : FLUX-WEIGHTING  
 Macro Cross Section Data :
    Diffusion Coefficient Flag in the Input Data :  1
    Basic Macro Cross Section Set:
           Material Composition number :   1
  0.249187E+01  0.365400E-02  0.822800E-02  0.822800E-02
  0.104522E+01  0.212400E-02  0.536000E-03  0.536000E-03
  0.677407E+00  0.199080E-01  0.705800E-02  0.705800E-02
  0.375191E+00  0.679900E-01  0.839300E-01  0.839300E-01
  0.000000E+00  0.000000E+00  0.000000E+00  0.000000E+00
  0.637890E-01  0.000000E+00  0.000000E+00  0.000000E+00
  0.486000E-03  0.643810E-01  0.000000E+00  0.124500E-02
  0.000000E+00  0.300000E-05  0.508490E-01  0.000000E+00
           Material Composition number :   2
  0.249265E+01  0.368500E-02  0.829500E-02  0.829500E-02
  0.104984E+01  0.221500E-02  0.713000E-03  0.713000E-03
  0.676610E+00  0.220120E-01  0.923000E-02  0.923000E-02
  0.379481E+00  0.850520E-01  0.108244E+00  0.108244E+00
  0.000000E+00  0.000000E+00  0.000000E+00  0.000000E+00
  0.631120E-01  0.000000E+00  0.000000E+00  0.000000E+00
  0.478000E-03  0.630780E-01  0.000000E+00  0.154300E-02
  0.000000E+00  0.300000E-05  0.484200E-01  0.000000E+00
           Material Composition number :   3
  0.249198E+01  0.368400E-02  0.828500E-02  0.828500E-02
  0.105191E+01  0.222100E-02  0.713000E-03  0.713000E-03
  0.677084E+00  0.224030E-01  0.921400E-02  0.921400E-02
  0.381453E+00  0.880770E-01  0.108087E+00  0.108087E+00
  0.000000E+00  0.000000E+00  0.000000E+00  0.000000E+00
  0.627650E-01  0.000000E+00  0.000000E+00  0.000000E+00
  0.473000E-03  0.624040E-01  0.000000E+00  0.159800E-02
  0.000000E+00  0.300000E-05  0.475490E-01  0.000000E+00
           Material Composition number :   4
  0.249254E+01  0.374000E-02  0.845900E-02  0.845900E-02
  0.104530E+01  0.229900E-02  0.923000E-03  0.923000E-03
  0.674684E+00  0.226210E-01  0.117140E-01  0.117140E-01
  0.374240E+00  0.910000E-01  0.133600E+00  0.133600E+00
  0.000000E+00  0.000000E+00  0.000000E+00  0.000000E+00
  0.637370E-01  0.000000E+00  0.000000E+00  0.000000E+00
  0.486000E-03  0.643300E-01  0.000000E+00  0.163000E-02
  0.000000E+00  0.300000E-05  0.495180E-01  0.000000E+00
           Material Composition number :   5
  0.249233E+01  0.373000E-02  0.840900E-02  0.840900E-02
  0.105195E+01  0.231500E-02  0.921000E-03  0.921000E-03
  0.675683E+00  0.238220E-01  0.116750E-01  0.116750E-01
  0.380606E+00  0.100246E+00  0.134282E+00  0.134282E+00
  0.000000E+00  0.000000E+00  0.000000E+00  0.000000E+00
  0.627370E-01  0.000000E+00  0.000000E+00  0.000000E+00
  0.473000E-03  0.623760E-01  0.000000E+00  0.179700E-02
  0.000000E+00  0.300000E-05  0.468590E-01  0.000000E+00
           Material Composition number :   6
  0.249152E+01  0.373000E-02  0.840000E-02  0.840000E-02
  0.105403E+01  0.232100E-02  0.921000E-03  0.921000E-03
  0.676197E+00  0.241960E-01  0.116510E-01  0.116510E-01
  0.382434E+00  0.103283E+00  0.133974E+00  0.133974E+00
  0.000000E+00  0.000000E+00  0.000000E+00  0.000000E+00
  0.623860E-01  0.000000E+00  0.000000E+00  0.000000E+00
  0.468000E-03  0.616960E-01  0.000000E+00  0.185200E-02
  0.000000E+00  0.300000E-05  0.460050E-01  0.000000E+00
           Material Composition number :   7
  0.211974E+01  0.466000E-03  0.000000E+00  0.000000E+00
  0.980098E+00  0.263000E-03  0.000000E+00  0.000000E+00
  0.531336E+00  0.428200E-02  0.000000E+00  0.000000E+00
  0.105803E+01  0.116918E+00  0.000000E+00  0.000000E+00
  0.000000E+00  0.000000E+00  0.000000E+00  0.000000E+00
  0.420520E-01  0.000000E+00  0.000000E+00  0.000000E+00
  0.322000E-03  0.445890E-01  0.000000E+00  0.978000E-03
  0.000000E+00  0.000000E+00  0.522460E-01  0.000000E+00
    Polynomial Coefficients for Macro Cross Sections
           Material Composition number :   1
  0.000000E+00  0.000000E+00  0.000000E+00  0.000000E+00
  0.000000E+00  0.000000E+00  0.000000E+00  0.000000E+00
  0.000000E+00  0.000000E+00  0.000000E+00  0.000000E+00
  0.000000E+00  0.000000E+00  0.000000E+00  0.000000E+00
  0.000000E+00  0.000000E+00  0.000000E+00  0.000000E+00
  0.000000E+00  0.000000E+00  0.000000E+00  0.000000E+00
  0.000000E+00  0.000000E+00  0.000000E+00  0.000000E+00
  0.000000E+00  0.000000E+00  0.000000E+00  0.000000E+00
  0.100000E+01
  0.000000E+00  0.000000E+00  0.000000E+00  0.000000E+00
  0.000000E+00  0.000000E+00  0.000000E+00  0.000000E+00
  0.000000E+00  0.000000E+00  0.000000E+00  0.000000E+00
  0.000000E+00  0.000000E+00  0.000000E+00  0.000000E+00
  0.000000E+00  0.000000E+00  0.000000E+00  0.000000E+00
  0.000000E+00  0.000000E+00  0.000000E+00  0.000000E+00
  0.000000E+00  0.000000E+00  0.000000E+00  0.000000E+00
  0.000000E+00  0.000000E+00  0.000000E+00  0.000000E+00
  0.100000E+01
  0.000000E+00  0.000000E+00  0.000000E+00  0.000000E+00
  0.000000E+00  0.000000E+00  0.000000E+00  0.000000E+00
  0.000000E+00  0.000000E+00  0.000000E+00  0.000000E+00
  0.000000E+00  0.000000E+00  0.000000E+00  0.000000E+00
  0.000000E+00  0.000000E+00  0.000000E+00  0.000000E+00
  0.000000E+00  0.000000E+00  0.000000E+00  0.000000E+00
  0.000000E+00  0.000000E+00  0.000000E+00  0.000000E+00
  0.000000E+00  0.000000E+00  0.000000E+00  0.000000E+00
  0.100000E+01
  0.000000E+00  0.000000E+00  0.000000E+00  0.000000E+00
  0.000000E+00  0.000000E+00  0.000000E+00  0.000000E+00
  0.000000E+00  0.000000E+00  0.000000E+00  0.000000E+00
  0.000000E+00  0.000000E+00  0.000000E+00  0.000000E+00
  0.000000E+00  0.000000E+00  0.000000E+00  0.000000E+00
  0.000000E+00  0.000000E+00  0.000000E+00  0.000000E+00
  0.000000E+00  0.000000E+00  0.000000E+00  0.000000E+00
  0.000000E+00  0.000000E+00  0.000000E+00  0.000000E+00
  0.100000E+01
           Material Composition number :   2
  0.000000E+00  0.000000E+00  0.000000E+00  0.000000E+00
  0.000000E+00  0.000000E+00  0.000000E+00  0.000000E+00
  0.000000E+00  0.000000E+00  0.000000E+00  0.000000E+00
  0.000000E+00  0.000000E+00  0.000000E+00  0.000000E+00
  0.000000E+00  0.000000E+00  0.000000E+00  0.000000E+00
  0.000000E+00  0.000000E+00  0.000000E+00  0.000000E+00
  0.000000E+00  0.000000E+00  0.000000E+00  0.000000E+00
  0.000000E+00  0.000000E+00  0.000000E+00  0.000000E+00
  0.100000E+01
  0.000000E+00  0.000000E+00  0.000000E+00  0.000000E+00
  0.000000E+00  0.000000E+00  0.000000E+00  0.000000E+00
  0.000000E+00  0.000000E+00  0.000000E+00  0.000000E+00
  0.000000E+00  0.000000E+00  0.000000E+00  0.000000E+00
  0.000000E+00  0.000000E+00  0.000000E+00  0.000000E+00
  0.000000E+00  0.000000E+00  0.000000E+00  0.000000E+00
  0.000000E+00  0.000000E+00  0.000000E+00  0.000000E+00
  0.000000E+00  0.000000E+00  0.000000E+00  0.000000E+00
  0.100000E+01
  0.000000E+00  0.000000E+00  0.000000E+00  0.000000E+00
  0.000000E+00  0.000000E+00  0.000000E+00  0.000000E+00
  0.000000E+00  0.000000E+00  0.000000E+00  0.000000E+00
  0.000000E+00  0.000000E+00  0.000000E+00  0.000000E+00
  0.000000E+00  0.000000E+00  0.000000E+00  0.000000E+00
  0.000000E+00  0.000000E+00  0.000000E+00  0.000000E+00
  0.000000E+00  0.000000E+00  0.000000E+00  0.000000E+00
  0.000000E+00  0.000000E+00  0.000000E+00  0.000000E+00
  0.100000E+01
  0.000000E+00  0.000000E+00  0.000000E+00  0.000000E+00
  0.000000E+00  0.000000E+00  0.000000E+00  0.000000E+00
  0.000000E+00  0.000000E+00  0.000000E+00  0.000000E+00
  0.000000E+00  0.000000E+00  0.000000E+00  0.000000E+00
  0.000000E+00  0.000000E+00  0.000000E+00  0.000000E+00
  0.000000E+00  0.000000E+00  0.000000E+00  0.000000E+00
  0.000000E+00  0.000000E+00  0.000000E+00  0.000000E+00
  0.000000E+00  0.000000E+00  0.000000E+00  0.000000E+00
  0.100000E+01
           Material Composition number :   3
  0.000000E+00  0.000000E+00  0.000000E+00  0.000000E+00
  0.000000E+00  0.000000E+00  0.000000E+00  0.000000E+00
  0.000000E+00  0.000000E+00  0.000000E+00  0.000000E+00
  0.000000E+00  0.000000E+00  0.000000E+00  0.000000E+00
  0.000000E+00  0.000000E+00  0.000000E+00  0.000000E+00
  0.000000E+00  0.000000E+00  0.000000E+00  0.000000E+00
  0.000000E+00  0.000000E+00  0.000000E+00  0.000000E+00
  0.000000E+00  0.000000E+00  0.000000E+00  0.000000E+00
  0.100000E+01
  0.000000E+00  0.000000E+00  0.000000E+00  0.000000E+00
  0.000000E+00  0.000000E+00  0.000000E+00  0.000000E+00
  0.000000E+00  0.000000E+00  0.000000E+00  0.000000E+00
  0.000000E+00  0.000000E+00  0.000000E+00  0.000000E+00
  0.000000E+00  0.000000E+00  0.000000E+00  0.000000E+00
  0.000000E+00  0.000000E+00  0.000000E+00  0.000000E+00
  0.000000E+00  0.000000E+00  0.000000E+00  0.000000E+00
  0.000000E+00  0.000000E+00  0.000000E+00  0.000000E+00
  0.100000E+01
  0.000000E+00  0.000000E+00  0.000000E+00  0.000000E+00
  0.000000E+00  0.000000E+00  0.000000E+00  0.000000E+00
  0.000000E+00  0.000000E+00  0.000000E+00  0.000000E+00
  0.000000E+00  0.000000E+00  0.000000E+00  0.000000E+00
  0.000000E+00  0.000000E+00  0.000000E+00  0.000000E+00
  0.000000E+00  0.000000E+00  0.000000E+00  0.000000E+00
  0.000000E+00  0.000000E+00  0.000000E+00  0.000000E+00
  0.000000E+00  0.000000E+00  0.000000E+00  0.000000E+00
  0.100000E+01
  0.000000E+00  0.000000E+00  0.000000E+00  0.000000E+00
  0.000000E+00  0.000000E+00  0.000000E+00  0.000000E+00
  0.000000E+00  0.000000E+00  0.000000E+00  0.000000E+00
  0.000000E+00  0.000000E+00  0.000000E+00  0.000000E+00
  0.000000E+00  0.000000E+00  0.000000E+00  0.000000E+00
  0.000000E+00  0.000000E+00  0.000000E+00  0.000000E+00
  0.000000E+00  0.000000E+00  0.000000E+00  0.000000E+00
  0.000000E+00  0.000000E+00  0.000000E+00  0.000000E+00
  0.100000E+01
           Material Composition number :   4
  0.000000E+00  0.000000E+00  0.000000E+00  0.000000E+00
  0.000000E+00  0.000000E+00  0.000000E+00  0.000000E+00
  0.000000E+00  0.000000E+00  0.000000E+00  0.000000E+00
  0.000000E+00  0.000000E+00  0.000000E+00  0.000000E+00
  0.000000E+00  0.000000E+00  0.000000E+00  0.000000E+00
  0.000000E+00  0.000000E+00  0.000000E+00  0.000000E+00
  0.000000E+00  0.000000E+00  0.000000E+00  0.000000E+00
  0.000000E+00  0.000000E+00  0.000000E+00  0.000000E+00
  0.100000E+01
  0.000000E+00  0.000000E+00  0.000000E+00  0.000000E+00
  0.000000E+00  0.000000E+00  0.000000E+00  0.000000E+00
  0.000000E+00  0.000000E+00  0.000000E+00  0.000000E+00
  0.000000E+00  0.000000E+00  0.000000E+00  0.000000E+00
  0.000000E+00  0.000000E+00  0.000000E+00  0.000000E+00
  0.000000E+00  0.000000E+00  0.000000E+00  0.000000E+00
  0.000000E+00  0.000000E+00  0.000000E+00  0.000000E+00
  0.000000E+00  0.000000E+00  0.000000E+00  0.000000E+00
  0.100000E+01
  0.000000E+00  0.000000E+00  0.000000E+00  0.000000E+00
  0.000000E+00  0.000000E+00  0.000000E+00  0.000000E+00
  0.000000E+00  0.000000E+00  0.000000E+00  0.000000E+00
  0.000000E+00  0.000000E+00  0.000000E+00  0.000000E+00
  0.000000E+00  0.000000E+00  0.000000E+00  0.000000E+00
  0.000000E+00  0.000000E+00  0.000000E+00  0.000000E+00
  0.000000E+00  0.000000E+00  0.000000E+00  0.000000E+00
  0.000000E+00  0.000000E+00  0.000000E+00  0.000000E+00
  0.100000E+01
  0.000000E+00  0.000000E+00  0.000000E+00  0.000000E+00
  0.000000E+00  0.000000E+00  0.000000E+00  0.000000E+00
  0.000000E+00  0.000000E+00  0.000000E+00  0.000000E+00
  0.000000E+00  0.000000E+00  0.000000E+00  0.000000E+00
  0.000000E+00  0.000000E+00  0.000000E+00  0.000000E+00
  0.000000E+00  0.000000E+00  0.000000E+00  0.000000E+00
  0.000000E+00  0.000000E+00  0.000000E+00  0.000000E+00
  0.000000E+00  0.000000E+00  0.000000E+00  0.000000E+00
  0.100000E+01
           Material Composition number :   5
  0.000000E+00  0.000000E+00  0.000000E+00  0.000000E+00
  0.000000E+00  0.000000E+00  0.000000E+00  0.000000E+00
  0.000000E+00  0.000000E+00  0.000000E+00  0.000000E+00
  0.000000E+00  0.000000E+00  0.000000E+00  0.000000E+00
  0.000000E+00  0.000000E+00  0.000000E+00  0.000000E+00
  0.000000E+00  0.000000E+00  0.000000E+00  0.000000E+00
  0.000000E+00  0.000000E+00  0.000000E+00  0.000000E+00
  0.000000E+00  0.000000E+00  0.000000E+00  0.000000E+00
  0.100000E+01
  0.000000E+00  0.000000E+00  0.000000E+00  0.000000E+00
  0.000000E+00  0.000000E+00  0.000000E+00  0.000000E+00
  0.000000E+00  0.000000E+00  0.000000E+00  0.000000E+00
  0.000000E+00  0.000000E+00  0.000000E+00  0.000000E+00
  0.000000E+00  0.000000E+00  0.000000E+00  0.000000E+00
  0.000000E+00  0.000000E+00  0.000000E+00  0.000000E+00
  0.000000E+00  0.000000E+00  0.000000E+00  0.000000E+00
  0.000000E+00  0.000000E+00  0.000000E+00  0.000000E+00
  0.100000E+01
  0.000000E+00  0.000000E+00  0.000000E+00  0.000000E+00
  0.000000E+00  0.000000E+00  0.000000E+00  0.000000E+00
  0.000000E+00  0.000000E+00  0.000000E+00  0.000000E+00
  0.000000E+00  0.000000E+00  0.000000E+00  0.000000E+00
  0.000000E+00  0.000000E+00  0.000000E+00  0.000000E+00
  0.000000E+00  0.000000E+00  0.000000E+00  0.000000E+00
  0.000000E+00  0.000000E+00  0.000000E+00  0.000000E+00
  0.000000E+00  0.000000E+00  0.000000E+00  0.000000E+00
  0.100000E+01
  0.000000E+00  0.000000E+00  0.000000E+00  0.000000E+00
  0.000000E+00  0.000000E+00  0.000000E+00  0.000000E+00
  0.000000E+00  0.000000E+00  0.000000E+00  0.000000E+00
  0.000000E+00  0.000000E+00  0.000000E+00  0.000000E+00
  0.000000E+00  0.000000E+00  0.000000E+00  0.000000E+00
  0.000000E+00  0.000000E+00  0.000000E+00  0.000000E+00
  0.000000E+00  0.000000E+00  0.000000E+00  0.000000E+00
  0.000000E+00  0.000000E+00  0.000000E+00  0.000000E+00
  0.100000E+01
           Material Composition number :   6
  0.000000E+00  0.000000E+00  0.000000E+00  0.000000E+00
  0.000000E+00  0.000000E+00  0.000000E+00  0.000000E+00
  0.000000E+00  0.000000E+00  0.000000E+00  0.000000E+00
  0.000000E+00  0.000000E+00  0.000000E+00  0.000000E+00
  0.000000E+00  0.000000E+00  0.000000E+00  0.000000E+00
  0.000000E+00  0.000000E+00  0.000000E+00  0.000000E+00
  0.000000E+00  0.000000E+00  0.000000E+00  0.000000E+00
  0.000000E+00  0.000000E+00  0.000000E+00  0.000000E+00
  0.100000E+01
  0.000000E+00  0.000000E+00  0.000000E+00  0.000000E+00
  0.000000E+00  0.000000E+00  0.000000E+00  0.000000E+00
  0.000000E+00  0.000000E+00  0.000000E+00  0.000000E+00
  0.000000E+00  0.000000E+00  0.000000E+00  0.000000E+00
  0.000000E+00  0.000000E+00  0.000000E+00  0.000000E+00
  0.000000E+00  0.000000E+00  0.000000E+00  0.000000E+00
  0.000000E+00  0.000000E+00  0.000000E+00  0.000000E+00
  0.000000E+00  0.000000E+00  0.000000E+00  0.000000E+00
  0.100000E+01
  0.000000E+00  0.000000E+00  0.000000E+00  0.000000E+00
  0.000000E+00  0.000000E+00  0.000000E+00  0.000000E+00
  0.000000E+00  0.000000E+00  0.000000E+00  0.000000E+00
  0.000000E+00  0.000000E+00  0.000000E+00  0.000000E+00
  0.000000E+00  0.000000E+00  0.000000E+00  0.000000E+00
  0.000000E+00  0.000000E+00  0.000000E+00  0.000000E+00
  0.000000E+00  0.000000E+00  0.000000E+00  0.000000E+00
  0.000000E+00  0.000000E+00  0.000000E+00  0.000000E+00
  0.100000E+01
  0.000000E+00  0.000000E+00  0.000000E+00  0.000000E+00
  0.000000E+00  0.000000E+00  0.000000E+00  0.000000E+00
  0.000000E+00  0.000000E+00  0.000000E+00  0.000000E+00
  0.000000E+00  0.000000E+00  0.000000E+00  0.000000E+00
  0.000000E+00  0.000000E+00  0.000000E+00  0.000000E+00
  0.000000E+00  0.000000E+00  0.000000E+00  0.000000E+00
  0.000000E+00  0.000000E+00  0.000000E+00  0.000000E+00
  0.000000E+00  0.000000E+00  0.000000E+00  0.000000E+00
  0.100000E+01
           Material Composition number :   7
  0.000000E+00  0.000000E+00  0.000000E+00  0.000000E+00
  0.000000E+00  0.000000E+00  0.000000E+00  0.000000E+00
  0.000000E+00  0.000000E+00  0.000000E+00  0.000000E+00
  0.000000E+00  0.000000E+00  0.000000E+00  0.000000E+00
  0.000000E+00  0.000000E+00  0.000000E+00  0.000000E+00
  0.000000E+00  0.000000E+00  0.000000E+00  0.000000E+00
  0.000000E+00  0.000000E+00  0.000000E+00  0.000000E+00
  0.000000E+00  0.000000E+00  0.000000E+00  0.000000E+00
  0.100000E+01
  0.000000E+00  0.000000E+00  0.000000E+00  0.000000E+00
  0.000000E+00  0.000000E+00  0.000000E+00  0.000000E+00
  0.000000E+00  0.000000E+00  0.000000E+00  0.000000E+00
  0.000000E+00  0.000000E+00  0.000000E+00  0.000000E+00
  0.000000E+00  0.000000E+00  0.000000E+00  0.000000E+00
  0.000000E+00  0.000000E+00  0.000000E+00  0.000000E+00
  0.000000E+00  0.000000E+00  0.000000E+00  0.000000E+00
  0.000000E+00  0.000000E+00  0.000000E+00  0.000000E+00
  0.100000E+01
  0.000000E+00  0.000000E+00  0.000000E+00  0.000000E+00
  0.000000E+00  0.000000E+00  0.000000E+00  0.000000E+00
  0.000000E+00  0.000000E+00  0.000000E+00  0.000000E+00
  0.000000E+00  0.000000E+00  0.000000E+00  0.000000E+00
  0.000000E+00  0.000000E+00  0.000000E+00  0.000000E+00
  0.000000E+00  0.000000E+00  0.000000E+00  0.000000E+00
  0.000000E+00  0.000000E+00  0.000000E+00  0.000000E+00
  0.000000E+00  0.000000E+00  0.000000E+00  0.000000E+00
  0.100000E+01
  0.000000E+00  0.000000E+00  0.000000E+00  0.000000E+00
  0.000000E+00  0.000000E+00  0.000000E+00  0.000000E+00
  0.000000E+00  0.000000E+00  0.000000E+00  0.000000E+00
  0.000000E+00  0.000000E+00  0.000000E+00  0.000000E+00
  0.000000E+00  0.000000E+00  0.000000E+00  0.000000E+00
  0.000000E+00  0.000000E+00  0.000000E+00  0.000000E+00
  0.000000E+00  0.000000E+00  0.000000E+00  0.000000E+00
  0.000000E+00  0.000000E+00  0.000000E+00  0.000000E+00
  0.100000E+01
    Initial Feedback Values                         
  0.100000E+01  0.100000E+01  0.100000E+01  0.100000E+01
    Differential Cross Sections for Control Rods    
           CR Material Composition number :   1
  0.000000E+00  0.000000E+00  0.000000E+00  0.000000E+00
  0.000000E+00  0.000000E+00  0.000000E+00  0.000000E+00
  0.000000E+00  0.000000E+00  0.000000E+00  0.000000E+00
  0.000000E+00  0.000000E+00  0.000000E+00  0.000000E+00
  0.000000E+00  0.000000E+00  0.000000E+00  0.000000E+00
  0.000000E+00  0.000000E+00  0.000000E+00  0.000000E+00
  0.000000E+00  0.000000E+00  0.000000E+00  0.000000E+00
  0.000000E+00  0.000000E+00  0.000000E+00  0.000000E+00
    Prompt Neutron Spectrum:   
   0.74525   0.25433   0.00042   0.00000
    Energy Release per Fission:   
  0.320400E-10  0.320400E-10  0.320400E-10  0.320400E-10
    Part of the Power Directly Deposited into Coolant:   
  0.000000E+00
!------------------------------------------------------------------------------!
 No Feedbacks, Pure Neutronics Calculations
!==============================================================================!
!                                   SKETCH-N                                   !
!  Nodal Neutron Diffusion Code for Solving Steady-State and Kinetics Problems !
!              Version 1.0 (c) Slava 2000 e-mail: na.vzimin@na-net.ornl.gov    !
!      Date & Time of Calculation :  8 August   2000   5:08:53 pm              !
!==============================================================================!
                 INITIAL DATA SET
                 STEADY-STATE CALCULATIONS
!------------------------------------------------------------------------------!
     k_ef                                  :  1.000000
!------------------------------------------------------------------------------!

    Control Rod Positions (cm, PWR from the bottom, BWR from the top):          

         1    2    3    4    5    6    7    8
      ---- ---- ---- ---- ---- ---- ---- ----
  1:    1.   -    -    -    -    -    -    - 
  2:    -    -    -    -    -    -    -    - 
  3:    -    -    -    -    -    -    - 
  4:    -    -    -    -    -    -    - 
  5:    -    -    -    -    -    - 
  6:    -    -    -    -    - 
  7:    -    -    -    - 
  8:    -    - 


    Control Rod Positions (% of the Covered Reactor Core)           :           

         1    2    3    4    5    6    7    8
      ---- ---- ---- ---- ---- ---- ---- ----
  1:    0.   -    -    -    -    -    -    - 
  2:    -    -    -    -    -    -    -    - 
  3:    -    -    -    -    -    -    - 
  4:    -    -    -    -    -    -    - 
  5:    -    -    -    -    -    - 
  6:    -    -    -    -    - 
  7:    -    -    -    - 
  8:    -    - 

  Number of the CR in the Axial Layer:
          0.000
!------------------------------------------------------------------------------!
     POWER DISTRIBUTION            
!------------------------------------------------------------------------------!
     Total Reactor Power                   :  0.10000E+01 MWt
     Average Power Density                 :  0.54570E+02 Wt/cm^3

     NODAL POWER PEAKING FACTORS                                                
     Scaling Factor                        :  0.18325E-01
     Average Value                         :  1.00000

     3D Maximum Value                      :  1.22451
     Reactor Location of 3D Maximum (X,Y,Z):  6  4  1
     Core    Location of 3D Maximum (X,Y,Z):  6  4  1

     3D Minimum Value                      :  0.78659
     Reactor Location of 3D minimum (X,Y,Z):  1  1  1
     Core    Location of 3D minimum (X,Y,Z):  1  1  1

     2D Maximum Value                      :  1.22451
     Reactor Location of 2D Maximum (X,Y)  :  6  4
     Core    Location of 2D Maximum (X,Y)  :  6  4

     2D Minimum Value                      :  0.78659
     Reactor Location of 2D minimum (X,Y)  :  1  1
     Core    Location of 2D minimum (X,Y)  :  1  1

     1D Maximum                            :  0.99995
     Reactor Location of the 1D Maximum (Z):        1
     Core    Location of the 1D Maximum (Z):        1

     1D Minimum                            :  0.99995
     Reactor Location of the 1D minimum (Z):        1
     Core    Location of the 1D minimum (Z):        1
!------------------------------------------------------------------------------!

     2D RADIAL ASSEMBLY-AVERAGED POWER DENSITY                                  

          1     2     3     4     5     6     7     8
      ----- ----- ----- ----- ----- ----- ----- -----
  1:  0.787 0.996 0.787 0.996 0.787 0.997 0.787 1.220
  2:  0.996 0.787 0.996 0.787 0.997 0.787 1.222 1.220
  3:  0.787 0.996 0.787 0.997 0.787 0.996 1.220
  4:  0.996 0.787 0.997 0.787 0.996 1.225 1.220
  5:  0.787 0.997 0.787 0.996 0.787 1.220
  6:  0.997 0.787 0.996 1.225 1.220
  7:  0.787 1.222 1.220 1.220
  8:  1.220 1.220

!------------------------------------------------------------------------------!
     1D AXIAL AVERAGE POWER DENSITY

   1:   0.9999
!------------------------------------------------------------------------------!
            FEEDBACK DISTRIBUTION
!------------------------------------------------------------------------------!

     BORON CONCENTRATION, [ppm]                                                 
     Scaling Factor                        :  0.10000E-02
     Average Value                         :  0.00100

     3D Maximum Value                      :  0.00100
     Reactor Location of 3D Maximum (X,Y,Z):  1  1  1
     Core    Location of 3D Maximum (X,Y,Z):  1  1  1

     3D Minimum Value                      :  0.00100
     Reactor Location of 3D minimum (X,Y,Z):  1  1  1
     Core    Location of 3D minimum (X,Y,Z):  1  1  1

     2D Maximum Value                      :  0.00100
     Reactor Location of 2D Maximum (X,Y)  :  1  1
     Core    Location of 2D Maximum (X,Y)  :  1  1

     2D Minimum Value                      :  0.00100
     Reactor Location of 2D minimum (X,Y)  :  1  1
     Core    Location of 2D minimum (X,Y)  :  1  1

     1D Maximum                            :  0.00100
     Reactor Location of the 1D Maximum (Z):        1
     Core    Location of the 1D Maximum (Z):        1

     1D Minimum                            :  0.00100
     Reactor Location of the 1D minimum (Z):        1
     Core    Location of the 1D minimum (Z):        1
!------------------------------------------------------------------------------!

     COOLANT TEMPERATURE, [C]                                                   
     Scaling Factor                        :  0.10000E-02
     Average Value                         :  0.00100

     3D Maximum Value                      :  0.00100
     Reactor Location of 3D Maximum (X,Y,Z):  1  1  1
     Core    Location of 3D Maximum (X,Y,Z):  1  1  1

     3D Minimum Value                      :  0.00100
     Reactor Location of 3D minimum (X,Y,Z):  1  1  1
     Core    Location of 3D minimum (X,Y,Z):  1  1  1

     2D Maximum Value                      :  0.00100
     Reactor Location of 2D Maximum (X,Y)  :  1  1
     Core    Location of 2D Maximum (X,Y)  :  1  1

     2D Minimum Value                      :  0.00100
     Reactor Location of 2D minimum (X,Y)  :  1  1
     Core    Location of 2D minimum (X,Y)  :  1  1

     1D Maximum                            :  0.00100
     Reactor Location of the 1D Maximum (Z):        1
     Core    Location of the 1D Maximum (Z):        1

     1D Minimum                            :  0.00100
     Reactor Location of the 1D minimum (Z):        1
     Core    Location of the 1D minimum (Z):        1
!------------------------------------------------------------------------------!

     COOLANT DENSITY, [g/cm^3]                                                  
     Scaling Factor                        :  0.10000E+01
     Average Value                         :  1.00000

     3D Maximum Value                      :  1.00000
     Reactor Location of 3D Maximum (X,Y,Z):  1  1  1
     Core    Location of 3D Maximum (X,Y,Z):  1  1  1

     3D Minimum Value                      :  1.00000
     Reactor Location of 3D minimum (X,Y,Z):  1  1  1
     Core    Location of 3D minimum (X,Y,Z):  1  1  1

     2D Maximum Value                      :  1.00000
     Reactor Location of 2D Maximum (X,Y)  :  1  1
     Core    Location of 2D Maximum (X,Y)  :  1  1

     2D Minimum Value                      :  1.00000
     Reactor Location of 2D minimum (X,Y)  :  1  1
     Core    Location of 2D minimum (X,Y)  :  1  1

     1D Maximum                            :  1.00000
     Reactor Location of the 1D Maximum (Z):        1
     Core    Location of the 1D Maximum (Z):        1

     1D Minimum                            :  1.00000
     Reactor Location of the 1D minimum (Z):        1
     Core    Location of the 1D minimum (Z):        1
!------------------------------------------------------------------------------!

     DOPPLER FUEL TEMPERATURE, [K]                                              
     Scaling Factor                        :  0.10000E-02
     Average Value                         :  0.00100

     3D Maximum Value                      :  0.00100
     Reactor Location of 3D Maximum (X,Y,Z):  1  1  1
     Core    Location of 3D Maximum (X,Y,Z):  1  1  1

     3D Minimum Value                      :  0.00100
     Reactor Location of 3D minimum (X,Y,Z):  1  1  1
     Core    Location of 3D minimum (X,Y,Z):  1  1  1

     2D Maximum Value                      :  0.00100
     Reactor Location of 2D Maximum (X,Y)  :  1  1
     Core    Location of 2D Maximum (X,Y)  :  1  1

     2D Minimum Value                      :  0.00100
     Reactor Location of 2D minimum (X,Y)  :  1  1
     Core    Location of 2D minimum (X,Y)  :  1  1

     1D Maximum                            :  0.00100
     Reactor Location of the 1D Maximum (Z):        1
     Core    Location of the 1D Maximum (Z):        1

     1D Minimum                            :  0.00100
     Reactor Location of the 1D minimum (Z):        1
     Core    Location of the 1D minimum (Z):        1
!------------------------------------------------------------------------------!
            2D FEEDBACK DISTRIBUTION
!------------------------------------------------------------------------------!

     BORON CONCENTRATION, [ppm]                                                 

          1     2     3     4     5     6     7     8
      ----- ----- ----- ----- ----- ----- ----- -----
  1:  0.001 0.001 0.001 0.001 0.001 0.001 0.001 0.001
  2:  0.001 0.001 0.001 0.001 0.001 0.001 0.001 0.001
  3:  0.001 0.001 0.001 0.001 0.001 0.001 0.001
  4:  0.001 0.001 0.001 0.001 0.001 0.001 0.001
  5:  0.001 0.001 0.001 0.001 0.001 0.001
  6:  0.001 0.001 0.001 0.001 0.001
  7:  0.001 0.001 0.001 0.001
  8:  0.001 0.001


     COOLANT TEMPERATURE, [C]                                                   

          1     2     3     4     5     6     7     8
      ----- ----- ----- ----- ----- ----- ----- -----
  1:  0.001 0.001 0.001 0.001 0.001 0.001 0.001 0.001
  2:  0.001 0.001 0.001 0.001 0.001 0.001 0.001 0.001
  3:  0.001 0.001 0.001 0.001 0.001 0.001 0.001
  4:  0.001 0.001 0.001 0.001 0.001 0.001 0.001
  5:  0.001 0.001 0.001 0.001 0.001 0.001
  6:  0.001 0.001 0.001 0.001 0.001
  7:  0.001 0.001 0.001 0.001
  8:  0.001 0.001


     COOLANT DENSITY, [g/cm^3]                                                  

          1     2     3     4     5     6     7     8
      ----- ----- ----- ----- ----- ----- ----- -----
  1:  1.000 1.000 1.000 1.000 1.000 1.000 1.000 1.000
  2:  1.000 1.000 1.000 1.000 1.000 1.000 1.000 1.000
  3:  1.000 1.000 1.000 1.000 1.000 1.000 1.000
  4:  1.000 1.000 1.000 1.000 1.000 1.000 1.000
  5:  1.000 1.000 1.000 1.000 1.000 1.000
  6:  1.000 1.000 1.000 1.000 1.000
  7:  1.000 1.000 1.000 1.000
  8:  1.000 1.000


     DOPPLER FUEL TEMPERATURE, [K]                                              

          1     2     3     4     5     6     7     8
      ----- ----- ----- ----- ----- ----- ----- -----
  1:  0.001 0.001 0.001 0.001 0.001 0.001 0.001 0.001
  2:  0.001 0.001 0.001 0.001 0.001 0.001 0.001 0.001
  3:  0.001 0.001 0.001 0.001 0.001 0.001 0.001
  4:  0.001 0.001 0.001 0.001 0.001 0.001 0.001
  5:  0.001 0.001 0.001 0.001 0.001 0.001
  6:  0.001 0.001 0.001 0.001 0.001
  7:  0.001 0.001 0.001 0.001
  8:  0.001 0.001

!------------------------------------------------------------------------------!
     1D AXIAL FEEDBACK DISTRIBUTIONS

   N   Br CONC T  COOL RO COOL T  DPLR
   1:   0.0010  0.0010  1.0000  0.0010
!------------------------------------------------------------------------------!
!==============================================================================!
!                                   SKETCH-N                                   !
!  Nodal Neutron Diffusion Code for Solving Steady-State and Kinetics Problems !
!              Version 1.0 (c) Slava 2000 e-mail: na.vzimin@na-net.ornl.gov    !
!      Date & Time of Calculation :  8 August   2000   5:08:53 pm              !
!==============================================================================!
                 NUMERICAL RESULTS
                 STEADY-STATE CALCULATIONS
!------------------------------------------------------------------------------!
     k_ef                                  :  1.008350
!------------------------------------------------------------------------------!

    Control Rod Positions (cm, PWR from the bottom, BWR from the top):          

         1    2    3    4    5    6    7    8
      ---- ---- ---- ---- ---- ---- ---- ----
  1:    1.   -    -    -    -    -    -    - 
  2:    -    -    -    -    -    -    -    - 
  3:    -    -    -    -    -    -    - 
  4:    -    -    -    -    -    -    - 
  5:    -    -    -    -    -    - 
  6:    -    -    -    -    - 
  7:    -    -    -    - 
  8:    -    - 


    Control Rod Positions (% of the Covered Reactor Core)           :           

         1    2    3    4    5    6    7    8
      ---- ---- ---- ---- ---- ---- ---- ----
  1:    0.   -    -    -    -    -    -    - 
  2:    -    -    -    -    -    -    -    - 
  3:    -    -    -    -    -    -    - 
  4:    -    -    -    -    -    -    - 
  5:    -    -    -    -    -    - 
  6:    -    -    -    -    - 
  7:    -    -    -    - 
  8:    -    - 

  Number of the CR in the Axial Layer:
          0.000
!------------------------------------------------------------------------------!
     POWER DISTRIBUTION            
!------------------------------------------------------------------------------!
     Total Reactor Power                   :  0.10000E+01 MWt
     Average Power Density                 :  0.54570E+02 Wt/cm^3

     NODAL POWER PEAKING FACTORS                                                
     Scaling Factor                        :  0.18325E-01
     Average Value                         :  1.00000

     3D Maximum Value                      :  1.23559
     Reactor Location of 3D Maximum (X,Y,Z):  2  5  1
     Core    Location of 3D Maximum (X,Y,Z):  2  5  1

     3D Minimum Value                      :  0.65414
     Reactor Location of 3D minimum (X,Y,Z):  8  2  1
     Core    Location of 3D minimum (X,Y,Z):  8  2  1

     2D Maximum Value                      :  1.23559
     Reactor Location of 2D Maximum (X,Y)  :  2  5
     Core    Location of 2D Maximum (X,Y)  :  2  5

     2D Minimum Value                      :  0.65414
     Reactor Location of 2D minimum (X,Y)  :  8  2
     Core    Location of 2D minimum (X,Y)  :  8  2

     1D Maximum                            :  0.99995
     Reactor Location of the 1D Maximum (Z):        1
     Core    Location of the 1D Maximum (Z):        1

     1D Minimum                            :  0.99995
     Reactor Location of the 1D minimum (Z):        1
     Core    Location of the 1D minimum (Z):        1
!------------------------------------------------------------------------------!

     2D RADIAL ASSEMBLY-AVERAGED POWER DENSITY                                  

          1     2     3     4     5     6     7     8
      ----- ----- ----- ----- ----- ----- ----- -----
  1:  0.987 1.067 1.029 1.150 1.126 1.213 0.969 0.850
  2:  1.067 1.010 1.113 1.095 1.236 1.064 1.054 0.654
  3:  1.029 1.113 1.081 1.213 1.055 1.045 0.982
  4:  1.150 1.095 1.213 1.032 1.000 0.997 0.655
  5:  1.126 1.236 1.055 1.000 0.800 0.675
  6:  1.213 1.064 1.045 0.997 0.675
  7:  0.969 1.054 0.982 0.655
  8:  0.850 0.654

!------------------------------------------------------------------------------!
     1D AXIAL AVERAGE POWER DENSITY

   1:   0.9999
!------------------------------------------------------------------------------!
            FEEDBACK DISTRIBUTION
!------------------------------------------------------------------------------!

     BORON CONCENTRATION, [ppm]                                                 
     Scaling Factor                        :  0.10000E-02
     Average Value                         :  0.00100

     3D Maximum Value                      :  0.00100
     Reactor Location of 3D Maximum (X,Y,Z):  1  1  1
     Core    Location of 3D Maximum (X,Y,Z):  1  1  1

     3D Minimum Value                      :  0.00100
     Reactor Location of 3D minimum (X,Y,Z):  1  1  1
     Core    Location of 3D minimum (X,Y,Z):  1  1  1

     2D Maximum Value                      :  0.00100
     Reactor Location of 2D Maximum (X,Y)  :  1  1
     Core    Location of 2D Maximum (X,Y)  :  1  1

     2D Minimum Value                      :  0.00100
     Reactor Location of 2D minimum (X,Y)  :  1  1
     Core    Location of 2D minimum (X,Y)  :  1  1

     1D Maximum                            :  0.00100
     Reactor Location of the 1D Maximum (Z):        1
     Core    Location of the 1D Maximum (Z):        1

     1D Minimum                            :  0.00100
     Reactor Location of the 1D minimum (Z):        1
     Core    Location of the 1D minimum (Z):        1
!------------------------------------------------------------------------------!

     COOLANT TEMPERATURE, [C]                                                   
     Scaling Factor                        :  0.10000E-02
     Average Value                         :  0.00100

     3D Maximum Value                      :  0.00100
     Reactor Location of 3D Maximum (X,Y,Z):  1  1  1
     Core    Location of 3D Maximum (X,Y,Z):  1  1  1

     3D Minimum Value                      :  0.00100
     Reactor Location of 3D minimum (X,Y,Z):  1  1  1
     Core    Location of 3D minimum (X,Y,Z):  1  1  1

     2D Maximum Value                      :  0.00100
     Reactor Location of 2D Maximum (X,Y)  :  1  1
     Core    Location of 2D Maximum (X,Y)  :  1  1

     2D Minimum Value                      :  0.00100
     Reactor Location of 2D minimum (X,Y)  :  1  1
     Core    Location of 2D minimum (X,Y)  :  1  1

     1D Maximum                            :  0.00100
     Reactor Location of the 1D Maximum (Z):        1
     Core    Location of the 1D Maximum (Z):        1

     1D Minimum                            :  0.00100
     Reactor Location of the 1D minimum (Z):        1
     Core    Location of the 1D minimum (Z):        1
!------------------------------------------------------------------------------!

     COOLANT DENSITY, [g/cm^3]                                                  
     Scaling Factor                        :  0.10000E+01
     Average Value                         :  1.00005

     3D Maximum Value                      :  1.00000
     Reactor Location of 3D Maximum (X,Y,Z):  1  1  1
     Core    Location of 3D Maximum (X,Y,Z):  1  1  1

     3D Minimum Value                      :  1.00000
     Reactor Location of 3D minimum (X,Y,Z):  1  1  1
     Core    Location of 3D minimum (X,Y,Z):  1  1  1

     2D Maximum Value                      :  1.00000
     Reactor Location of 2D Maximum (X,Y)  :  1  1
     Core    Location of 2D Maximum (X,Y)  :  1  1

     2D Minimum Value                      :  1.00000
     Reactor Location of 2D minimum (X,Y)  :  1  1
     Core    Location of 2D minimum (X,Y)  :  1  1

     1D Maximum                            :  1.00000
     Reactor Location of the 1D Maximum (Z):        1
     Core    Location of the 1D Maximum (Z):        1

     1D Minimum                            :  1.00000
     Reactor Location of the 1D minimum (Z):        1
     Core    Location of the 1D minimum (Z):        1
!------------------------------------------------------------------------------!

     DOPPLER FUEL TEMPERATURE, [K]                                              
     Scaling Factor                        :  0.10000E-02
     Average Value                         :  0.00100

     3D Maximum Value                      :  0.00100
     Reactor Location of 3D Maximum (X,Y,Z):  1  1  1
     Core    Location of 3D Maximum (X,Y,Z):  1  1  1

     3D Minimum Value                      :  0.00100
     Reactor Location of 3D minimum (X,Y,Z):  1  1  1
     Core    Location of 3D minimum (X,Y,Z):  1  1  1

     2D Maximum Value                      :  0.00100
     Reactor Location of 2D Maximum (X,Y)  :  1  1
     Core    Location of 2D Maximum (X,Y)  :  1  1

     2D Minimum Value                      :  0.00100
     Reactor Location of 2D minimum (X,Y)  :  1  1
     Core    Location of 2D minimum (X,Y)  :  1  1

     1D Maximum                            :  0.00100
     Reactor Location of the 1D Maximum (Z):        1
     Core    Location of the 1D Maximum (Z):        1

     1D Minimum                            :  0.00100
     Reactor Location of the 1D minimum (Z):        1
     Core    Location of the 1D minimum (Z):        1
!------------------------------------------------------------------------------!
            2D FEEDBACK DISTRIBUTION
!------------------------------------------------------------------------------!

     BORON CONCENTRATION, [ppm]                                                 

          1     2     3     4     5     6     7     8
      ----- ----- ----- ----- ----- ----- ----- -----
  1:  0.001 0.001 0.001 0.001 0.001 0.001 0.001 0.001
  2:  0.001 0.001 0.001 0.001 0.001 0.001 0.001 0.001
  3:  0.001 0.001 0.001 0.001 0.001 0.001 0.001
  4:  0.001 0.001 0.001 0.001 0.001 0.001 0.001
  5:  0.001 0.001 0.001 0.001 0.001 0.001
  6:  0.001 0.001 0.001 0.001 0.001
  7:  0.001 0.001 0.001 0.001
  8:  0.001 0.001


     COOLANT TEMPERATURE, [C]                                                   

          1     2     3     4     5     6     7     8
      ----- ----- ----- ----- ----- ----- ----- -----
  1:  0.001 0.001 0.001 0.001 0.001 0.001 0.001 0.001
  2:  0.001 0.001 0.001 0.001 0.001 0.001 0.001 0.001
  3:  0.001 0.001 0.001 0.001 0.001 0.001 0.001
  4:  0.001 0.001 0.001 0.001 0.001 0.001 0.001
  5:  0.001 0.001 0.001 0.001 0.001 0.001
  6:  0.001 0.001 0.001 0.001 0.001
  7:  0.001 0.001 0.001 0.001
  8:  0.001 0.001


     COOLANT DENSITY, [g/cm^3]                                                  

          1     2     3     4     5     6     7     8
      ----- ----- ----- ----- ----- ----- ----- -----
  1:  1.000 1.000 1.000 1.000 1.000 1.000 1.000 1.000
  2:  1.000 1.000 1.000 1.000 1.000 1.000 1.000 1.000
  3:  1.000 1.000 1.000 1.000 1.000 1.000 1.000
  4:  1.000 1.000 1.000 1.000 1.000 1.000 1.000
  5:  1.000 1.000 1.000 1.000 1.000 1.000
  6:  1.000 1.000 1.000 1.000 1.000
  7:  1.000 1.000 1.000 1.000
  8:  1.000 1.000


     DOPPLER FUEL TEMPERATURE, [K]                                              

          1     2     3     4     5     6     7     8
      ----- ----- ----- ----- ----- ----- ----- -----
  1:  0.001 0.001 0.001 0.001 0.001 0.001 0.001 0.001
  2:  0.001 0.001 0.001 0.001 0.001 0.001 0.001 0.001
  3:  0.001 0.001 0.001 0.001 0.001 0.001 0.001
  4:  0.001 0.001 0.001 0.001 0.001 0.001 0.001
  5:  0.001 0.001 0.001 0.001 0.001 0.001
  6:  0.001 0.001 0.001 0.001 0.001
  7:  0.001 0.001 0.001 0.001
  8:  0.001 0.001

!------------------------------------------------------------------------------!
     1D AXIAL FEEDBACK DISTRIBUTIONS

   N   Br CONC T  COOL RO COOL T  DPLR
   1:   0.0010  0.0010  1.0000  0.0010
!------------------------------------------------------------------------------!
 Number of Thermal-Hydraulics Calculations =       0
 Number of Nonlinear Iterations            =      10
 Number of Source Iteration per Nonlinear  =       6
 Number of SSOR iterations  per Outer      =       2
 n_inter =  2 e_inter =.10000E-07
 Convergence  of k_eff (actual, tolerance) =  0.95489E-06 0.10000E-04
 Convergence  of flux  (actual, tolerance) =  0.72284E-05 0.10000E-04
!------------------------------------------------------------------------------!
 SKETCH has used  0.3304752    seconds of CPU time
    This Include: 
       Internal  T/H Module       0.0000000E+00 s   0.0000000E+00 %
       Nodal Coefficient Update:  7.0100799E-02 s    21.21212     %
       CMFD Iterations            0.1001440     s    30.30303     %
       XS Updates                 5.0071999E-02 s    15.15151     %
 CHECKING SUM  0.3505040     seconds of CPU time
 This include user time, system time =   0.2403456      0.1101584    
!------------------------------------------------------------------------------!
