!==============================================================================!
!             PostProcessing of the SKETCH-N   Results                         !
!              Version 1.0 (c) Slava 2000 e-mail: na.vzimin@na-net.ornl.gov    !
!==============================================================================!

 Input  SKETCH   *.grf File : Output/SKETCH.grf
 Input  PostProc *.dat File : Input/PostProc_PWR_A1_KIN.dat
 Output PostProc *.dat File : Output/PostProc.lst
!==============================================================================!
!                                   SKETCH-N                                   !
!  Nodal Neutron Diffusion Code for Solving Steady-State and Kinetics Problems !
!              Version 1.0 (c) Slava 2000 e-mail: na.vzimin@na-net.ornl.gov    !
!      Date & Time of Calculation :  8 August   2000   1:35:23 pm              !
!==============================================================================!
!------------------------------------------------------------------------------!
!   3D NEACRP PWR Rod Ejection Benchmark, case A1                              !
!      (c) Slava March 1998 JAERI                                              !
!                                                                              !
!------------------------------------------------------------------------------!

Data Available in File_GRF :

  Steady-State Data :

     Scalar Data :

     Vector Data :

     Distributions :

  Transient Data :

     Scalar Data :
       1- Total Reactor Power, [MWt]
       2- Reactivity, [$]
       3- Time Step Size of the SKETCH code, [ms]
       4- Time Step Size proposed by the TRAC code, [ms]

     Vector Data :
       1- Control Rod Positions, [cm]; Dimension =      15

     Distributions :
       1- POWER, [Wt/cm^3]
       2- BORON CONCENTRATION, [ppm]
       3- COOLANT TEMPERATURE, [C]
       4- COOLANT DENSITY, [g/cm^3]
       5- DOPPLER FUEL TEMPERATURE, [K]
       6- FUEL CENTERLINE TEMPERATURE, [K]
       7- CLADDING INNER SURFACE TEMPERATURE, [K]
       8- FUEL ENTHALPY, [J/Kg]
Number of the Output Values vs Time =   6
TS  1
TS  2
TS  3
TD  5   0   0   0
TM  6   3
TL  6   3
Number of the Output Data in the Time Moment =   0
Number of the Steady-State Output Data =   0

Number of Time Steps in File_GRF :  288

Output in the Time Moments :
           0.00000E+00 0.10000E-01 0.15881E-01 0.21758E-01 0.24526E-01
           0.27219E-01 0.31790E-01 0.35780E-01 0.40377E-01 0.44143E-01
           0.47914E-01 0.51462E-01 0.54976E-01 0.58349E-01 0.61540E-01
           0.64497E-01 0.67475E-01 0.70027E-01 0.72637E-01 0.75359E-01
           0.77744E-01 0.80240E-01 0.82804E-01 0.85352E-01 0.87907E-01
           0.90463E-01 0.93121E-01 0.96133E-01 0.99225E-01 0.10263E+00
           0.10613E+00 0.10972E+00 0.11340E+00 0.11708E+00 0.12077E+00
           0.12455E+00 0.12834E+00 0.13214E+00 0.13600E+00 0.13980E+00
           0.14363E+00 0.14752E+00 0.15143E+00 0.15531E+00 0.15921E+00
           0.16309E+00 0.16702E+00 0.17102E+00 0.17499E+00 0.17896E+00
           0.18293E+00 0.18690E+00 0.19086E+00 0.19482E+00 0.19880E+00
           0.20277E+00 0.20678E+00 0.21076E+00 0.21474E+00 0.21869E+00
           0.22268E+00 0.22665E+00 0.23061E+00 0.23464E+00 0.23866E+00
           0.24269E+00 0.24666E+00 0.25068E+00 0.25464E+00 0.25863E+00
           0.26260E+00 0.26662E+00 0.27060E+00 0.27457E+00 0.27854E+00
           0.28253E+00 0.28651E+00 0.29049E+00 0.29449E+00 0.29849E+00
           0.30248E+00 0.30651E+00 0.31052E+00 0.31447E+00 0.31855E+00
           0.32261E+00 0.32661E+00 0.33063E+00 0.33465E+00 0.33868E+00
           0.34269E+00 0.34671E+00 0.35075E+00 0.35481E+00 0.35886E+00
           0.36286E+00 0.36691E+00 0.37089E+00 0.37490E+00 0.37899E+00
           0.38296E+00 0.38699E+00 0.39105E+00 0.39511E+00 0.39919E+00
           0.40323E+00 0.40736E+00 0.41142E+00 0.41547E+00 0.41952E+00
           0.42365E+00 0.42776E+00 0.43190E+00 0.43602E+00 0.44020E+00
           0.44436E+00 0.44860E+00 0.45285E+00 0.45710E+00 0.46137E+00
           0.46566E+00 0.47002E+00 0.47443E+00 0.47891E+00 0.48345E+00
           0.48797E+00 0.49258E+00 0.49731E+00 0.50203E+00 0.50679E+00
           0.51159E+00 0.51650E+00 0.52145E+00 0.52633E+00 0.53141E+00
           0.53636E+00 0.54123E+00 0.54619E+00 0.55112E+00 0.55603E+00
           0.56085E+00 0.56558E+00 0.57022E+00 0.57483E+00 0.57936E+00
           0.58385E+00 0.58830E+00 0.59268E+00 0.59702E+00 0.60136E+00
           0.60571E+00 0.61005E+00 0.61429E+00 0.61866E+00 0.62300E+00
           0.62743E+00 0.63188E+00 0.63630E+00 0.64078E+00 0.64533E+00
           0.64991E+00 0.65450E+00 0.65919E+00 0.66395E+00 0.66875E+00
           0.67369E+00 0.67873E+00 0.68379E+00 0.68890E+00 0.69417E+00
           0.69958E+00 0.70503E+00 0.71055E+00 0.71610E+00 0.72172E+00
           0.72750E+00 0.73328E+00 0.73917E+00 0.74518E+00 0.75126E+00
           0.75738E+00 0.76357E+00 0.76991E+00 0.77629E+00 0.78276E+00
           0.78927E+00 0.79590E+00 0.80266E+00 0.80952E+00 0.81644E+00
           0.82344E+00 0.83059E+00 0.83785E+00 0.84519E+00 0.85265E+00
           0.86035E+00 0.86817E+00 0.87618E+00 0.88423E+00 0.89248E+00
           0.90100E+00 0.90974E+00 0.91864E+00 0.92779E+00 0.93711E+00
           0.94655E+00 0.95635E+00 0.96640E+00 0.97680E+00 0.98747E+00
           0.99865E+00 0.10101E+01 0.10219E+01 0.10342E+01 0.10467E+01
           0.10597E+01 0.10734E+01 0.10878E+01 0.11027E+01 0.11180E+01
           0.11341E+01 0.11515E+01 0.11692E+01 0.11880E+01 0.12076E+01
           0.12287E+01 0.12509E+01 0.12743E+01 0.12985E+01 0.13238E+01
           0.13503E+01 0.13777E+01 0.14067E+01 0.14367E+01 0.14676E+01
           0.15000E+01 0.15334E+01 0.15677E+01 0.16035E+01 0.16404E+01
           0.16781E+01 0.17163E+01 0.17545E+01 0.17941E+01 0.18352E+01
           0.18774E+01 0.19196E+01 0.19623E+01 0.20057E+01 0.20498E+01
           0.20938E+01 0.21399E+01 0.21868E+01 0.22362E+01 0.22874E+01
           0.23395E+01 0.23950E+01 0.24504E+01 0.25083E+01 0.25663E+01
           0.26271E+01 0.26896E+01 0.27556E+01 0.28236E+01 0.28916E+01
           0.29619E+01 0.30322E+01 0.31078E+01 0.31867E+01 0.32655E+01
           0.33444E+01 0.34232E+01 0.35108E+01 0.35984E+01 0.36918E+01
           0.37853E+01 0.38787E+01 0.39722E+01 0.40749E+01 0.41777E+01
           0.42805E+01 0.43833E+01 0.44861E+01 0.45889E+01 0.46916E+01
           0.47944E+01 0.48972E+01 0.50000E+01
