!==============================================================================!
!             PostProcessing of the SKETCH-N   Results                         !
!              Version 1.0 (c) Slava 2000 e-mail: na.vzimin@na-net.ornl.gov    !
!==============================================================================!

 Input  SKETCH   *.grf File : Output/SKETCH.grf
 Input  PostProc *.dat File : Input/PP_PWR_A1_ST.dat
!==============================================================================!
!                                   SKETCH-N                                   !
!  Nodal Neutron Diffusion Code for Solving Steady-State and Kinetics Problems !
!              Version 1.0 (c) Slava 2000 e-mail: na.vzimin@na-net.ornl.gov    !
!      Date & Time of Calculation :  7 July     2001   5:11:02 pm              !
!==============================================================================!
!------------------------------------------------------------------------------!
!   3D NEACRP PWR Rod Ejection Benchmark, case A1                              !
!      (c) Slava March 1998 JAERI                                              !
!                                                                              !
!------------------------------------------------------------------------------!
Output of the data in time moment = 0.00000E+00
!------------------------------------------------------------------------------!
Total Reactor Power, [MWt]
Scaling Factor = 0.10000E+01
 0.001
!------------------------------------------------------------------------------!
POWER, [Wt/cm^3]                                                                
Scaling Factor = 0.97008E+04
!------------------------------------------------------------------------------!

 Distribution Summary:                                                          
     Scaling Factor                        :  0.97008E+04

     Average Value                         :  1.000

     3D Maximum Value                      :  2.876
     Reactor Location of 3D Maximum (X,Y,Z):  4  2  9
     Core    Location of 3D Maximum (X,Y,Z):  4  2  8

     3D Minimum Value                      :  0.058
     Reactor Location of 3D minimum (X,Y,Z):  7  3 17
     Core    Location of 3D minimum (X,Y,Z):  7  3 16

     2D Maximum Value                      :  1.911
     Reactor Location of 2D Maximum (X,Y)  :  2  4
     Core    Location of 2D Maximum (X,Y)  :  2  4

     2D Minimum Value                      :  0.382
     Reactor Location of 2D minimum (X,Y)  :  7  3
     Core    Location of 2D minimum (X,Y)  :  7  3

     1D Maximum Value                      :  1.503
     Reactor Location of the 1D Maximum (Z):        9
     Core    Location of the 1D Maximum (Z):        8

     1D Minimum Value                      :  0.140
     Reactor Location of the 1D minimum (Z):       17
     Core    Location of the 1D minimum (Z):       16
!------------------------------------------------------------------------------!

 2D Distribution     :                                                          

          1     2     3     4     5     6     7     8
      ----- ----- ----- ----- ----- ----- ----- -----
  1:  0.994 1.521 1.071 1.807 1.815 1.007 0.396 0.540
  2:  1.521 1.846 1.662 1.911 1.424 0.559 0.560 0.428
  3:  1.071 1.662 1.015 1.448 0.730 0.726 0.382
  4:  1.807 1.911 1.448 1.436 1.016 0.945 0.540
  5:  1.815 1.424 0.730 1.016 0.542 0.671
  6:  1.007 0.559 0.726 0.945 0.671
  7:  0.396 0.560 0.382 0.540
  8:  0.540 0.428
 
!------------------------------------------------------------------------------!
     1D Distribution

   2 0.198
   3 0.267
   4 0.421
   5 0.681
   6 0.992
   7 1.241
   8 1.415
   9 1.503
  10 1.498
  11 1.403
  12 1.221
  13 0.965
  14 0.650
  15 0.401
  16 0.245
  17 0.140
!------------------------------------------------------------------------------!
 3D Distribution     :                                                          

 CHAN     2     3     4     5     6     7     8     9    10    11    12    13    14    15    16    17
      ----- ----- ----- ----- ----- ----- ----- ----- ----- ----- ----- ----- ----- ----- ----- -----
   1: 0.260 0.276 0.421 0.676 0.983 1.231 1.403 1.490 1.485 1.391 1.211 0.957 0.645 0.398 0.244 0.149
   2: 0.324 0.412 0.643 1.037 1.507 1.887 2.151 2.284 2.278 2.132 1.856 1.467 0.989 0.611 0.374 0.219
   3: 0.273 0.294 0.452 0.729 1.061 1.328 1.514 1.607 1.603 1.500 1.306 1.033 0.696 0.429 0.263 0.159
   4: 0.354 0.476 0.758 1.230 1.792 2.243 2.558 2.716 2.708 2.535 2.207 1.745 1.175 0.724 0.442 0.251
   5: 0.289 0.468 0.761 1.237 1.802 2.256 2.572 2.732 2.724 2.550 2.220 1.755 1.182 0.728 0.443 0.241
   6: 0.199 0.269 0.425 0.686 0.999 1.251 1.426 1.514 1.510 1.413 1.230 0.973 0.655 0.404 0.247 0.142
   7: 0.101 0.110 0.168 0.270 0.392 0.491 0.560 0.594 0.592 0.555 0.483 0.382 0.257 0.159 0.098 0.059
   8: 0.087 0.140 0.227 0.369 0.536 0.671 0.765 0.812 0.810 0.758 0.660 0.522 0.352 0.217 0.133 0.073
   9: 0.324 0.412 0.643 1.037 1.507 1.887 2.151 2.284 2.278 2.132 1.856 1.467 0.989 0.611 0.374 0.219
  10: 0.313 0.487 0.780 1.259 1.832 2.293 2.614 2.776 2.768 2.591 2.256 1.783 1.202 0.742 0.454 0.252
  11: 0.334 0.445 0.700 1.132 1.647 2.062 2.351 2.496 2.489 2.330 2.029 1.604 1.081 0.667 0.408 0.235
  12: 0.312 0.497 0.803 1.303 1.897 2.375 2.708 2.876 2.868 2.684 2.337 1.847 1.244 0.767 0.468 0.256
  13: 0.277 0.377 0.598 0.970 1.413 1.768 2.016 2.141 2.135 1.999 1.740 1.375 0.927 0.571 0.349 0.199
  14: 0.146 0.155 0.236 0.380 0.553 0.692 0.789 0.838 0.836 0.782 0.681 0.538 0.363 0.224 0.137 0.084
  15: 0.121 0.154 0.238 0.382 0.555 0.694 0.792 0.841 0.838 0.785 0.683 0.540 0.364 0.225 0.138 0.081
  16: 0.069 0.111 0.180 0.292 0.425 0.531 0.606 0.643 0.641 0.601 0.523 0.413 0.279 0.172 0.105 0.058
  17: 0.273 0.294 0.452 0.729 1.061 1.328 1.514 1.607 1.603 1.500 1.306 1.033 0.696 0.429 0.263 0.159
  18: 0.334 0.445 0.700 1.132 1.647 2.062 2.351 2.496 2.489 2.330 2.029 1.604 1.081 0.667 0.408 0.235
  19: 0.256 0.278 0.428 0.691 1.005 1.258 1.434 1.523 1.519 1.422 1.238 0.978 0.659 0.407 0.249 0.150
  20: 0.289 0.386 0.610 0.987 1.436 1.798 2.050 2.176 2.170 2.032 1.769 1.398 0.942 0.581 0.355 0.204
  21: 0.187 0.201 0.308 0.497 0.723 0.905 1.032 1.096 1.093 1.023 0.890 0.704 0.474 0.293 0.179 0.109
  22: 0.158 0.199 0.308 0.495 0.719 0.900 1.026 1.089 1.086 1.017 0.885 0.700 0.472 0.291 0.179 0.105
  23: 0.097 0.106 0.162 0.260 0.378 0.473 0.540 0.573 0.572 0.535 0.466 0.368 0.248 0.153 0.094 0.058
  24: 0.354 0.476 0.758 1.230 1.792 2.243 2.558 2.716 2.708 2.535 2.207 1.745 1.175 0.724 0.442 0.251
  25: 0.312 0.497 0.803 1.303 1.897 2.375 2.708 2.876 2.868 2.684 2.337 1.847 1.244 0.767 0.468 0.256
  26: 0.289 0.386 0.610 0.987 1.436 1.798 2.050 2.176 2.170 2.032 1.769 1.398 0.942 0.581 0.355 0.204
  27: 0.239 0.376 0.605 0.979 1.425 1.784 2.034 2.159 2.153 2.016 1.755 1.387 0.935 0.576 0.352 0.194
  28: 0.205 0.272 0.429 0.693 1.008 1.261 1.438 1.527 1.523 1.425 1.241 0.981 0.661 0.408 0.249 0.143
  29: 0.173 0.250 0.399 0.645 0.938 1.174 1.338 1.421 1.417 1.326 1.155 0.913 0.615 0.380 0.232 0.130
  30: 0.089 0.141 0.228 0.369 0.536 0.671 0.766 0.813 0.811 0.759 0.661 0.522 0.352 0.217 0.133 0.074
  31: 0.289 0.468 0.761 1.237 1.802 2.256 2.572 2.732 2.724 2.550 2.220 1.755 1.182 0.728 0.443 0.241
  32: 0.277 0.377 0.598 0.970 1.413 1.768 2.016 2.141 2.135 1.999 1.740 1.375 0.927 0.571 0.349 0.199
  33: 0.187 0.201 0.308 0.497 0.723 0.905 1.032 1.096 1.093 1.023 0.890 0.704 0.474 0.293 0.179 0.109
  34: 0.205 0.272 0.429 0.693 1.008 1.261 1.438 1.527 1.523 1.425 1.241 0.981 0.661 0.408 0.249 0.143
  35: 0.132 0.147 0.228 0.369 0.537 0.672 0.766 0.814 0.811 0.760 0.661 0.523 0.352 0.217 0.133 0.079
  36: 0.111 0.174 0.282 0.457 0.666 0.833 0.950 1.009 1.006 0.942 0.820 0.648 0.437 0.270 0.165 0.092
  37: 0.199 0.269 0.425 0.686 0.999 1.251 1.426 1.514 1.510 1.413 1.230 0.973 0.655 0.404 0.247 0.142
  38: 0.146 0.155 0.236 0.380 0.553 0.692 0.789 0.838 0.836 0.782 0.681 0.538 0.363 0.224 0.137 0.084
  39: 0.158 0.199 0.308 0.495 0.719 0.900 1.026 1.089 1.086 1.017 0.885 0.700 0.472 0.291 0.179 0.105
  40: 0.173 0.250 0.399 0.645 0.938 1.174 1.338 1.421 1.417 1.326 1.155 0.913 0.615 0.380 0.232 0.130
  41: 0.111 0.174 0.282 0.457 0.666 0.833 0.950 1.009 1.006 0.942 0.820 0.648 0.437 0.270 0.165 0.092
  42: 0.101 0.110 0.168 0.270 0.392 0.491 0.560 0.594 0.592 0.555 0.483 0.382 0.257 0.159 0.098 0.059
  43: 0.121 0.154 0.238 0.382 0.555 0.694 0.792 0.841 0.838 0.785 0.683 0.540 0.364 0.225 0.138 0.081
  44: 0.097 0.106 0.162 0.260 0.378 0.473 0.540 0.573 0.572 0.535 0.466 0.368 0.248 0.153 0.094 0.058
  45: 0.089 0.141 0.228 0.369 0.536 0.671 0.766 0.813 0.811 0.759 0.661 0.522 0.352 0.217 0.133 0.074
  46: 0.087 0.140 0.227 0.369 0.536 0.671 0.765 0.812 0.810 0.758 0.660 0.522 0.352 0.217 0.133 0.073
  47: 0.069 0.111 0.180 0.292 0.425 0.531 0.606 0.643 0.641 0.601 0.523 0.413 0.279 0.172 0.105 0.058
