
    0.000    0.001    0.000    5.000  559.152  559.152    4    1    7
    0.010    0.001    0.009    7.426  559.152  559.152    4    1    7
    0.016    0.001    0.032    2.939  559.152  559.152    4    1    7
    0.022    0.001    0.076    3.212  559.152  559.152    4    1    7
    0.025    0.001    0.111    1.347  559.152  559.152    4    1    7
    0.027    0.001    0.146    2.285  559.152  559.152    4    1    7
    0.032    0.001    0.220    1.995  559.152  559.152    4    1    7
    0.036    0.001    0.297    2.298  559.152  559.152    4    1    7
    0.040    0.001    0.394    1.883  559.152  559.152    4    1    7
    0.044    0.001    0.478    1.886  559.152  559.152    4    1    7
    0.048    0.001    0.559    1.774  559.152  559.152    4    1    7
    0.051    0.001    0.635    1.757  559.152  559.152    4    1    7
    0.055    0.002    0.701    1.687  559.152  559.152    4    1    7
    0.058    0.002    0.766    1.595  559.151  559.152    4    1    7
    0.062    0.002    0.813    1.479  559.151  559.152    4    1    7
    0.064    0.002    0.856    1.489  559.152  559.152    4    1    7
    0.067    0.003    0.896    1.276  559.150  559.152    4    1    7
    0.070    0.003    0.924    1.305  559.151  559.152    4    1    7
    0.073    0.003    0.951    1.361  559.151  559.152    4    1    7
    0.075    0.004    0.977    1.192  559.151  559.152    4    1    7
    0.078    0.004    0.995    1.248  559.151  559.152    4    1    7
    0.080    0.005    1.012    1.282  559.151  559.152    4    1    7
    0.083    0.005    1.028    1.274  559.151  559.152    4    1    7
    0.085    0.006    1.038    1.278  559.151  559.152    4    1    7
    0.088    0.007    1.048    1.278  559.151  559.152    4    1    7
    0.090    0.008    1.058    1.329  559.151  559.152    4    1    7
    0.093    0.009    1.063    1.506  559.151  559.152    4    1    7
    0.096    0.010    1.067    1.546  559.151  559.152    4    1    7
    0.099    0.011    1.069    1.704  559.151  559.153    4    1    7
    0.103    0.013    1.070    1.748  559.151  559.153    4    1    7
    0.106    0.015    1.071    1.794  559.152  559.153    4    1    7
    0.110    0.017    1.071    1.843  559.151  559.153    4    1    7
    0.113    0.019    1.072    1.841  559.151  559.153    4    1    7
    0.117    0.022    1.072    1.843  559.151  559.153    4    1    7
    0.121    0.025    1.073    1.888  559.151  559.153    4    1    7
    0.125    0.028    1.073    1.899  559.151  559.153    4    1    7
    0.128    0.032    1.073    1.899  559.151  559.153    4    1    7
    0.132    0.036    1.073    1.932  559.151  559.153    4    1    7
    0.136    0.040    1.074    1.897  559.151  559.153    4    1    7
    0.140    0.045    1.074    1.918  559.151  559.153    1    1    7
    0.144    0.051    1.074    1.943  559.151  559.153    1    1    7
    0.148    0.057    1.074    1.955  559.151  559.153    1    1    7
    0.151    0.065    1.074    1.943  559.152  559.153    1    1    7
    0.155    0.072    1.074    1.946  559.152  559.153    1    1    7
    0.159    0.081    1.075    1.944  559.152  559.154    1    1    7
    0.163    0.091    1.075    1.963  559.152  559.154    1    1    7
    0.167    0.102    1.075    1.999  559.152  559.154    1    1    7
    0.171    0.114    1.075    1.986  559.152  559.155    1    1    7
    0.175    0.128    1.075    1.987  559.152  559.155    1    1    7
    0.179    0.144    1.075    1.986  559.152  559.155    1    1    7
    0.183    0.161    1.075    1.981  559.152  559.156    1    1    9
    0.187    0.180    1.075    1.982  559.152  559.157    1    1    9
    0.191    0.202    1.075    1.981  559.152  559.157    1    1    9
    0.195    0.225    1.075    1.989  559.153  559.158    1    1    9
    0.199    0.252    1.075    1.986  559.153  559.159    1    1    9
    0.203    0.282    1.075    2.004  559.153  559.160    1    1    9
    0.207    0.316    1.075    1.989  559.153  559.161    1    1    9
    0.211    0.354    1.075    1.992  559.153  559.162    1    1    9
    0.215    0.396    1.075    1.972  559.154  559.164    1    1    9
    0.219    0.442    1.075    1.999  559.154  559.165    1    1    9
    0.223    0.494    1.075    1.984  559.154  559.167    1    1    9
    0.227    0.553    1.075    1.979  559.154  559.169    1    1    9
    0.231    0.618    1.075    2.018  559.155  559.171    1    1    9
    0.235    0.692    1.075    2.009  559.155  559.174    1    1   10
    0.239    0.774    1.075    2.012  559.155  559.177    1    1   10
    0.243    0.866    1.075    1.987  559.156  559.180    1    1   10
    0.247    0.968    1.075    2.009  559.156  559.183    1    1   10
    0.251    1.084    1.075    1.982  559.157  559.187    1    1   10
    0.255    1.211    1.075    1.996  559.157  559.191    1    1   10
    0.259    1.353    1.075    1.981  559.158  559.196    1    1   10
    0.263    1.512    1.075    2.014  559.159  559.202    1    1   10
    0.267    1.692    1.075    1.987  559.159  559.208    1    1   10
    0.271    1.890    1.075    1.985  559.160  559.214    1    1   10
    0.275    2.112    1.075    1.984  559.161  559.222    1    1    9
    0.279    2.359    1.075    1.997  559.162  559.230    1    1    9
    0.283    2.637    1.075    1.987  559.163  559.240    1    1    9
    0.287    2.946    1.075    1.992  559.165  559.250    1    1    9
    0.290    3.293    1.075    2.002  559.167  559.262    1    1    9
    0.294    3.682    1.075    1.996  559.168  559.276    1    1    9
    0.298    4.115    1.075    1.997  559.171  559.290    1    1    9
    0.302    4.599    1.075    2.014  559.173  559.307    1    1    9
    0.307    5.145    1.075    2.007  559.176  559.326    1    1    9
    0.311    5.754    1.075    1.972  559.179  559.346    1    1    9
    0.314    6.421    1.075    2.041  559.183  559.369    1    1    9
    0.319    7.193    1.075    2.028  559.187  559.396    1    1    9
    0.323    8.052    1.075    2.004  559.192  559.425    1    1    9
    0.327    9.001    1.075    2.007  559.197  559.458    1    1    9
    0.331   10.063    1.075    2.009  559.202  559.494    1    1    9
    0.335   11.249    1.075    2.018  559.208  559.535    1    1    9
    0.339   12.581    1.075    2.002  559.215  559.580    1    1    9
    0.343   14.057    1.074    2.013  559.223  559.631    1    1    9
    0.347   15.714    1.074    2.018  559.231  559.688    1    1    9
    0.351   17.569    1.074    2.032  559.241  559.752    1    1    9
    0.355   19.656    1.074    2.025  559.252  559.824    1    1    9
    0.359   21.978    1.074    2.000  559.264  559.904    1    1    9
    0.363   24.538    1.074    2.021  559.278  559.993    1    1    9
    0.367   27.421    1.074    1.992  559.293  560.092    1    1    9
    0.371   30.586    1.074    2.004  559.310  560.202    1    1    9
    0.375   34.133    1.073    2.045  559.328  560.325    1    1    9
    0.379   38.166    1.073    1.988  559.349  560.466    1    1    9
    0.383   42.531    1.073    2.014  559.373  560.618    1    1    9
    0.387   47.447    1.073    2.030  559.399  560.791    1    1    9
    0.391   52.960    1.072    2.029  559.428  560.984    1    1    9
    0.395   59.082    1.072    2.038  559.461  561.200    1    1    9
    0.399   65.913    1.071    2.023  559.498  561.442    1    1    9
    0.403   73.446    1.071    2.061  559.539  561.709    1    1    9
    0.407   81.958    1.070    2.034  559.584  562.013    1    1    9
    0.411   91.262    1.070    2.023  559.635  562.347    1    1    9
    0.415  101.488    1.069    2.025  559.691  562.717    1    1    9
    0.420  112.787    1.069    2.067  559.754  563.128    1    1    9
    0.424  125.512    1.068    2.052  559.825  563.594    1    1    9
    0.428  139.428    1.067    2.069  559.903  564.109    1    1    9
    0.432  154.838    1.066    2.063  559.990  564.685    1    1    9
    0.436  171.699    1.065    2.088  560.087  565.322    1    1    9
    0.440  190.369    1.064    2.080  560.195  566.037    1    1    9
    0.444  210.668    1.062    2.123  560.315  566.824    1    1    9
    0.449  233.219    1.061    2.125  560.449  567.714    1    1    9
    0.453  257.710    1.059    2.121  560.598  568.697    1    1    9
    0.457  284.112    1.057    2.139  560.762  569.779    1    1    9
    0.461  312.741    1.055    2.145  560.943  570.980    1    1    9
    0.466  343.455    1.053    2.178  561.143  572.301    1    1    9
    0.470  376.643    1.050    2.203  561.365  573.773    1    1    9
    0.474  412.125    1.048    2.243  561.610  575.400    1    1    9
    0.479  450.041    1.045    2.267  561.883  577.208    1    1    9
    0.483  489.923    1.041    2.263  562.182  579.197    1    1    9
    0.488  530.867    1.037    2.307  562.505  581.347    1    1    9
    0.493  573.358    1.033    2.362  562.860  583.713    1    1    9
    0.497  617.027    1.029    2.360  563.250  586.318    1    1    9
    0.502  660.067    1.024    2.380  563.665  589.101    1    1    9
    0.507  702.060    1.019    2.403  564.110  592.085    1    1    9
    0.512  742.246    1.013    2.453  564.582  595.268    1    1    9
    0.516  779.956    1.007    2.474  565.087  598.680    1    1    9
    0.521  813.677    1.001    2.439  565.616  602.269    1    1    9
    0.526  841.884    0.994    2.542  566.152  605.928    1    1    9
    0.531  865.234    0.988    2.474  566.724  609.844    1    1    9
    0.536  881.418    0.981    2.436  567.287  613.726    1    1    9
    0.541  890.820    0.973    2.480  567.843  617.586    1    1    9
    0.546  893.806    0.966    2.463  568.406  621.525    1    1    9
    0.551  890.285    0.959    2.455  568.959  625.419    1    1    9
    0.556  880.731    0.952    2.413  569.499  629.255    1    1    9
    0.561  866.018    0.945    2.361  570.014  632.957    1    1    9
    0.566  847.141    0.938    2.319  570.503  636.498    1    1    9
    0.570  825.012    0.931    2.307  570.964  639.880    1    1    9
    0.575  800.262    0.925    2.265  571.403  643.140    1    1    9
    0.579  773.892    0.919    2.246  571.815  646.230    1    1    9
    0.584  746.415    0.912    2.224  572.203  649.181    1    1    9
    0.588  718.466    0.907    2.188  572.568  651.989    1    1    9
    0.593  690.678    0.901    2.173  572.908  654.642    1    1    9
    0.597  663.291    0.895    2.167  573.227  657.167    1    1    9
    0.601  636.537    0.890    2.178  573.528  659.580    1    1    9
    0.606  610.437    0.885    2.171  573.813  661.901    1    1    9
    0.610  585.446    0.880    2.119  574.082  664.117    1    1    9
    0.614  562.158    0.875    2.184  574.330  666.190    1    1    9
    0.619  539.462    0.870    2.169  574.571  668.237    1    1    9
    0.623  518.284    0.865    2.217  574.797  670.187    1    1    9
    0.627  498.070    0.861    2.226  575.017  672.100    1    1    9
    0.632  479.153    0.856    2.208  575.225  673.944    1    1    9
    0.636  461.742    0.851    2.238  575.421  675.704    1    1    9
    0.641  445.445    0.847    2.278  575.609  677.421    1    1    9
    0.645  430.144    0.842    2.290  575.792  679.106    1    1    9
    0.650  415.980    0.837    2.297  575.967  680.741    1    1    9
    0.655  402.947    0.833    2.341  576.136  682.327    1    1    9
    0.659  390.765    0.828    2.380  576.300  683.893    1    1    9
    0.664  379.383    0.824    2.404  576.460  685.436    1    1    9
    0.669  368.828    0.819    2.467  576.614  686.948    1    1    9
    0.674  358.930    0.815    2.521  576.767  688.455    1    1    9
    0.679  349.597    0.810    2.533  576.918  689.954    1    1    9
    0.684  340.940    0.805    2.554  577.064  691.420    1    1    9
    0.689  332.900    0.801    2.635  577.207  692.861    1    1    9
    0.694  325.249    0.796    2.701  577.349  694.311    1    1    9
    0.700  317.964    0.791    2.725  577.490  695.763    1    1    9
    0.705  311.124    0.787    2.760  577.628  697.193    1    1    9
    0.711  304.646    0.782    2.775  577.764  698.610    1    1    9
    0.716  298.547    0.777    2.811  577.897  700.004    1    1    9
    0.722  292.778    0.772    2.891  578.027  701.386    1    1    9
    0.727  287.187    0.768    2.891  578.157  702.779    1    1    9
    0.733  281.896    0.763    2.943  578.285  704.144    1    1    9
    0.739  276.822    0.758    3.009  578.412  705.506    1    1    9
    0.745  271.922    0.753    3.039  578.538  706.873    1    1    9
    0.751  267.219    0.749    3.061  578.663  708.228    1    1    9
    0.757  262.719    0.744    3.092  578.785  709.567    1    1    9
    0.764  258.414    0.739    3.171  578.905  710.896    1    1    9
    0.770  254.232    0.734    3.190  579.026  712.235    1    1    9
    0.776  250.193    0.730    3.234  579.145  713.559    1    1    9
    0.783  246.311    0.725    3.254  579.263  714.879    1    1    9
    0.789  242.586    0.720    3.316  579.380  716.185    1    1    9
    0.796  238.971    0.716    3.380  579.496  717.493    1    1    9
    0.803  235.472    0.711    3.429  579.612  718.806    1    1    9
    0.810  232.066    0.706    3.463  579.727  720.117    1    1    9
    0.816  228.796    0.702    3.498  579.841  721.420    1    1    9
    0.823  225.657    0.697    3.576  579.954  722.717    1    1    9
    0.831  222.581    0.693    3.632  580.068  724.022    1    1    9
    0.838  219.590    0.688    3.670  580.181  725.329    1    1    9
    0.845  216.718    0.684    3.730  580.293  726.629    1    1    9
    0.853  213.943    0.679    3.847  580.405  727.933    1    1    9
    0.860  211.230    0.675    3.913  580.519  729.258    1    1    9
    0.868  208.593    0.670    4.004  580.632  730.586    1    1    9
    0.876  206.020    0.666    4.027  580.747  731.927    1    1    9
    0.884  203.557    0.661    4.124  580.860  733.258    1    1    9
    0.892  201.157    0.657    4.261  580.974  734.602    1    1    9
    0.901  198.803    0.653    4.370  581.090  735.972    1    1    9
    0.910  196.507    0.648    4.446  581.206  737.359    1    1    9
    0.919  194.297    0.644    4.576  581.323  738.751    1    1    9
    0.928  192.122    0.640    4.659  581.441  740.165    1    1    9
    0.937  190.032    0.636    4.724  581.560  741.586    1    1    9
    0.947  188.027    0.632    4.895  581.679  743.009    1    1    9
    0.956  186.061    0.628    5.029  581.800  744.465    1    1    9
    0.966  184.141    0.623    5.198  581.923  745.942    1    1    9
    0.977  182.279    0.619    5.336  582.048  747.450    1    1    9
    0.987  180.492    0.615    5.588  582.174  748.978    1    1    9
    0.999  178.719    0.611    5.716  582.304  750.559    1    1    9
    1.010  177.014    0.608    5.885  582.436  752.156    1    1    9
    1.022  175.365    0.604    6.158  582.569  753.780    1    1    9
    1.034  173.734    0.600    6.275  582.706  755.457    1    1    9
    1.047  172.187    0.596    6.481  582.844  757.146    1    1    9
    1.060  170.702    0.592    6.865  582.985  758.869    1    1    9
    1.073  169.251    0.589    7.218  583.131  760.670    1    1    9
    1.088  167.806    0.585    7.409  583.283  762.541    1    1    9
    1.103  166.417    0.582    7.672  583.435  764.436    1    1    9
    1.118  165.107    0.578    8.054  583.592  766.373    1    1    9
    1.134  163.842    0.575    8.668  583.753  768.380    1    1    9
    1.151  162.570    0.571    8.868  583.925  770.511    1    1    9
    1.169  161.376    0.568    9.389  584.097  772.661    1    1    9
    1.188  160.215    0.564    9.825  584.276  774.905    1    1    9
    1.208  159.094    0.561   10.534  584.460  777.220    1    1    9
    1.229  158.003    0.558   11.092  584.653  779.665    1    1    9
    1.251  156.934    0.554   11.716  584.854  782.198    1    1    9
    1.274  155.893    0.551   12.096  585.060  784.831    1    1    9
    1.298  154.910    0.547   12.676  585.270  787.504    1    1    9
    1.324  153.970    0.544   13.224  585.485  790.256    1    1    9
    1.350  153.054    0.541   13.721  585.705  793.076    1    1    9
    1.378  152.200    0.538   14.489  585.927  795.949    1    1    9
    1.407  151.345    0.534   14.972  586.156  798.924    1    1    9
    1.437  150.534    0.531   15.493  586.388  801.937    1    1    9
    1.468  149.750    0.528   16.203  586.622  804.992    1    1    9
    1.500  148.991    0.524   16.666  586.861  808.118    1    1    9
    1.533  148.250    0.521   17.161  587.101  811.263    1    1    9
    1.568  147.541    0.518   17.877  587.341  814.428    1    1    9
    1.603  146.854    0.514   18.459  587.586  817.648    1    1    9
    1.640  146.164    0.511   18.874  587.831  820.893    1    1    9
    1.678  145.503    0.507   19.091  588.076  824.129    1    1    9
    1.716  144.873    0.504   19.091  588.316  827.320    1    1    9
    1.754  144.270    0.500   19.790  588.550  830.430    1    1    9
    1.794  143.703    0.497   20.551  588.786  833.573    1    1    9
    1.835  143.126    0.493   21.099  589.025  836.750    1    1    9
    1.877  142.576    0.490   21.099  589.263  839.923    1    1    9
    1.920  142.048    0.486   21.392  589.495  843.010    1    1    9
    1.962  141.549    0.483   21.698  589.723  846.055    1    1    9
    2.006  141.069    0.479   22.017  589.948  849.058    1    1    9
    2.050  140.599    0.476   22.017  590.170  852.022    1    1    9
    2.094  140.170    0.473   23.065  590.387  854.903    1    1    9
    2.140  139.746    0.469   23.443  590.607  857.837    1    1    9
    2.187  139.364    0.466   24.677  590.824  860.734    1    1    9
    2.236  138.987    0.463   25.591  591.047  863.694    1    1    9
    2.287  138.615    0.459   26.083  591.271  866.672    1    1    9
    2.340  138.247    0.456   27.713  591.491  869.614    1    1    9
    2.395  137.915    0.452   27.713  591.719  872.642    1    1    9
    2.450  137.584    0.448   28.973  591.940  875.573    1    1    9
    2.508  137.295    0.445   28.973  592.164  878.540    1    1    9
    2.566  137.014    0.441   30.422  592.381  881.411    1    1    9
    2.627  136.752    0.438   31.222  592.601  884.328    1    1    9
    2.690  136.516    0.434   33.006  592.820  887.223    1    1    9
    2.756  136.308    0.431   34.006  593.045  890.180    1    1    9
    2.824  136.091    0.427   34.006  593.268  893.122    1    1    9
    2.892  135.919    0.423   35.140  593.484  895.964    1    1    9
    2.962  135.749    0.420   35.140  593.700  898.800    1    1    9
    3.032  135.612    0.416   37.843  593.910  901.541    1    1    9
    3.108  135.519    0.413   39.420  594.127  904.391    1    1    9
    3.187  135.412    0.409   39.420  594.347  907.255    1    1    9
    3.266  135.333    0.406   39.420  594.559  910.019    1    1    9
    3.344  135.269    0.402   39.420  594.765  912.688    1    1    9
    3.423  135.229    0.399   43.800  594.963  915.269    1    1    9
    3.511  135.229    0.395   43.800  595.177  918.037    1    1    9
    3.598  135.238    0.392   46.720  595.384  920.710    1    1    9
    3.692  135.272    0.388   46.720  595.599  923.461    1    1    9
    3.785  135.299    0.384   46.720  595.805  926.117    1    1    9
    3.879  135.358    0.381   46.720  596.005  928.682    1    1    9
    3.972  135.425    0.378   51.392  596.200  931.164    1    1    9
    4.075  135.552    0.374   51.392  596.407  933.803    1    1    9
    4.178  135.653    0.371   51.392  596.608  936.353    1    1    9
    4.281  135.768    0.367   51.392  596.802  938.820    1    1    9
    4.383  135.888    0.364   51.392  596.991  941.208    1    1    9
    4.486  136.028    0.360   51.392  597.174  943.523    1    1    9
    4.589  136.170    0.357   51.392  597.353  945.769    1    1    9
    4.692  136.315    0.354   51.392  597.526  947.949    1    1    9
    4.794  136.469    0.351   51.392  597.695  950.069    1    1    9
    4.897  136.639    0.348   51.392  597.860  952.131    1    1    9
    5.000  136.816    0.345   63.653  598.021  954.138    1    1    9
